   851.75000000000000       0.15307629608367163        3.1654542452868851E-004
   853.50000000000000       0.16516489589421887        3.3191886990612137E-004
   855.25000000000000       0.17995354560392934        3.4925979208441703E-004
   857.00000000000000       0.18053531600991191        3.5100079832136823E-004
   858.75000000000000       0.19607960499209495        3.6867440925207736E-004
   860.50000000000000       0.21372551132812789        3.8813390897102771E-004
   862.25000000000000       0.23144345602661592        4.0756750809789867E-004
   864.00000000000000       0.23315863251717775        4.0982122442793706E-004
   865.75000000000000       0.25376921270328234        4.3057342056853666E-004
   867.50000000000000       0.27657673210447525        4.5295257688968442E-004
   869.25000000000000       0.30107025660458175        4.7625469346386046E-004
   871.00000000000000       0.30317252720144539        4.7902166664648052E-004
   872.75000000000000       0.33057276378057038        5.0379570494674358E-004
   874.50000000000000       0.36251401384948462        5.3035341449592425E-004
   876.25000000000000       0.39739779203018571        5.5832392091309210E-004
   878.00000000000000       0.39920364279688403        5.6143705784583850E-004
   879.75000000000000       0.43634900257247522        5.8996640416390735E-004
   881.50000000000000       0.47753831731719687        6.1955884795603284E-004
   883.25000000000000       0.52402076541625853        6.5215069564925727E-004
   885.00000000000000       0.52764030579508936        6.5545396802020454E-004
   886.75000000000000       0.57971384531769121        6.8915480544522699E-004
   888.50000000000000       0.63702480167839337        7.2368996842971751E-004
   890.25000000000000       0.70090983337862511        7.6046700443105971E-004
   892.00000000000000       0.70383131664295906        7.6441784692729672E-004
   893.75000000000000       0.77391228584854110        8.0223480649187825E-004
   895.50000000000000       0.85119305265074574        8.4136065971813535E-004
   897.25000000000000       0.93699495426421153        8.8231950173447982E-004
   899.00000000000000        1.0298492557291505        9.2477195896786151E-004
   900.75000000000000        1.0359637919091207        9.3037543747225286E-004
   902.50000000000000        1.1391776425075089        9.7451115045540644E-004
   904.25000000000000        1.2538308353353875        1.0229191229371235E-003
   906.00000000000000        1.3714362935185171        1.0743816370436630E-003
   907.75000000000000        1.3822542397535420        1.0796347961087760E-003
   909.50000000000000        1.5110824838807817        1.1342467387077432E-003
   911.25000000000000        1.6460114811174547        1.1969158792875217E-003
   913.00000000000000        1.7949037514981658        1.2715546926681564E-003
   914.75000000000000        1.9440753543531717        1.3570971145402198E-003
   916.50000000000000        1.9516627489786422        1.3645552355542158E-003
   918.25000000000000        2.1030087671669260        1.4701144475824204E-003
   920.00000000000000        2.2548399233331478        1.5994389423138382E-003
   921.75000000000000        2.3990936990931266        1.7562856001815019E-003
   923.50000000000000        2.5310324129367157        1.9442504328919851E-003
   925.25000000000000        2.5405894317766369        1.9499309501240451E-003
   927.00000000000000        2.6585677401044299        2.1661042662352121E-003
   928.75000000000000        2.7434557287983283        2.4045123159166298E-003
   930.50000000000000        2.8081888754726232        2.6776050985360860E-003
   932.25000000000000        2.8412023713692882        2.9948165809483927E-003
   934.00000000000000        2.8571267888245617        3.0056771982781439E-003
   935.75000000000000        2.8565874544866503        2.7220833427765707E-003
   937.50000000000000        2.8225107148701203        2.4823266873349082E-003
   939.25000000000000        2.7565057818664580        2.2430908909641389E-003
   941.00000000000000        2.6676769835610452        2.0476203481604033E-003
   942.75000000000000        2.6830631741711701        2.0625838028651682E-003
   944.50000000000000        2.5747908677605942        1.8864248619680833E-003
   946.25000000000000        2.4474054606871074        1.7372292976185531E-003
   948.00000000000000        2.3087260015304087        1.6134377491270461E-003
   949.75000000000000        2.1673192575223394        1.5154708385534321E-003
   951.50000000000000        2.0199625989512451        1.4314545388803761E-003
   953.25000000000000        2.0319558336057870        1.4396131794034630E-003
   955.00000000000000        1.8875652912533489        1.3717067919657338E-003
   956.75000000000000        1.7496532606053889        1.3134444082518275E-003
   958.50000000000000        1.6156205814512017        1.2620177788764426E-003
   960.25000000000000        1.4891596749814617        1.2164015695607440E-003
   962.00000000000000        1.3710379124503849        1.1714332827346100E-003
   963.75000000000000        1.3782884126024291        1.1790242289986457E-003
   965.50000000000000        1.2672714920644534        1.1378721385574416E-003
   967.25000000000000        1.1622069739085912        1.0959771352874832E-003
   969.00000000000000        1.0685568360501292        1.0563175912380804E-003
   970.75000000000000       0.98223538822959755        1.0181045354065131E-003
   972.50000000000000       0.90510006950629607        9.8134956818616268E-004
   974.25000000000000       0.83192171211746202        9.4479546050167662E-004
   976.00000000000000       0.83683996342747535        9.4980368939216362E-004
   977.75000000000000       0.76677921834678398        9.1291245311203259E-004
   979.50000000000000       0.70662268745766721        8.7847489032641998E-004
   981.25000000000000       0.65194140599607420        8.4403249066926703E-004
   983.00000000000000       0.60171965695077245        8.1221107588499378E-004
   984.75000000000000       0.55427386069088613        7.8006122862042183E-004
   986.50000000000000       0.51195213855157895        7.5000078908209265E-004
   988.25000000000000       0.51711834676504842        7.5492415362702671E-004
   990.00000000000000       0.47581478585481868        7.2438533263460164E-004
   991.75000000000000       0.44021817092453103        6.9571783689478079E-004
   993.50000000000000       0.40844781042393224        6.6907043186477020E-004
   995.25000000000000       0.37800340112012493        6.4274100562886549E-004
   997.00000000000000       0.35134853081449852        6.1780374532477737E-004
   998.75000000000000       0.32691051893442491        5.9455882456679833E-004
   1000.5000000000000       0.30252009095001070        5.7036950120869384E-004
   1002.2500000000000       0.28347622821927526        5.5018907332469676E-004
   1004.0000000000000       0.28468951937550180        5.5293121279841680E-004
   1005.7500000000000       0.26508525282335538        5.3174842436065303E-004
   1007.5000000000000       0.24659492595792207        5.1132251048519083E-004
   1009.2500000000000       0.23101703377577662        4.9264613842381929E-004
   1011.0000000000000       0.21536947770669085        4.7416884518626572E-004
   1012.7500000000000       0.20167681145397734        4.5710569693477196E-004
   1014.5000000000000       0.18904102284121388        4.4039815830290967E-004
   1016.2500000000000       0.17640188065828363        4.2399417142434859E-004
   1018.0000000000000       0.16499762437936924        4.0847966697879853E-004
   1019.7500000000000       0.15588489606380476        3.9489838464585268E-004
   1021.5000000000000       0.14617030918543811        3.8093263829106730E-004
   1023.2500000000000       0.13657209811384524        3.6662510181264776E-004
   1025.0000000000000       0.12898842545527919        3.5447203805130060E-004
   1026.7500000000000       0.12937275292455272        3.5563659174746526E-004
   1028.5000000000000       0.12181253405725352        3.4362089766402481E-004
   1030.2500000000000       0.11511129485807674        3.3252732669941562E-004
   1032.0000000000000       0.10857774908098171        3.2156045481089156E-004
   1033.7500000000000       0.10250969039106106        3.1096650246640277E-004
   1035.5000000000000        9.6192863324510880E-002   2.9984589961721842E-004
   1037.2500000000000        9.1605722287036770E-002   2.9107607903771949E-004
   1039.0000000000000        8.6748309135033924E-002   2.8200730015312200E-004
   1040.7500000000000        8.2206207564732126E-002   2.7309482589884442E-004
   1042.5000000000000        7.8065234135118858E-002   2.6501633369957933E-004
   1044.2500000000000        7.3505779611296854E-002   2.5590772703862395E-004
   1046.0000000000000        7.0217128378929836E-002   2.4886776660161097E-004
   1047.7500000000000        6.6217157999361634E-002   2.4064948638100378E-004
   1049.5000000000000        6.3371381812192026E-002   2.3422338494667790E-004
   1051.2500000000000        6.0259037588749460E-002   2.2722063549022184E-004
   1053.0000000000000        5.7477413819731343E-002   2.2096148092265967E-004
   1054.7500000000000        5.4192280606401522E-002   2.1375738106161056E-004
   1056.5000000000000        5.2002006061516233E-002   2.0828339345498308E-004
   1058.2500000000000        4.9715804505257644E-002   2.0256909127069266E-004
   1060.0000000000000        4.7780959012831623E-002   1.9780129269567602E-004
   1061.7500000000000        4.5657467412903552E-002   1.9270494933104059E-004
   1063.5000000000000        4.3840016661442931E-002   1.8759826816827185E-004
   1065.2500000000000        4.1966479045928061E-002   1.8277950924716442E-004
   1067.0000000000000        4.0528571140267658E-002   1.7871227165682557E-004
   1068.7500000000000        3.8365378132512444E-002   1.7329858444429017E-004
   1070.5000000000000        3.7002813287758875E-002   1.6951754707232502E-004
   1072.2500000000000        3.5899920167948379E-002   1.6610289479359998E-004
   1074.0000000000000        3.4093305144743007E-002   1.6132039731209157E-004
   1075.7500000000000        3.3106953644314104E-002   1.5839990528867252E-004
   1077.5000000000000        3.2176236747801457E-002   1.5535687056896400E-004
   1079.2500000000000        3.0832790196992314E-002   1.5147625223720391E-004
   1081.0000000000000        2.9985879730583764E-002   1.4874192176839943E-004
   1082.7500000000000        2.8585042877153272E-002   1.4481304381684510E-004
   1084.5000000000000        2.6606955437650417E-002   1.3815427933500817E-004
   1086.2500000000000        2.5382572484823274E-002   1.3483838675491268E-004
   1088.0000000000000        2.5074376160392247E-002   1.3318800455554308E-004
   1089.7500000000000        2.4358720443122924E-002   1.3114989615561028E-004
   1091.5000000000000        2.3565722432568603E-002   1.2813779078370589E-004
   1093.2500000000000        2.2916417999853840E-002   1.2616591466776516E-004
   1095.0000000000000        2.2320712954469375E-002   1.2404044828887554E-004
   1096.7500000000000        2.1870724923385938E-002   1.2250222311809480E-004
   1098.5000000000000        2.0940304393965586E-002   1.1946776206010157E-004
   1100.2500000000000        2.0454983642891642E-002   1.1790190488125187E-004
   1102.0000000000000        2.0190060868254232E-002   1.1666662930660461E-004
   1103.7500000000000        1.8942073512910419E-002   1.1225228193276054E-004
   1105.5000000000000        1.8414541752306224E-002   1.1042674522824882E-004
   1107.2500000000000        1.8002579137088276E-002   1.0875436684051763E-004
   1109.0000000000000        1.7725548621307159E-002   1.0780147881400747E-004
   1110.7500000000000        1.6980749723150911E-002   1.0533539631920630E-004
   1112.5000000000000        1.6935800771501822E-002   1.0484078425192831E-004
   1114.2500000000000        1.6424035801283193E-002   1.0299429200211073E-004
   1116.0000000000000        1.6322190043220733E-002   1.0236693470339738E-004
   1117.7500000000000        1.5473754258677804E-002   9.9095897524307505E-005
   1119.5000000000000        1.4967384417771441E-002   9.7315320997323773E-005
   1121.2500000000000        1.4717856419190538E-002   9.6414622599767452E-005
   1123.0000000000000        1.4675091888904169E-002   9.6003920593252422E-005
   1124.7500000000000        1.4126090093725504E-002   9.4186189730032638E-005
   1126.5000000000000        1.4030103217427335E-002   9.3546745196913279E-005
   1128.2500000000000        1.3556292541411205E-002   9.1660032519198285E-005
   1130.0000000000000        1.3260736238977710E-002   9.0578705069210277E-005
   1131.7500000000000        1.2963777658587618E-002   8.9483469896978164E-005
   1133.5000000000000        1.2766888155779497E-002   8.8681178367449540E-005
   1135.2500000000000        1.2408904667937457E-002   8.6865638597008975E-005
   1137.0000000000000        1.2252206097702995E-002   8.6280646791069522E-005
   1138.7500000000000        1.1735718991875905E-002   8.4454504305256329E-005
   1140.5000000000000        1.1755131520668916E-002   8.4432153857544158E-005
   1142.2500000000000        1.1603353914601570E-002   8.3859620949946069E-005
   1144.0000000000000        1.1004004539743381E-002   8.1359743968646391E-005
   1145.7500000000000        1.0913163944377026E-002   8.0999342131763406E-005
   1147.5000000000000        1.0818612281780117E-002   8.0509926445011958E-005
   1149.2500000000000        1.0613922219651885E-002   7.9801863523697958E-005
   1151.0000000000000        1.0134455172749302E-002   7.7584033048478038E-005
   1152.7500000000000        1.0009722619790353E-002   7.7181499436093670E-005
   1154.5000000000000        9.9962190489579234E-003   7.6960234395987031E-005
   1156.2500000000000        9.5491695928611644E-003   7.5025955609308285E-005
   1158.0000000000000        9.3555479085842223E-003   7.4120628384432367E-005
   1159.7500000000000        9.2562054302486318E-003   7.3850235132570227E-005
   1161.5000000000000        8.9525481306729025E-003   7.2358821169951550E-005
   1163.2500000000000        8.8705602740326017E-003   7.2011110463994924E-005
   1165.0000000000000        8.8458397318030794E-003   7.1809067004018100E-005
   1166.7500000000000        8.5657832547683596E-003   7.0649669793936847E-005
   1168.5000000000000        8.4171681278146938E-003   6.9910316286818906E-005
   1170.2500000000000        8.3162509302822721E-003   6.9434294349296225E-005
   1172.0000000000000        8.0768597798040465E-003   6.8349660717989413E-005
   1173.7500000000000        7.9405667265136891E-003   6.7730906364030328E-005
   1175.5000000000000        8.0153685507057121E-003   6.7985222329555476E-005
   1177.2500000000000        7.2418094257915636E-003   6.4595967453405149E-005
   1179.0000000000000        7.2663606269496922E-003   6.4645875313854400E-005
   1180.7500000000000        6.9569133825266444E-003   6.3106875348500175E-005
   1182.5000000000000        6.8600489406681654E-003   6.2688614137868415E-005
   1184.2500000000000        6.8433143640993172E-003   6.2542248694499265E-005
   1186.0000000000000        6.7320758793069360E-003   6.1983564500879166E-005
   1187.7500000000000        6.4438881683524154E-003   6.0541648700768194E-005
   1189.5000000000000        6.3923955175582145E-003   6.0110155734435451E-005
   1191.2500000000000        6.2886874073988424E-003   5.9690238832477964E-005
   1193.0000000000000        5.9604175127591164E-003   5.8046606500088114E-005
   1194.7500000000000        5.9767467012905463E-003   5.8074677074663717E-005
   1196.5000000000000        5.7308482576336386E-003   5.6783837595243396E-005
   1198.2500000000000        5.7345085537842625E-003   5.6704182501380027E-005
   1200.0000000000000        5.3602898501012583E-003   5.4794511610129509E-005
