    W        Theta    pi0-p       pip-n
 1080.0000    0.1000  0.4960E-02  0.2991E+00
 1080.0000   10.0000  0.4926E-02  0.2992E+00
 1080.0000   20.0000  0.4825E-02  0.2996E+00
 1080.0000   30.0000  0.4662E-02  0.3001E+00
 1080.0000   40.0000  0.4446E-02  0.3009E+00
 1080.0000   50.0000  0.4187E-02  0.3018E+00
 1080.0000   60.0000  0.3897E-02  0.3029E+00
 1080.0000   70.0000  0.3589E-02  0.3042E+00
 1080.0000   80.0000  0.3275E-02  0.3055E+00
 1080.0000   90.0000  0.2965E-02  0.3069E+00
 1080.0000  100.0000  0.2671E-02  0.3083E+00
 1080.0000  110.0000  0.2400E-02  0.3097E+00
 1080.0000  120.0000  0.2158E-02  0.3110E+00
 1080.0000  130.0000  0.1949E-02  0.3122E+00
 1080.0000  140.0000  0.1777E-02  0.3133E+00
 1080.0000  150.0000  0.1642E-02  0.3141E+00
 1080.0000  160.0000  0.1545E-02  0.3148E+00
 1080.0000  170.0000  0.1488E-02  0.3152E+00
 1080.0000  179.9000  0.1468E-02  0.3153E+00
 1090.0000    0.1000  0.1748E-01  0.2828E+00
 1090.0000   10.0000  0.1721E-01  0.2831E+00
 1090.0000   20.0000  0.1644E-01  0.2841E+00
 1090.0000   30.0000  0.1523E-01  0.2859E+00
 1090.0000   40.0000  0.1369E-01  0.2883E+00
 1090.0000   50.0000  0.1194E-01  0.2914E+00
 1090.0000   60.0000  0.1011E-01  0.2951E+00
 1090.0000   70.0000  0.8311E-02  0.2995E+00
 1090.0000   80.0000  0.6649E-02  0.3043E+00
 1090.0000   90.0000  0.5187E-02  0.3097E+00
 1090.0000  100.0000  0.3963E-02  0.3153E+00
 1090.0000  110.0000  0.2984E-02  0.3210E+00
 1090.0000  120.0000  0.2239E-02  0.3266E+00
 1090.0000  130.0000  0.1697E-02  0.3318E+00
 1090.0000  140.0000  0.1324E-02  0.3366E+00
 1090.0000  150.0000  0.1081E-02  0.3405E+00
 1090.0000  160.0000  0.9347E-03  0.3435E+00
 1090.0000  170.0000  0.8577E-03  0.3454E+00
 1090.0000  179.9000  0.8340E-03  0.3460E+00
 1100.0000    0.1000  0.3791E-01  0.2712E+00
 1100.0000   10.0000  0.3722E-01  0.2716E+00
 1100.0000   20.0000  0.3524E-01  0.2727E+00
 1100.0000   30.0000  0.3217E-01  0.2747E+00
 1100.0000   40.0000  0.2834E-01  0.2776E+00
 1100.0000   50.0000  0.2411E-01  0.2815E+00
 1100.0000   60.0000  0.1982E-01  0.2864E+00
 1100.0000   70.0000  0.1580E-01  0.2924E+00
 1100.0000   80.0000  0.1225E-01  0.2995E+00
 1100.0000   90.0000  0.9289E-02  0.3076E+00
 1100.0000  100.0000  0.6965E-02  0.3165E+00
 1100.0000  110.0000  0.5239E-02  0.3259E+00
 1100.0000  120.0000  0.4029E-02  0.3355E+00
 1100.0000  130.0000  0.3229E-02  0.3448E+00
 1100.0000  140.0000  0.2732E-02  0.3533E+00
 1100.0000  150.0000  0.2442E-02  0.3606E+00
 1100.0000  160.0000  0.2287E-02  0.3662E+00
 1100.0000  170.0000  0.2213E-02  0.3697E+00
 1100.0000  179.9000  0.2191E-02  0.3708E+00
 1110.0000    0.1000  0.6371E-01  0.2665E+00
 1110.0000   10.0000  0.6244E-01  0.2667E+00
 1110.0000   20.0000  0.5878E-01  0.2675E+00
 1110.0000   30.0000  0.5318E-01  0.2691E+00
 1110.0000   40.0000  0.4630E-01  0.2715E+00
 1110.0000   50.0000  0.3884E-01  0.2751E+00
 1110.0000   60.0000  0.3148E-01  0.2800E+00
 1110.0000   70.0000  0.2474E-01  0.2866E+00
 1110.0000   80.0000  0.1897E-01  0.2948E+00
 1110.0000   90.0000  0.1432E-01  0.3046E+00
 1110.0000  100.0000  0.1079E-01  0.3160E+00
 1110.0000  110.0000  0.8236E-02  0.3284E+00
 1110.0000  120.0000  0.6487E-02  0.3416E+00
 1110.0000  130.0000  0.5336E-02  0.3546E+00
 1110.0000  140.0000  0.4599E-02  0.3669E+00
 1110.0000  150.0000  0.4135E-02  0.3776E+00
 1110.0000  160.0000  0.3853E-02  0.3859E+00
 1110.0000  170.0000  0.3698E-02  0.3911E+00
 1110.0000  179.9000  0.3649E-02  0.3929E+00
 1120.0000    0.1000  0.9344E-01  0.2671E+00
 1120.0000   10.0000  0.9144E-01  0.2671E+00
 1120.0000   20.0000  0.8574E-01  0.2672E+00
 1120.0000   30.0000  0.7710E-01  0.2677E+00
 1120.0000   40.0000  0.6661E-01  0.2689E+00
 1120.0000   50.0000  0.5542E-01  0.2713E+00
 1120.0000   60.0000  0.4458E-01  0.2753E+00
 1120.0000   70.0000  0.3486E-01  0.2814E+00
 1120.0000   80.0000  0.2669E-01  0.2897E+00
 1120.0000   90.0000  0.2023E-01  0.3005E+00
 1120.0000  100.0000  0.1539E-01  0.3135E+00
 1120.0000  110.0000  0.1191E-01  0.3284E+00
 1120.0000  120.0000  0.9497E-02  0.3446E+00
 1120.0000  130.0000  0.7833E-02  0.3612E+00
 1120.0000  140.0000  0.6671E-02  0.3771E+00
 1120.0000  150.0000  0.5843E-02  0.3912E+00
 1120.0000  160.0000  0.5265E-02  0.4022E+00
 1120.0000  170.0000  0.4914E-02  0.4093E+00
 1120.0000  179.9000  0.4796E-02  0.4117E+00
 1130.0000    0.1000  0.1260E+00  0.2722E+00
 1130.0000   10.0000  0.1232E+00  0.2718E+00
 1130.0000   20.0000  0.1151E+00  0.2709E+00
 1130.0000   30.0000  0.1031E+00  0.2698E+00
 1130.0000   40.0000  0.8863E-01  0.2691E+00
 1130.0000   50.0000  0.7341E-01  0.2695E+00
 1130.0000   60.0000  0.5887E-01  0.2718E+00
 1130.0000   70.0000  0.4602E-01  0.2766E+00
 1130.0000   80.0000  0.3536E-01  0.2843E+00
 1130.0000   90.0000  0.2701E-01  0.2952E+00
 1130.0000  100.0000  0.2076E-01  0.3092E+00
 1130.0000  110.0000  0.1623E-01  0.3260E+00
 1130.0000  120.0000  0.1299E-01  0.3448E+00
 1130.0000  130.0000  0.1063E-01  0.3646E+00
 1130.0000  140.0000  0.8840E-02  0.3839E+00
 1130.0000  150.0000  0.7448E-02  0.4012E+00
 1130.0000  160.0000  0.6403E-02  0.4150E+00
 1130.0000  170.0000  0.5737E-02  0.4238E+00
 1130.0000  179.9000  0.5507E-02  0.4269E+00
 1140.0000    0.1000  0.1600E+00  0.2815E+00
 1140.0000   10.0000  0.1563E+00  0.2806E+00
 1140.0000   20.0000  0.1459E+00  0.2783E+00
 1140.0000   30.0000  0.1302E+00  0.2750E+00
 1140.0000   40.0000  0.1116E+00  0.2718E+00
 1140.0000   50.0000  0.9231E-01  0.2696E+00
 1140.0000   60.0000  0.7404E-01  0.2695E+00
 1140.0000   70.0000  0.5805E-01  0.2723E+00
 1140.0000   80.0000  0.4489E-01  0.2786E+00
 1140.0000   90.0000  0.3460E-01  0.2890E+00
 1140.0000  100.0000  0.2685E-01  0.3034E+00
 1140.0000  110.0000  0.2115E-01  0.3215E+00
 1140.0000  120.0000  0.1693E-01  0.3425E+00
 1140.0000  130.0000  0.1370E-01  0.3651E+00
 1140.0000  140.0000  0.1111E-01  0.3875E+00
 1140.0000  150.0000  0.8976E-02  0.4080E+00
 1140.0000  160.0000  0.7315E-02  0.4244E+00
 1140.0000  170.0000  0.6234E-02  0.4350E+00
 1140.0000  179.9000  0.5856E-02  0.4387E+00
 1150.0000    0.1000  0.1942E+00  0.2948E+00
 1150.0000   10.0000  0.1896E+00  0.2934E+00
 1150.0000   20.0000  0.1767E+00  0.2892E+00
 1150.0000   30.0000  0.1576E+00  0.2833E+00
 1150.0000   40.0000  0.1349E+00  0.2769E+00
 1150.0000   50.0000  0.1116E+00  0.2714E+00
 1150.0000   60.0000  0.8980E-01  0.2682E+00
 1150.0000   70.0000  0.7080E-01  0.2684E+00
 1150.0000   80.0000  0.5520E-01  0.2729E+00
 1150.0000   90.0000  0.4296E-01  0.2822E+00
 1150.0000  100.0000  0.3365E-01  0.2965E+00
 1150.0000  110.0000  0.2666E-01  0.3154E+00
 1150.0000  120.0000  0.2132E-01  0.3380E+00
 1150.0000  130.0000  0.1708E-01  0.3630E+00
 1150.0000  140.0000  0.1354E-01  0.3884E+00
 1150.0000  150.0000  0.1054E-01  0.4117E+00
 1150.0000  160.0000  0.8142E-02  0.4306E+00
 1150.0000  170.0000  0.6563E-02  0.4430E+00
 1150.0000  179.9000  0.6009E-02  0.4473E+00
 1160.0000    0.1000  0.2272E+00  0.3124E+00
 1160.0000   10.0000  0.2218E+00  0.3102E+00
 1160.0000   20.0000  0.2066E+00  0.3039E+00
 1160.0000   30.0000  0.1841E+00  0.2948E+00
 1160.0000   40.0000  0.1578E+00  0.2846E+00
 1160.0000   50.0000  0.1308E+00  0.2752E+00
 1160.0000   60.0000  0.1058E+00  0.2683E+00
 1160.0000   70.0000  0.8405E-01  0.2654E+00
 1160.0000   80.0000  0.6617E-01  0.2675E+00
 1160.0000   90.0000  0.5202E-01  0.2752E+00
 1160.0000  100.0000  0.4110E-01  0.2888E+00
 1160.0000  110.0000  0.3273E-01  0.3080E+00
 1160.0000  120.0000  0.2618E-01  0.3319E+00
 1160.0000  130.0000  0.2082E-01  0.3589E+00
 1160.0000  140.0000  0.1623E-01  0.3867E+00
 1160.0000  150.0000  0.1226E-01  0.4127E+00
 1160.0000  160.0000  0.9059E-02  0.4340E+00
 1160.0000  170.0000  0.6927E-02  0.4479E+00
 1160.0000  179.9000  0.6174E-02  0.4528E+00
 1170.0000    0.1000  0.2580E+00  0.3342E+00
 1170.0000   10.0000  0.2518E+00  0.3311E+00
 1170.0000   20.0000  0.2345E+00  0.3223E+00
 1170.0000   30.0000  0.2090E+00  0.3095E+00
 1170.0000   40.0000  0.1795E+00  0.2949E+00
 1170.0000   50.0000  0.1495E+00  0.2809E+00
 1170.0000   60.0000  0.1217E+00  0.2698E+00
 1170.0000   70.0000  0.9757E-01  0.2633E+00
 1170.0000   80.0000  0.7763E-01  0.2626E+00
 1170.0000   90.0000  0.6167E-01  0.2683E+00
 1170.0000  100.0000  0.4915E-01  0.2809E+00
 1170.0000  110.0000  0.3934E-01  0.2999E+00
 1170.0000  120.0000  0.3150E-01  0.3245E+00
 1170.0000  130.0000  0.2496E-01  0.3530E+00
 1170.0000  140.0000  0.1927E-01  0.3830E+00
 1170.0000  150.0000  0.1430E-01  0.4113E+00
 1170.0000  160.0000  0.1023E-01  0.4347E+00
 1170.0000  170.0000  0.7514E-02  0.4502E+00
 1170.0000  179.9000  0.6551E-02  0.4556E+00
 1180.0000    0.1000  0.2857E+00  0.3603E+00
 1180.0000   10.0000  0.2788E+00  0.3562E+00
 1180.0000   20.0000  0.2597E+00  0.3445E+00
 1180.0000   30.0000  0.2318E+00  0.3274E+00
 1180.0000   40.0000  0.1996E+00  0.3078E+00
 1180.0000   50.0000  0.1671E+00  0.2887E+00
 1180.0000   60.0000  0.1372E+00  0.2729E+00
 1180.0000   70.0000  0.1111E+00  0.2623E+00
 1180.0000   80.0000  0.8942E-01  0.2584E+00
 1180.0000   90.0000  0.7179E-01  0.2618E+00
 1180.0000  100.0000  0.5768E-01  0.2729E+00
 1180.0000  110.0000  0.4642E-01  0.2913E+00
 1180.0000  120.0000  0.3726E-01  0.3162E+00
 1180.0000  130.0000  0.2952E-01  0.3458E+00
 1180.0000  140.0000  0.2273E-01  0.3775E+00
 1180.0000  150.0000  0.1673E-01  0.4078E+00
 1180.0000  160.0000  0.1180E-01  0.4332E+00
 1180.0000  170.0000  0.8482E-02  0.4500E+00
 1180.0000  179.9000  0.7303E-02  0.4559E+00
 1190.0000    0.1000  0.3097E+00  0.3908E+00
 1190.0000   10.0000  0.3023E+00  0.3854E+00
 1190.0000   20.0000  0.2817E+00  0.3705E+00
 1190.0000   30.0000  0.2518E+00  0.3485E+00
 1190.0000   40.0000  0.2177E+00  0.3233E+00
 1190.0000   50.0000  0.1834E+00  0.2987E+00
 1190.0000   60.0000  0.1519E+00  0.2777E+00
 1190.0000   70.0000  0.1245E+00  0.2627E+00
 1190.0000   80.0000  0.1013E+00  0.2553E+00
 1190.0000   90.0000  0.8219E-01  0.2561E+00
 1190.0000  100.0000  0.6656E-01  0.2653E+00
 1190.0000  110.0000  0.5385E-01  0.2828E+00
 1190.0000  120.0000  0.4337E-01  0.3075E+00
 1190.0000  130.0000  0.3446E-01  0.3378E+00
 1190.0000  140.0000  0.2659E-01  0.3707E+00
 1190.0000  150.0000  0.1962E-01  0.4027E+00
 1190.0000  160.0000  0.1384E-01  0.4297E+00
 1190.0000  170.0000  0.9935E-02  0.4477E+00
 1190.0000  179.9000  0.8543E-02  0.4540E+00
 1200.0000    0.1000  0.3295E+00  0.4259E+00
 1200.0000   10.0000  0.3217E+00  0.4192E+00
 1200.0000   20.0000  0.3000E+00  0.4005E+00
 1200.0000   30.0000  0.2688E+00  0.3731E+00
 1200.0000   40.0000  0.2333E+00  0.3417E+00
 1200.0000   50.0000  0.1981E+00  0.3109E+00
 1200.0000   60.0000  0.1657E+00  0.2843E+00
 1200.0000   70.0000  0.1373E+00  0.2647E+00
 1200.0000   80.0000  0.1131E+00  0.2534E+00
 1200.0000   90.0000  0.9266E-01  0.2513E+00
 1200.0000  100.0000  0.7561E-01  0.2585E+00
 1200.0000  110.0000  0.6149E-01  0.2746E+00
 1200.0000  120.0000  0.4974E-01  0.2988E+00
 1200.0000  130.0000  0.3971E-01  0.3292E+00
 1200.0000  140.0000  0.3085E-01  0.3630E+00
 1200.0000  150.0000  0.2295E-01  0.3963E+00
 1200.0000  160.0000  0.1639E-01  0.4246E+00
 1200.0000  170.0000  0.1192E-01  0.4436E+00
 1200.0000  179.9000  0.1033E-01  0.4503E+00
 1210.0000    0.1000  0.3446E+00  0.4658E+00
 1210.0000   10.0000  0.3366E+00  0.4576E+00
 1210.0000   20.0000  0.3142E+00  0.4348E+00
 1210.0000   30.0000  0.2823E+00  0.4014E+00
 1210.0000   40.0000  0.2463E+00  0.3631E+00
 1210.0000   50.0000  0.2108E+00  0.3255E+00
 1210.0000   60.0000  0.1782E+00  0.2929E+00
 1210.0000   70.0000  0.1495E+00  0.2682E+00
 1210.0000   80.0000  0.1245E+00  0.2530E+00
 1210.0000   90.0000  0.1030E+00  0.2478E+00
 1210.0000  100.0000  0.8461E-01  0.2525E+00
 1210.0000  110.0000  0.6916E-01  0.2670E+00
 1210.0000  120.0000  0.5620E-01  0.2903E+00
 1210.0000  130.0000  0.4515E-01  0.3205E+00
 1210.0000  140.0000  0.3540E-01  0.3548E+00
 1210.0000  150.0000  0.2670E-01  0.3889E+00
 1210.0000  160.0000  0.1943E-01  0.4182E+00
 1210.0000  170.0000  0.1445E-01  0.4380E+00
 1210.0000  179.9000  0.1266E-01  0.4450E+00
 1220.0000    0.1000  0.3549E+00  0.5111E+00
 1220.0000   10.0000  0.3467E+00  0.5013E+00
 1220.0000   20.0000  0.3242E+00  0.4737E+00
 1220.0000   30.0000  0.2922E+00  0.4336E+00
 1220.0000   40.0000  0.2565E+00  0.3877E+00
 1220.0000   50.0000  0.2215E+00  0.3427E+00
 1220.0000   60.0000  0.1894E+00  0.3037E+00
 1220.0000   70.0000  0.1607E+00  0.2737E+00
 1220.0000   80.0000  0.1354E+00  0.2542E+00
 1220.0000   90.0000  0.1130E+00  0.2456E+00
 1220.0000  100.0000  0.9339E-01  0.2478E+00
 1220.0000  110.0000  0.7668E-01  0.2604E+00
 1220.0000  120.0000  0.6262E-01  0.2823E+00
 1220.0000  130.0000  0.5066E-01  0.3119E+00
 1220.0000  140.0000  0.4016E-01  0.3462E+00
 1220.0000  150.0000  0.3078E-01  0.3808E+00
 1220.0000  160.0000  0.2290E-01  0.4108E+00
 1220.0000  170.0000  0.1746E-01  0.4312E+00
 1220.0000  179.9000  0.1550E-01  0.4385E+00
 1230.0000    0.1000  0.3601E+00  0.5622E+00
 1230.0000   10.0000  0.3520E+00  0.5505E+00
 1230.0000   20.0000  0.3298E+00  0.5176E+00
 1230.0000   30.0000  0.2985E+00  0.4700E+00
 1230.0000   40.0000  0.2639E+00  0.4158E+00
 1230.0000   50.0000  0.2301E+00  0.3628E+00
 1230.0000   60.0000  0.1990E+00  0.3168E+00
 1230.0000   70.0000  0.1710E+00  0.2812E+00
 1230.0000   80.0000  0.1455E+00  0.2572E+00
 1230.0000   90.0000  0.1224E+00  0.2451E+00
 1230.0000  100.0000  0.1018E+00  0.2445E+00
 1230.0000  110.0000  0.8389E-01  0.2548E+00
 1230.0000  120.0000  0.6883E-01  0.2751E+00
 1230.0000  130.0000  0.5611E-01  0.3036E+00
 1230.0000  140.0000  0.4500E-01  0.3375E+00
 1230.0000  150.0000  0.3509E-01  0.3722E+00
 1230.0000  160.0000  0.2671E-01  0.4026E+00
 1230.0000  170.0000  0.2089E-01  0.4234E+00
 1230.0000  179.9000  0.1879E-01  0.4308E+00
 1240.0000    0.1000  0.3604E+00  0.6196E+00
 1240.0000   10.0000  0.3526E+00  0.6058E+00
 1240.0000   20.0000  0.3312E+00  0.5671E+00
 1240.0000   30.0000  0.3014E+00  0.5112E+00
 1240.0000   40.0000  0.2685E+00  0.4478E+00
 1240.0000   50.0000  0.2366E+00  0.3860E+00
 1240.0000   60.0000  0.2072E+00  0.3325E+00
 1240.0000   70.0000  0.1801E+00  0.2908E+00
 1240.0000   80.0000  0.1549E+00  0.2621E+00
 1240.0000   90.0000  0.1313E+00  0.2463E+00
 1240.0000  100.0000  0.1096E+00  0.2427E+00
 1240.0000  110.0000  0.9066E-01  0.2505E+00
 1240.0000  120.0000  0.7470E-01  0.2687E+00
 1240.0000  130.0000  0.6135E-01  0.2958E+00
 1240.0000  140.0000  0.4980E-01  0.3288E+00
 1240.0000  150.0000  0.3951E-01  0.3633E+00
 1240.0000  160.0000  0.3076E-01  0.3937E+00
 1240.0000  170.0000  0.2464E-01  0.4146E+00
 1240.0000  179.9000  0.2242E-01  0.4221E+00
 1250.0000    0.1000  0.3561E+00  0.6842E+00
 1250.0000   10.0000  0.3488E+00  0.6680E+00
 1250.0000   20.0000  0.3288E+00  0.6228E+00
 1250.0000   30.0000  0.3011E+00  0.5576E+00
 1250.0000   40.0000  0.2708E+00  0.4841E+00
 1250.0000   50.0000  0.2414E+00  0.4127E+00
 1250.0000   60.0000  0.2141E+00  0.3511E+00
 1250.0000   70.0000  0.1884E+00  0.3029E+00
 1250.0000   80.0000  0.1635E+00  0.2692E+00
 1250.0000   90.0000  0.1394E+00  0.2495E+00
 1250.0000  100.0000  0.1169E+00  0.2425E+00
 1250.0000  110.0000  0.9690E-01  0.2475E+00
 1250.0000  120.0000  0.8015E-01  0.2635E+00
 1250.0000  130.0000  0.6630E-01  0.2887E+00
 1250.0000  140.0000  0.5446E-01  0.3204E+00
 1250.0000  150.0000  0.4394E-01  0.3541E+00
 1250.0000  160.0000  0.3494E-01  0.3842E+00
 1250.0000  170.0000  0.2860E-01  0.4051E+00
 1250.0000  179.9000  0.2629E-01  0.4126E+00
 1260.0000    0.1000  0.3477E+00  0.7566E+00
 1260.0000   10.0000  0.3411E+00  0.7377E+00
 1260.0000   20.0000  0.3230E+00  0.6852E+00
 1260.0000   30.0000  0.2981E+00  0.6098E+00
 1260.0000   40.0000  0.2710E+00  0.5250E+00
 1260.0000   50.0000  0.2447E+00  0.4432E+00
 1260.0000   60.0000  0.2199E+00  0.3727E+00
 1260.0000   70.0000  0.1958E+00  0.3176E+00
 1260.0000   80.0000  0.1715E+00  0.2786E+00
 1260.0000   90.0000  0.1470E+00  0.2547E+00
 1260.0000  100.0000  0.1235E+00  0.2443E+00
 1260.0000  110.0000  0.1026E+00  0.2462E+00
 1260.0000  120.0000  0.8510E-01  0.2594E+00
 1260.0000  130.0000  0.7085E-01  0.2824E+00
 1260.0000  140.0000  0.5885E-01  0.3124E+00
 1260.0000  150.0000  0.4824E-01  0.3449E+00
 1260.0000  160.0000  0.3912E-01  0.3743E+00
 1260.0000  170.0000  0.3266E-01  0.3949E+00
 1260.0000  179.9000  0.3029E-01  0.4022E+00
 1270.0000    0.1000  0.3357E+00  0.8378E+00
 1270.0000   10.0000  0.3300E+00  0.8160E+00
 1270.0000   20.0000  0.3144E+00  0.7553E+00
 1270.0000   30.0000  0.2929E+00  0.6684E+00
 1270.0000   40.0000  0.2697E+00  0.5712E+00
 1270.0000   50.0000  0.2470E+00  0.4779E+00
 1270.0000   60.0000  0.2251E+00  0.3978E+00
 1270.0000   70.0000  0.2027E+00  0.3352E+00
 1270.0000   80.0000  0.1790E+00  0.2906E+00
 1270.0000   90.0000  0.1541E+00  0.2621E+00
 1270.0000  100.0000  0.1297E+00  0.2480E+00
 1270.0000  110.0000  0.1078E+00  0.2466E+00
 1270.0000  120.0000  0.8954E-01  0.2568E+00
 1270.0000  130.0000  0.7495E-01  0.2771E+00
 1270.0000  140.0000  0.6290E-01  0.3049E+00
 1270.0000  150.0000  0.5232E-01  0.3359E+00
 1270.0000  160.0000  0.4321E-01  0.3642E+00
 1270.0000  170.0000  0.3670E-01  0.3841E+00
 1270.0000  179.9000  0.3430E-01  0.3912E+00
 1280.0000    0.1000  0.3211E+00  0.9290E+00
 1280.0000   10.0000  0.3164E+00  0.9039E+00
 1280.0000   20.0000  0.3038E+00  0.8340E+00
 1280.0000   30.0000  0.2865E+00  0.7344E+00
 1280.0000   40.0000  0.2678E+00  0.6234E+00
 1280.0000   50.0000  0.2491E+00  0.5173E+00
 1280.0000   60.0000  0.2302E+00  0.4267E+00
 1280.0000   70.0000  0.2096E+00  0.3560E+00
 1280.0000   80.0000  0.1864E+00  0.3053E+00
 1280.0000   90.0000  0.1611E+00  0.2721E+00
 1280.0000  100.0000  0.1356E+00  0.2540E+00
 1280.0000  110.0000  0.1125E+00  0.2490E+00
 1280.0000  120.0000  0.9351E-01  0.2558E+00
 1280.0000  130.0000  0.7859E-01  0.2731E+00
 1280.0000  140.0000  0.6653E-01  0.2983E+00
 1280.0000  150.0000  0.5608E-01  0.3271E+00
 1280.0000  160.0000  0.4707E-01  0.3540E+00
 1280.0000  170.0000  0.4060E-01  0.3729E+00
 1280.0000  179.9000  0.3821E-01  0.3798E+00
 1290.0000    0.1000  0.3049E+00  0.1031E+01
 1290.0000   10.0000  0.3015E+00  0.1002E+01
 1290.0000   20.0000  0.2923E+00  0.9220E+00
 1290.0000   30.0000  0.2797E+00  0.8081E+00
 1290.0000   40.0000  0.2659E+00  0.6818E+00
 1290.0000   50.0000  0.2516E+00  0.5617E+00
 1290.0000   60.0000  0.2359E+00  0.4596E+00
 1290.0000   70.0000  0.2171E+00  0.3802E+00
 1290.0000   80.0000  0.1943E+00  0.3229E+00
 1290.0000   90.0000  0.1682E+00  0.2848E+00
 1290.0000  100.0000  0.1414E+00  0.2625E+00
 1290.0000  110.0000  0.1170E+00  0.2536E+00
 1290.0000  120.0000  0.9708E-01  0.2567E+00
 1290.0000  130.0000  0.8175E-01  0.2705E+00
 1290.0000  140.0000  0.6968E-01  0.2927E+00
 1290.0000  150.0000  0.5940E-01  0.3191E+00
 1290.0000  160.0000  0.5058E-01  0.3441E+00
 1290.0000  170.0000  0.4422E-01  0.3619E+00
 1290.0000  179.9000  0.4186E-01  0.3683E+00
 1300.0000    0.1000  0.2891E+00  0.1144E+01
 1300.0000   10.0000  0.2870E+00  0.1111E+01
 1300.0000   20.0000  0.2814E+00  0.1020E+01
 1300.0000   30.0000  0.2738E+00  0.8900E+00
 1300.0000   40.0000  0.2653E+00  0.7468E+00
 1300.0000   50.0000  0.2555E+00  0.6114E+00
 1300.0000   60.0000  0.2429E+00  0.4968E+00
 1300.0000   70.0000  0.2258E+00  0.4079E+00
 1300.0000   80.0000  0.2030E+00  0.3437E+00
 1300.0000   90.0000  0.1758E+00  0.3002E+00
 1300.0000  100.0000  0.1474E+00  0.2735E+00
 1300.0000  110.0000  0.1214E+00  0.2606E+00
 1300.0000  120.0000  0.1003E+00  0.2598E+00
 1300.0000  130.0000  0.8444E-01  0.2700E+00
 1300.0000  140.0000  0.7229E-01  0.2888E+00
 1300.0000  150.0000  0.6218E-01  0.3124E+00
 1300.0000  160.0000  0.5357E-01  0.3352E+00
 1300.0000  170.0000  0.4736E-01  0.3516E+00
 1300.0000  179.9000  0.4505E-01  0.3575E+00
 1310.0000    0.1000  0.2756E+00  0.1269E+01
 1310.0000   10.0000  0.2749E+00  0.1231E+01
 1310.0000   20.0000  0.2730E+00  0.1127E+01
 1310.0000   30.0000  0.2704E+00  0.9799E+00
 1310.0000   40.0000  0.2671E+00  0.8183E+00
 1310.0000   50.0000  0.2618E+00  0.6662E+00
 1310.0000   60.0000  0.2523E+00  0.5381E+00
 1310.0000   70.0000  0.2365E+00  0.4391E+00
 1310.0000   80.0000  0.2134E+00  0.3675E+00
 1310.0000   90.0000  0.1846E+00  0.3186E+00
 1310.0000  100.0000  0.1539E+00  0.2874E+00
 1310.0000  110.0000  0.1259E+00  0.2704E+00
 1310.0000  120.0000  0.1034E+00  0.2656E+00
 1310.0000  130.0000  0.8669E-01  0.2720E+00
 1310.0000  140.0000  0.7432E-01  0.2873E+00
 1310.0000  150.0000  0.6431E-01  0.3079E+00
 1310.0000  160.0000  0.5588E-01  0.3283E+00
 1310.0000  170.0000  0.4982E-01  0.3432E+00
 1310.0000  179.9000  0.4756E-01  0.3487E+00
 1320.0000    0.1000  0.2670E+00  0.1403E+01
 1320.0000   10.0000  0.2676E+00  0.1360E+01
 1320.0000   20.0000  0.2691E+00  0.1242E+01
 1320.0000   30.0000  0.2713E+00  0.1077E+01
 1320.0000   40.0000  0.2729E+00  0.8956E+00
 1320.0000   50.0000  0.2718E+00  0.7256E+00
 1320.0000   60.0000  0.2651E+00  0.5831E+00
 1320.0000   70.0000  0.2501E+00  0.4734E+00
 1320.0000   80.0000  0.2260E+00  0.3941E+00
 1320.0000   90.0000  0.1949E+00  0.3396E+00
 1320.0000  100.0000  0.1614E+00  0.3039E+00
 1320.0000  110.0000  0.1308E+00  0.2830E+00
 1320.0000  120.0000  0.1063E+00  0.2745E+00
 1320.0000  130.0000  0.8853E-01  0.2772E+00
 1320.0000  140.0000  0.7570E-01  0.2892E+00
 1320.0000  150.0000  0.6561E-01  0.3069E+00
 1320.0000  160.0000  0.5726E-01  0.3251E+00
 1320.0000  170.0000  0.5128E-01  0.3385E+00
 1320.0000  179.9000  0.4905E-01  0.3434E+00
 1330.0000    0.1000  0.2663E+00  0.1544E+01
 1330.0000   10.0000  0.2679E+00  0.1496E+01
 1330.0000   20.0000  0.2724E+00  0.1364E+01
 1330.0000   30.0000  0.2786E+00  0.1179E+01
 1330.0000   40.0000  0.2846E+00  0.9766E+00
 1330.0000   50.0000  0.2872E+00  0.7879E+00
 1330.0000   60.0000  0.2826E+00  0.6305E+00
 1330.0000   70.0000  0.2678E+00  0.5097E+00
 1330.0000   80.0000  0.2418E+00  0.4226E+00
 1330.0000   90.0000  0.2074E+00  0.3626E+00
 1330.0000  100.0000  0.1702E+00  0.3228E+00
 1330.0000  110.0000  0.1362E+00  0.2984E+00
 1330.0000  120.0000  0.1093E+00  0.2867E+00
 1330.0000  130.0000  0.8999E-01  0.2864E+00
 1330.0000  140.0000  0.7635E-01  0.2957E+00
 1330.0000  150.0000  0.6590E-01  0.3112E+00
 1330.0000  160.0000  0.5739E-01  0.3276E+00
 1330.0000  170.0000  0.5133E-01  0.3400E+00
 1330.0000  179.9000  0.4907E-01  0.3445E+00
 1340.0000    0.1000  0.2764E+00  0.1687E+01
 1340.0000   10.0000  0.2788E+00  0.1633E+01
 1340.0000   20.0000  0.2854E+00  0.1487E+01
 1340.0000   30.0000  0.2947E+00  0.1281E+01
 1340.0000   40.0000  0.3040E+00  0.1058E+01
 1340.0000   50.0000  0.3094E+00  0.8502E+00
 1340.0000   60.0000  0.3061E+00  0.6776E+00
 1340.0000   70.0000  0.2904E+00  0.5458E+00
 1340.0000   80.0000  0.2615E+00  0.4512E+00
 1340.0000   90.0000  0.2227E+00  0.3861E+00
 1340.0000  100.0000  0.1807E+00  0.3428E+00
 1340.0000  110.0000  0.1425E+00  0.3158E+00
 1340.0000  120.0000  0.1125E+00  0.3020E+00
 1340.0000  130.0000  0.9118E-01  0.3001E+00
 1340.0000  140.0000  0.7629E-01  0.3082E+00
 1340.0000  150.0000  0.6506E-01  0.3229E+00
 1340.0000  160.0000  0.5600E-01  0.3389E+00
 1340.0000  170.0000  0.4958E-01  0.3510E+00
 1340.0000  179.9000  0.4719E-01  0.3555E+00
 1350.0000    0.1000  0.2993E+00  0.1825E+01
 1350.0000   10.0000  0.3020E+00  0.1766E+01
 1350.0000   20.0000  0.3098E+00  0.1605E+01
 1350.0000   30.0000  0.3210E+00  0.1379E+01
 1350.0000   40.0000  0.3324E+00  0.1135E+01
 1350.0000   50.0000  0.3394E+00  0.9082E+00
 1350.0000   60.0000  0.3363E+00  0.7210E+00
 1350.0000   70.0000  0.3185E+00  0.5788E+00
 1350.0000   80.0000  0.2853E+00  0.4773E+00
 1350.0000   90.0000  0.2408E+00  0.4080E+00
 1350.0000  100.0000  0.1930E+00  0.3622E+00
 1350.0000  110.0000  0.1498E+00  0.3339E+00
 1350.0000  120.0000  0.1161E+00  0.3198E+00
 1350.0000  130.0000  0.9226E-01  0.3183E+00
 1350.0000  140.0000  0.7564E-01  0.3277E+00
 1350.0000  150.0000  0.6308E-01  0.3441E+00
 1350.0000  160.0000  0.5293E-01  0.3619E+00
 1350.0000  170.0000  0.4573E-01  0.3753E+00
 1350.0000  179.9000  0.4306E-01  0.3802E+00
 1360.0000    0.1000  0.3352E+00  0.1952E+01
 1360.0000   10.0000  0.3380E+00  0.1888E+01
 1360.0000   20.0000  0.3460E+00  0.1713E+01
 1360.0000   30.0000  0.3576E+00  0.1467E+01
 1360.0000   40.0000  0.3699E+00  0.1202E+01
 1360.0000   50.0000  0.3773E+00  0.9580E+00
 1360.0000   60.0000  0.3732E+00  0.7571E+00
 1360.0000   70.0000  0.3521E+00  0.6056E+00
 1360.0000   80.0000  0.3132E+00  0.4983E+00
 1360.0000   90.0000  0.2616E+00  0.4257E+00
 1360.0000  100.0000  0.2069E+00  0.3788E+00
 1360.0000  110.0000  0.1580E+00  0.3509E+00
 1360.0000  120.0000  0.1202E+00  0.3386E+00
 1360.0000  130.0000  0.9350E-01  0.3404E+00
 1360.0000  140.0000  0.7472E-01  0.3543E+00
 1360.0000  150.0000  0.6022E-01  0.3759E+00
 1360.0000  160.0000  0.4834E-01  0.3986E+00
 1360.0000  170.0000  0.3984E-01  0.4154E+00
 1360.0000  179.9000  0.3668E-01  0.4215E+00
 1370.0000    0.1000  0.3830E+00  0.2064E+01
 1370.0000   10.0000  0.3854E+00  0.1995E+01
 1370.0000   20.0000  0.3925E+00  0.1805E+01
 1370.0000   30.0000  0.4035E+00  0.1541E+01
 1370.0000   40.0000  0.4153E+00  0.1257E+01
 1370.0000   50.0000  0.4220E+00  0.9959E+00
 1370.0000   60.0000  0.4157E+00  0.7829E+00
 1370.0000   70.0000  0.3900E+00  0.6233E+00
 1370.0000   80.0000  0.3441E+00  0.5114E+00
 1370.0000   90.0000  0.2844E+00  0.4370E+00
 1370.0000  100.0000  0.2218E+00  0.3903E+00
 1370.0000  110.0000  0.1669E+00  0.3646E+00
 1370.0000  120.0000  0.1249E+00  0.3566E+00
 1370.0000  130.0000  0.9525E-01  0.3650E+00
 1370.0000  140.0000  0.7401E-01  0.3874E+00
 1370.0000  150.0000  0.5704E-01  0.4185E+00
 1370.0000  160.0000  0.4271E-01  0.4498E+00
 1370.0000  170.0000  0.3234E-01  0.4727E+00
 1370.0000  179.9000  0.2846E-01  0.4811E+00
 1380.0000    0.1000  0.4398E+00  0.2157E+01
 1380.0000   10.0000  0.4415E+00  0.2083E+01
 1380.0000   20.0000  0.4469E+00  0.1880E+01
 1380.0000   30.0000  0.4560E+00  0.1598E+01
 1380.0000   40.0000  0.4664E+00  0.1296E+01
 1380.0000   50.0000  0.4715E+00  0.1020E+01
 1380.0000   60.0000  0.4621E+00  0.7962E+00
 1380.0000   70.0000  0.4308E+00  0.6300E+00
 1380.0000   80.0000  0.3767E+00  0.5149E+00
 1380.0000   90.0000  0.3078E+00  0.4399E+00
 1380.0000  100.0000  0.2370E+00  0.3948E+00
 1380.0000  110.0000  0.1760E+00  0.3729E+00
 1380.0000  120.0000  0.1301E+00  0.3717E+00
 1380.0000  130.0000  0.9789E-01  0.3900E+00
 1380.0000  140.0000  0.7417E-01  0.4252E+00
 1380.0000  150.0000  0.5431E-01  0.4704E+00
 1380.0000  160.0000  0.3691E-01  0.5148E+00
 1380.0000  170.0000  0.2409E-01  0.5470E+00
 1380.0000  179.9000  0.1927E-01  0.5587E+00
 1390.0000    0.1000  0.5020E+00  0.2233E+01
 1390.0000   10.0000  0.5027E+00  0.2154E+01
 1390.0000   20.0000  0.5056E+00  0.1938E+01
 1390.0000   30.0000  0.5119E+00  0.1639E+01
 1390.0000   40.0000  0.5200E+00  0.1319E+01
 1390.0000   50.0000  0.5228E+00  0.1030E+01
 1390.0000   60.0000  0.5097E+00  0.7965E+00
 1390.0000   70.0000  0.4719E+00  0.6250E+00
 1390.0000   80.0000  0.4090E+00  0.5079E+00
 1390.0000   90.0000  0.3303E+00  0.4333E+00
 1390.0000  100.0000  0.2513E+00  0.3908E+00
 1390.0000  110.0000  0.1848E+00  0.3742E+00
 1390.0000  120.0000  0.1358E+00  0.3818E+00
 1390.0000  130.0000  0.1017E+00  0.4131E+00
 1390.0000  140.0000  0.7589E-01  0.4652E+00
 1390.0000  150.0000  0.5301E-01  0.5292E+00
 1390.0000  160.0000  0.3208E-01  0.5911E+00
 1390.0000  170.0000  0.1633E-01  0.6358E+00
 1390.0000  179.9000  0.1037E-01  0.6521E+00
 1400.0000    0.1000  0.5661E+00  0.2295E+01
 1400.0000   10.0000  0.5655E+00  0.2211E+01
 1400.0000   20.0000  0.5651E+00  0.1982E+01
 1400.0000   30.0000  0.5677E+00  0.1666E+01
 1400.0000   40.0000  0.5728E+00  0.1330E+01
 1400.0000   50.0000  0.5729E+00  0.1027E+01
 1400.0000   60.0000  0.5557E+00  0.7852E+00
 1400.0000   70.0000  0.5110E+00  0.6092E+00
 1400.0000   80.0000  0.4387E+00  0.4908E+00
 1400.0000   90.0000  0.3503E+00  0.4172E+00
 1400.0000  100.0000  0.2634E+00  0.3779E+00
 1400.0000  110.0000  0.1924E+00  0.3675E+00
 1400.0000  120.0000  0.1418E+00  0.3853E+00
 1400.0000  130.0000  0.1070E+00  0.4320E+00
 1400.0000  140.0000  0.7984E-01  0.5043E+00
 1400.0000  150.0000  0.5420E-01  0.5913E+00
 1400.0000  160.0000  0.2958E-01  0.6748E+00
 1400.0000  170.0000  0.1064E-01  0.7349E+00
 1400.0000  179.9000  0.3421E-02  0.7567E+00
 1410.0000    0.1000  0.6301E+00  0.2354E+01
 1410.0000   10.0000  0.6277E+00  0.2265E+01
 1410.0000   20.0000  0.6230E+00  0.2022E+01
 1410.0000   30.0000  0.6208E+00  0.1688E+01
 1410.0000   40.0000  0.6221E+00  0.1334E+01
 1410.0000   50.0000  0.6190E+00  0.1017E+01
 1410.0000   60.0000  0.5975E+00  0.7659E+00
 1410.0000   70.0000  0.5457E+00  0.5854E+00
 1410.0000   80.0000  0.4639E+00  0.4657E+00
 1410.0000   90.0000  0.3660E+00  0.3932E+00
 1410.0000  100.0000  0.2722E+00  0.3571E+00
 1410.0000  110.0000  0.1981E+00  0.3529E+00
 1410.0000  120.0000  0.1475E+00  0.3813E+00
 1410.0000  130.0000  0.1138E+00  0.4447E+00
 1410.0000  140.0000  0.8657E-01  0.5397E+00
 1410.0000  150.0000  0.5890E-01  0.6527E+00
 1410.0000  160.0000  0.3086E-01  0.7608E+00
 1410.0000  170.0000  0.8740E-02  0.8386E+00
 1410.0000  179.9000  0.2330E-03  0.8668E+00
 1420.0000    0.1000  0.6951E+00  0.2420E+01
 1420.0000   10.0000  0.6903E+00  0.2325E+01
 1420.0000   20.0000  0.6799E+00  0.2067E+01
 1420.0000   30.0000  0.6713E+00  0.1712E+01
 1420.0000   40.0000  0.6674E+00  0.1338E+01
 1420.0000   50.0000  0.6603E+00  0.1005E+01
 1420.0000   60.0000  0.6340E+00  0.7437E+00
 1420.0000   70.0000  0.5749E+00  0.5575E+00
 1420.0000   80.0000  0.4835E+00  0.4358E+00
 1420.0000   90.0000  0.3764E+00  0.3638E+00
 1420.0000  100.0000  0.2766E+00  0.3303E+00
 1420.0000  110.0000  0.2011E+00  0.3316E+00
 1420.0000  120.0000  0.1526E+00  0.3704E+00
 1420.0000  130.0000  0.1220E+00  0.4507E+00
 1420.0000  140.0000  0.9647E-01  0.5693E+00
 1420.0000  150.0000  0.6797E-01  0.7100E+00
 1420.0000  160.0000  0.3725E-01  0.8445E+00
 1420.0000  170.0000  0.1232E-01  0.9414E+00
 1420.0000  179.9000  0.2637E-02  0.9767E+00
 1430.0000    0.1000  0.7662E+00  0.2506E+01
 1430.0000   10.0000  0.7583E+00  0.2404E+01
 1430.0000   20.0000  0.7399E+00  0.2128E+01
 1430.0000   30.0000  0.7222E+00  0.1750E+01
 1430.0000   40.0000  0.7107E+00  0.1352E+01
 1430.0000   50.0000  0.6979E+00  0.9994E+00
 1430.0000   60.0000  0.6656E+00  0.7242E+00
 1430.0000   70.0000  0.5985E+00  0.5302E+00
 1430.0000   80.0000  0.4973E+00  0.4050E+00
 1430.0000   90.0000  0.3812E+00  0.3322E+00
 1430.0000  100.0000  0.2764E+00  0.3001E+00
 1430.0000  110.0000  0.2011E+00  0.3056E+00
 1430.0000  120.0000  0.1569E+00  0.3537E+00
 1430.0000  130.0000  0.1316E+00  0.4503E+00
 1430.0000  140.0000  0.1098E+00  0.5924E+00
 1430.0000  150.0000  0.8222E-01  0.7611E+00
 1430.0000  160.0000  0.5004E-01  0.9227E+00
 1430.0000  170.0000  0.2305E-01  0.1039E+01
 1430.0000  179.9000  0.1243E-01  0.1082E+01
 1440.0000    0.1000  0.8524E+00  0.2622E+01
 1440.0000   10.0000  0.8401E+00  0.2513E+01
 1440.0000   20.0000  0.8106E+00  0.2215E+01
 1440.0000   30.0000  0.7796E+00  0.1809E+01
 1440.0000   40.0000  0.7567E+00  0.1382E+01
 1440.0000   50.0000  0.7350E+00  0.1005E+01
 1440.0000   60.0000  0.6944E+00  0.7123E+00
 1440.0000   70.0000  0.6176E+00  0.5075E+00
 1440.0000   80.0000  0.5056E+00  0.3766E+00
 1440.0000   90.0000  0.3802E+00  0.3014E+00
 1440.0000  100.0000  0.2712E+00  0.2691E+00
 1440.0000  110.0000  0.1977E+00  0.2775E+00
 1440.0000  120.0000  0.1599E+00  0.3335E+00
 1440.0000  130.0000  0.1425E+00  0.4450E+00
 1440.0000  140.0000  0.1270E+00  0.6096E+00
 1440.0000  150.0000  0.1025E+00  0.8056E+00
 1440.0000  160.0000  0.7063E-01  0.9938E+00
 1440.0000  170.0000  0.4274E-01  0.1130E+01
 1440.0000  179.9000  0.3160E-01  0.1179E+01
 1450.0000    0.1000  0.9661E+00  0.2775E+01
 1450.0000   10.0000  0.9478E+00  0.2657E+01
 1450.0000   20.0000  0.9027E+00  0.2335E+01
 1450.0000   30.0000  0.8527E+00  0.1894E+01
 1450.0000   40.0000  0.8124E+00  0.1433E+01
 1450.0000   50.0000  0.7766E+00  0.1027E+01
 1450.0000   60.0000  0.7236E+00  0.7118E+00
 1450.0000   70.0000  0.6339E+00  0.4927E+00
 1450.0000   80.0000  0.5090E+00  0.3535E+00
 1450.0000   90.0000  0.3736E+00  0.2739E+00
 1450.0000  100.0000  0.2605E+00  0.2399E+00
 1450.0000  110.0000  0.1903E+00  0.2497E+00
 1450.0000  120.0000  0.1612E+00  0.3121E+00
 1450.0000  130.0000  0.1545E+00  0.4371E+00
 1450.0000  140.0000  0.1482E+00  0.6226E+00
 1450.0000  150.0000  0.1297E+00  0.8440E+00
 1450.0000  160.0000  0.1008E+00  0.1057E+01
 1450.0000  170.0000  0.7373E-01  0.1211E+01
 1450.0000  179.9000  0.6269E-01  0.1267E+01
 1460.0000    0.1000  0.1122E+01  0.2966E+01
 1460.0000   10.0000  0.1096E+01  0.2838E+01
 1460.0000   20.0000  0.1030E+01  0.2488E+01
 1460.0000   30.0000  0.9528E+00  0.2010E+01
 1460.0000   40.0000  0.8868E+00  0.1509E+01
 1460.0000   50.0000  0.8291E+00  0.1067E+01
 1460.0000   60.0000  0.7569E+00  0.7256E+00
 1460.0000   70.0000  0.6491E+00  0.4883E+00
 1460.0000   80.0000  0.5078E+00  0.3380E+00
 1460.0000   90.0000  0.3608E+00  0.2519E+00
 1460.0000  100.0000  0.2438E+00  0.2149E+00
 1460.0000  110.0000  0.1782E+00  0.2251E+00
 1460.0000  120.0000  0.1602E+00  0.2929E+00
 1460.0000  130.0000  0.1672E+00  0.4300E+00
 1460.0000  140.0000  0.1738E+00  0.6338E+00
 1460.0000  150.0000  0.1653E+00  0.8771E+00
 1460.0000  160.0000  0.1427E+00  0.1111E+01
 1460.0000  170.0000  0.1191E+00  0.1279E+01
 1460.0000  179.9000  0.1091E+00  0.1340E+01
 1470.0000    0.1000  0.1337E+01  0.3190E+01
 1470.0000   10.0000  0.1300E+01  0.3050E+01
 1470.0000   20.0000  0.1207E+01  0.2672E+01
 1470.0000   30.0000  0.1094E+01  0.2152E+01
 1470.0000   40.0000  0.9911E+00  0.1608E+01
 1470.0000   50.0000  0.9004E+00  0.1127E+01
 1470.0000   60.0000  0.7990E+00  0.7549E+00
 1470.0000   70.0000  0.6652E+00  0.4961E+00
 1470.0000   80.0000  0.5022E+00  0.3319E+00
 1470.0000   90.0000  0.3410E+00  0.2376E+00
 1470.0000  100.0000  0.2200E+00  0.1966E+00
 1470.0000  110.0000  0.1605E+00  0.2073E+00
 1470.0000  120.0000  0.1561E+00  0.2806E+00
 1470.0000  130.0000  0.1802E+00  0.4285E+00
 1470.0000  140.0000  0.2039E+00  0.6470E+00
 1470.0000  150.0000  0.2103E+00  0.9059E+00
 1470.0000  160.0000  0.1992E+00  0.1152E+01
 1470.0000  170.0000  0.1829E+00  0.1329E+01
 1470.0000  179.9000  0.1754E+00  0.1393E+01
 1480.0000    0.1000  0.1628E+01  0.3434E+01
 1480.0000   10.0000  0.1578E+01  0.3284E+01
 1480.0000   20.0000  0.1450E+01  0.2876E+01
 1480.0000   30.0000  0.1291E+01  0.2316E+01
 1480.0000   40.0000  0.1139E+01  0.1727E+01
 1480.0000   50.0000  0.1000E+01  0.1206E+01
 1480.0000   60.0000  0.8553E+00  0.8003E+00
 1480.0000   70.0000  0.6839E+00  0.5168E+00
 1480.0000   80.0000  0.4919E+00  0.3357E+00
 1480.0000   90.0000  0.3135E+00  0.2314E+00
 1480.0000  100.0000  0.1885E+00  0.1869E+00
 1480.0000  110.0000  0.1371E+00  0.2002E+00
 1480.0000  120.0000  0.1489E+00  0.2817E+00
 1480.0000  130.0000  0.1937E+00  0.4408E+00
 1480.0000  140.0000  0.2396E+00  0.6697E+00
 1480.0000  150.0000  0.2673E+00  0.9345E+00
 1480.0000  160.0000  0.2748E+00  0.1181E+01
 1480.0000  170.0000  0.2712E+00  0.1355E+01
 1480.0000  179.9000  0.2684E+00  0.1418E+01
 1490.0000    0.1000  0.2013E+01  0.3575E+01
 1490.0000   10.0000  0.1951E+01  0.3419E+01
 1490.0000   20.0000  0.1789E+01  0.2997E+01
 1490.0000   30.0000  0.1581E+01  0.2415E+01
 1490.0000   40.0000  0.1372E+01  0.1802E+01
 1490.0000   50.0000  0.1174E+01  0.1256E+01
 1490.0000   60.0000  0.9696E+00  0.8263E+00
 1490.0000   70.0000  0.7440E+00  0.5212E+00
 1490.0000   80.0000  0.5085E+00  0.3219E+00
 1490.0000   90.0000  0.3018E+00  0.2049E+00
 1490.0000  100.0000  0.1650E+00  0.1550E+00
 1490.0000  110.0000  0.1158E+00  0.1710E+00
 1490.0000  120.0000  0.1402E+00  0.2602E+00
 1490.0000  130.0000  0.2050E+00  0.4258E+00
 1490.0000  140.0000  0.2764E+00  0.6523E+00
 1490.0000  150.0000  0.3333E+00  0.9017E+00
 1490.0000  160.0000  0.3691E+00  0.1124E+01
 1490.0000  170.0000  0.3868E+00  0.1275E+01
 1490.0000  179.9000  0.3918E+00  0.1328E+01
 1500.0000    0.1000  0.2271E+01  0.3412E+01
 1500.0000   10.0000  0.2203E+01  0.3263E+01
 1500.0000   20.0000  0.2022E+01  0.2859E+01
 1500.0000   30.0000  0.1786E+01  0.2304E+01
 1500.0000   40.0000  0.1541E+01  0.1722E+01
 1500.0000   50.0000  0.1299E+01  0.1206E+01
 1500.0000   60.0000  0.1048E+01  0.8003E+00
 1500.0000   70.0000  0.7768E+00  0.5102E+00
 1500.0000   80.0000  0.5057E+00  0.3180E+00
 1500.0000   90.0000  0.2772E+00  0.2036E+00
 1500.0000  100.0000  0.1317E+00  0.1567E+00
 1500.0000  110.0000  0.8246E-01  0.1781E+00
 1500.0000  120.0000  0.1118E+00  0.2711E+00
 1500.0000  130.0000  0.1862E+00  0.4290E+00
 1500.0000  140.0000  0.2742E+00  0.6260E+00
 1500.0000  150.0000  0.3555E+00  0.8215E+00
 1500.0000  160.0000  0.4195E+00  0.9769E+00
 1500.0000  170.0000  0.4603E+00  0.1071E+01
 1500.0000  179.9000  0.4743E+00  0.1102E+01
 1510.0000    0.1000  0.2429E+01  0.3102E+01
 1510.0000   10.0000  0.2359E+01  0.2965E+01
 1510.0000   20.0000  0.2173E+01  0.2596E+01
 1510.0000   30.0000  0.1924E+01  0.2093E+01
 1510.0000   40.0000  0.1658E+01  0.1569E+01
 1510.0000   50.0000  0.1385E+01  0.1109E+01
 1510.0000   60.0000  0.1094E+01  0.7493E+00
 1510.0000   70.0000  0.7851E+00  0.4901E+00
 1510.0000   80.0000  0.4863E+00  0.3149E+00
 1510.0000   90.0000  0.2448E+00  0.2104E+00
 1510.0000  100.0000  0.9773E-01  0.1742E+00
 1510.0000  110.0000  0.5096E-01  0.2104E+00
 1510.0000  120.0000  0.8206E-01  0.3165E+00
 1510.0000  130.0000  0.1589E+00  0.4710E+00
 1510.0000  140.0000  0.2558E+00  0.6329E+00
 1510.0000  150.0000  0.3564E+00  0.7577E+00
 1510.0000  160.0000  0.4468E+00  0.8231E+00
 1510.0000  170.0000  0.5112E+00  0.8410E+00
 1510.0000  179.9000  0.5348E+00  0.8418E+00
 1520.0000    0.1000  0.2443E+01  0.2669E+01
 1520.0000   10.0000  0.2376E+01  0.2548E+01
 1520.0000   20.0000  0.2198E+01  0.2224E+01
 1520.0000   30.0000  0.1959E+01  0.1787E+01
 1520.0000   40.0000  0.1695E+01  0.1342E+01
 1520.0000   50.0000  0.1414E+01  0.9580E+00
 1520.0000   60.0000  0.1105E+01  0.6620E+00
 1520.0000   70.0000  0.7749E+00  0.4472E+00
 1520.0000   80.0000  0.4623E+00  0.2983E+00
 1520.0000   90.0000  0.2180E+00  0.2095E+00
 1520.0000  100.0000  0.7504E-01  0.1887E+00
 1520.0000  110.0000  0.3100E-01  0.2450E+00
 1520.0000  120.0000  0.5843E-01  0.3699E+00
 1520.0000  130.0000  0.1279E+00  0.5256E+00
 1520.0000  140.0000  0.2218E+00  0.6532E+00
 1520.0000  150.0000  0.3305E+00  0.7033E+00
 1520.0000  160.0000  0.4387E+00  0.6712E+00
 1520.0000  170.0000  0.5215E+00  0.6053E+00
 1520.0000  179.9000  0.5528E+00  0.5729E+00
 1530.0000    0.1000  0.2344E+01  0.2226E+01
 1530.0000   10.0000  0.2282E+01  0.2119E+01
 1530.0000   20.0000  0.2119E+01  0.1835E+01
 1530.0000   30.0000  0.1900E+01  0.1460E+01
 1530.0000   40.0000  0.1657E+01  0.1090E+01
 1530.0000   50.0000  0.1389E+01  0.7822E+00
 1530.0000   60.0000  0.1084E+01  0.5525E+00
 1530.0000   70.0000  0.7527E+00  0.3858E+00
 1530.0000   80.0000  0.4400E+00  0.2661E+00
 1530.0000   90.0000  0.2014E+00  0.1947E+00
 1530.0000  100.0000  0.6649E-01  0.1896E+00
 1530.0000  110.0000  0.2542E-01  0.2664E+00
 1530.0000  120.0000  0.4602E-01  0.4123E+00
 1530.0000  130.0000  0.1014E+00  0.5748E+00
 1530.0000  140.0000  0.1826E+00  0.6777E+00
 1530.0000  150.0000  0.2875E+00  0.6657E+00
 1530.0000  160.0000  0.4022E+00  0.5486E+00
 1530.0000  170.0000  0.4951E+00  0.4083E+00
 1530.0000  179.9000  0.5311E+00  0.3462E+00
 1540.0000    0.1000  0.2205E+01  0.1864E+01
 1540.0000   10.0000  0.2146E+01  0.1765E+01
 1540.0000   20.0000  0.1991E+01  0.1506E+01
 1540.0000   30.0000  0.1791E+01  0.1174E+01
 1540.0000   40.0000  0.1574E+01  0.8596E+00
 1540.0000   50.0000  0.1331E+01  0.6138E+00
 1540.0000   60.0000  0.1045E+01  0.4410E+00
 1540.0000   70.0000  0.7249E+00  0.3178E+00
 1540.0000   80.0000  0.4212E+00  0.2251E+00
 1540.0000   90.0000  0.1930E+00  0.1689E+00
 1540.0000  100.0000  0.6815E-01  0.1765E+00
 1540.0000  110.0000  0.3101E-01  0.2704E+00
 1540.0000  120.0000  0.4489E-01  0.4366E+00
 1540.0000  130.0000  0.8444E-01  0.6110E+00
 1540.0000  140.0000  0.1478E+00  0.7024E+00
 1540.0000  150.0000  0.2409E+00  0.6480E+00
 1540.0000  160.0000  0.3528E+00  0.4679E+00
 1540.0000  170.0000  0.4482E+00  0.2701E+00
 1540.0000  179.9000  0.4860E+00  0.1847E+00
 1550.0000    0.1000  0.2091E+01  0.1617E+01
 1550.0000   10.0000  0.2029E+01  0.1521E+01
 1550.0000   20.0000  0.1871E+01  0.1270E+01
 1550.0000   30.0000  0.1676E+01  0.9564E+00
 1550.0000   40.0000  0.1477E+01  0.6734E+00
 1550.0000   50.0000  0.1260E+01  0.4697E+00
 1550.0000   60.0000  0.9977E+00  0.3408E+00
 1550.0000   70.0000  0.6950E+00  0.2537E+00
 1550.0000   80.0000  0.4043E+00  0.1839E+00
 1550.0000   90.0000  0.1884E+00  0.1393E+00
 1550.0000  100.0000  0.7501E-01  0.1552E+00
 1550.0000  110.0000  0.4386E-01  0.2619E+00
 1550.0000  120.0000  0.5353E-01  0.4465E+00
 1550.0000  130.0000  0.7871E-01  0.6370E+00
 1550.0000  140.0000  0.1232E+00  0.7287E+00
 1550.0000  150.0000  0.2004E+00  0.6500E+00
 1550.0000  160.0000  0.3036E+00  0.4266E+00
 1550.0000  170.0000  0.3965E+00  0.1867E+00
 1550.0000  179.9000  0.4343E+00  0.8388E-01
 1560.0000    0.1000  0.2045E+01  0.1484E+01
 1560.0000   10.0000  0.1973E+01  0.1384E+01
 1560.0000   20.0000  0.1794E+01  0.1124E+01
 1560.0000   30.0000  0.1585E+01  0.8063E+00
 1560.0000   40.0000  0.1390E+01  0.5328E+00
 1560.0000   50.0000  0.1191E+01  0.3533E+00
 1560.0000   60.0000  0.9496E+00  0.2567E+00
 1560.0000   70.0000  0.6647E+00  0.1992E+00
 1560.0000   80.0000  0.3876E+00  0.1484E+00
 1560.0000   90.0000  0.1848E+00  0.1119E+00
 1560.0000  100.0000  0.8460E-01  0.1319E+00
 1560.0000  110.0000  0.6251E-01  0.2474E+00
 1560.0000  120.0000  0.7166E-01  0.4492E+00
 1560.0000  130.0000  0.8531E-01  0.6592E+00
 1560.0000  140.0000  0.1116E+00  0.7602E+00
 1560.0000  150.0000  0.1711E+00  0.6704E+00
 1560.0000  160.0000  0.2626E+00  0.4171E+00
 1560.0000  170.0000  0.3502E+00  0.1451E+00
 1560.0000  179.9000  0.3866E+00  0.2847E-01
 1570.0000    0.1000  0.2093E+01  0.1451E+01
 1570.0000   10.0000  0.2003E+01  0.1340E+01
 1570.0000   20.0000  0.1785E+01  0.1056E+01
 1570.0000   30.0000  0.1538E+01  0.7144E+00
 1570.0000   40.0000  0.1326E+01  0.4311E+00
 1570.0000   50.0000  0.1132E+01  0.2613E+00
 1570.0000   60.0000  0.9056E+00  0.1884E+00
 1570.0000   70.0000  0.6354E+00  0.1564E+00
 1570.0000   80.0000  0.3710E+00  0.1221E+00
 1570.0000   90.0000  0.1818E+00  0.9061E-01
 1570.0000  100.0000  0.9710E-01  0.1107E+00
 1570.0000  110.0000  0.8784E-01  0.2318E+00
 1570.0000  120.0000  0.1006E+00  0.4502E+00
 1570.0000  130.0000  0.1058E+00  0.6834E+00
 1570.0000  140.0000  0.1151E+00  0.8008E+00
 1570.0000  150.0000  0.1563E+00  0.7081E+00
 1570.0000  160.0000  0.2342E+00  0.4323E+00
 1570.0000  170.0000  0.3149E+00  0.1330E+00
 1570.0000  179.9000  0.3494E+00  0.4124E-02
 1580.0000    0.1000  0.2254E+01  0.1505E+01
 1580.0000   10.0000  0.2139E+01  0.1379E+01
 1580.0000   20.0000  0.1859E+01  0.1056E+01
 1580.0000   30.0000  0.1548E+01  0.6720E+00
 1580.0000   40.0000  0.1296E+01  0.3615E+00
 1580.0000   50.0000  0.1090E+01  0.1894E+00
 1580.0000   60.0000  0.8695E+00  0.1344E+00
 1580.0000   70.0000  0.6091E+00  0.1259E+00
 1580.0000   80.0000  0.3554E+00  0.1068E+00
 1580.0000   90.0000  0.1803E+00  0.7770E-01
 1580.0000  100.0000  0.1138E+00  0.9418E-01
 1580.0000  110.0000  0.1216E+00  0.2180E+00
 1580.0000  120.0000  0.1424E+00  0.4535E+00
 1580.0000  130.0000  0.1422E+00  0.7138E+00
 1580.0000  140.0000  0.1357E+00  0.8536E+00
 1580.0000  150.0000  0.1583E+00  0.7632E+00
 1580.0000  160.0000  0.2218E+00  0.4679E+00
 1580.0000  170.0000  0.2947E+00  0.1419E+00
 1580.0000  179.9000  0.3269E+00  0.9070E-03
 1590.0000    0.1000  0.2544E+01  0.1645E+01
 1590.0000   10.0000  0.2394E+01  0.1498E+01
 1590.0000   20.0000  0.2029E+01  0.1121E+01
 1590.0000   30.0000  0.1625E+01  0.6748E+00
 1590.0000   40.0000  0.1306E+01  0.3197E+00
 1590.0000   50.0000  0.1071E+01  0.1344E+00
 1590.0000   60.0000  0.8443E+00  0.9311E-01
 1590.0000   70.0000  0.5877E+00  0.1080E+00
 1590.0000   80.0000  0.3421E+00  0.1040E+00
 1590.0000   90.0000  0.1813E+00  0.7471E-01
 1590.0000  100.0000  0.1357E+00  0.8349E-01
 1590.0000  110.0000  0.1649E+00  0.2074E+00
 1590.0000  120.0000  0.1981E+00  0.4609E+00
 1590.0000  130.0000  0.1959E+00  0.7531E+00
 1590.0000  140.0000  0.1751E+00  0.9208E+00
 1590.0000  150.0000  0.1793E+00  0.8363E+00
 1590.0000  160.0000  0.2279E+00  0.5214E+00
 1590.0000  170.0000  0.2925E+00  0.1671E+00
 1590.0000  179.9000  0.3224E+00  0.1288E-01
 1600.0000    0.1000  0.2972E+01  0.1877E+01
 1600.0000   10.0000  0.2778E+01  0.1701E+01
 1600.0000   20.0000  0.2303E+01  0.1253E+01
 1600.0000   30.0000  0.1775E+01  0.7234E+00
 1600.0000   40.0000  0.1361E+01  0.3047E+00
 1600.0000   50.0000  0.1075E+01  0.9472E-01
 1600.0000   60.0000  0.8305E+00  0.6381E-01
 1600.0000   70.0000  0.5713E+00  0.1031E+00
 1600.0000   80.0000  0.3310E+00  0.1146E+00
 1600.0000   90.0000  0.1847E+00  0.8242E-01
 1600.0000  100.0000  0.1627E+00  0.7889E-01
 1600.0000  110.0000  0.2175E+00  0.1999E+00
 1600.0000  120.0000  0.2677E+00  0.4729E+00
 1600.0000  130.0000  0.2669E+00  0.8022E+00
 1600.0000  140.0000  0.2338E+00  0.1004E+01
 1600.0000  150.0000  0.2204E+00  0.9276E+00
 1600.0000  160.0000  0.2541E+00  0.5918E+00
 1600.0000  170.0000  0.3104E+00  0.2057E+00
 1600.0000  179.9000  0.3377E+00  0.3663E-01
 1610.0000    0.1000  0.3541E+01  0.2205E+01
 1610.0000   10.0000  0.3293E+01  0.1995E+01
 1610.0000   20.0000  0.2682E+01  0.1457E+01
 1610.0000   30.0000  0.1997E+01  0.8204E+00
 1610.0000   40.0000  0.1460E+01  0.3173E+00
 1610.0000   50.0000  0.1102E+01  0.7006E-01
 1610.0000   60.0000  0.8262E+00  0.4607E-01
 1610.0000   70.0000  0.5578E+00  0.1112E+00
 1610.0000   80.0000  0.3206E+00  0.1386E+00
 1610.0000   90.0000  0.1892E+00  0.1003E+00
 1610.0000  100.0000  0.1932E+00  0.7891E-01
 1610.0000  110.0000  0.2776E+00  0.1935E+00
 1610.0000  120.0000  0.3493E+00  0.4872E+00
 1610.0000  130.0000  0.3540E+00  0.8590E+00
 1610.0000  140.0000  0.3113E+00  0.1100E+01
 1610.0000  150.0000  0.2813E+00  0.1035E+01
 1610.0000  160.0000  0.3004E+00  0.6767E+00
 1610.0000  170.0000  0.3481E+00  0.2556E+00
 1610.0000  179.9000  0.3728E+00  0.6995E-01
 1620.0000    0.1000  0.4231E+01  0.2621E+01
 1620.0000   10.0000  0.3920E+01  0.2370E+01
 1620.0000   20.0000  0.3150E+01  0.1727E+01
 1620.0000   30.0000  0.2279E+01  0.9606E+00
 1620.0000   40.0000  0.1589E+01  0.3541E+00
 1620.0000   50.0000  0.1138E+01  0.5909E-01
 1620.0000   60.0000  0.8199E+00  0.4014E-01
 1620.0000   70.0000  0.5384E+00  0.1333E+00
 1620.0000   80.0000  0.3047E+00  0.1773E+00
 1620.0000   90.0000  0.1904E+00  0.1287E+00
 1620.0000  100.0000  0.2232E+00  0.8285E-01
 1620.0000  110.0000  0.3405E+00  0.1863E+00
 1620.0000  120.0000  0.4377E+00  0.5012E+00
 1620.0000  130.0000  0.4518E+00  0.9201E+00
 1620.0000  140.0000  0.4025E+00  0.1206E+01
 1620.0000  150.0000  0.3571E+00  0.1156E+01
 1620.0000  160.0000  0.3610E+00  0.7755E+00
 1620.0000  170.0000  0.3990E+00  0.3183E+00
 1620.0000  179.9000  0.4205E+00  0.1155E+00
 1630.0000    0.1000  0.5042E+01  0.3125E+01
 1630.0000   10.0000  0.4661E+01  0.2827E+01
 1630.0000   20.0000  0.3711E+01  0.2062E+01
 1630.0000   30.0000  0.2623E+01  0.1147E+01
 1630.0000   40.0000  0.1751E+01  0.4184E+00
 1630.0000   50.0000  0.1182E+01  0.6386E-01
 1630.0000   60.0000  0.8060E+00  0.4631E-01
 1630.0000   70.0000  0.5074E+00  0.1681E+00
 1630.0000   80.0000  0.2802E+00  0.2279E+00
 1630.0000   90.0000  0.1880E+00  0.1648E+00
 1630.0000  100.0000  0.2538E+00  0.8849E-01
 1630.0000  110.0000  0.4076E+00  0.1765E+00
 1630.0000  120.0000  0.5341E+00  0.5116E+00
 1630.0000  130.0000  0.5618E+00  0.9795E+00
 1630.0000  140.0000  0.5082E+00  0.1314E+01
 1630.0000  150.0000  0.4464E+00  0.1282E+01
 1630.0000  160.0000  0.4310E+00  0.8844E+00
 1630.0000  170.0000  0.4545E+00  0.3949E+00
 1630.0000  179.9000  0.4709E+00  0.1765E+00
 1640.0000    0.1000  0.5927E+01  0.3654E+01
 1640.0000   10.0000  0.5474E+01  0.3309E+01
 1640.0000   20.0000  0.4337E+01  0.2420E+01
 1640.0000   30.0000  0.3018E+01  0.1351E+01
 1640.0000   40.0000  0.1939E+01  0.4970E+00
 1640.0000   50.0000  0.1228E+01  0.8111E-01
 1640.0000   60.0000  0.7803E+00  0.6500E-01
 1640.0000   70.0000  0.4613E+00  0.2151E+00
 1640.0000   80.0000  0.2452E+00  0.2880E+00
 1640.0000   90.0000  0.1809E+00  0.2053E+00
 1640.0000  100.0000  0.2823E+00  0.9295E-01
 1640.0000  110.0000  0.4732E+00  0.1606E+00
 1640.0000  120.0000  0.6313E+00  0.5110E+00
 1640.0000  130.0000  0.6769E+00  0.1024E+01
 1640.0000  140.0000  0.6226E+00  0.1406E+01
 1640.0000  150.0000  0.5430E+00  0.1399E+01
 1640.0000  160.0000  0.5016E+00  0.9976E+00
 1640.0000  170.0000  0.5029E+00  0.4907E+00
 1640.0000  179.9000  0.5106E+00  0.2629E+00
 1650.0000    0.1000  0.6794E+01  0.4114E+01
 1650.0000   10.0000  0.6277E+01  0.3728E+01
 1650.0000   20.0000  0.4971E+01  0.2732E+01
 1650.0000   30.0000  0.3432E+01  0.1532E+01
 1650.0000   40.0000  0.2143E+01  0.5710E+00
 1650.0000   50.0000  0.1276E+01  0.1064E+00
 1650.0000   60.0000  0.7420E+00  0.9630E-01
 1650.0000   70.0000  0.4000E+00  0.2724E+00
 1650.0000   80.0000  0.2010E+00  0.3528E+00
 1650.0000   90.0000  0.1697E+00  0.2459E+00
 1650.0000  100.0000  0.3059E+00  0.9525E-01
 1650.0000  110.0000  0.5297E+00  0.1386E+00
 1650.0000  120.0000  0.7180E+00  0.4945E+00
 1650.0000  130.0000  0.7859E+00  0.1037E+01
 1650.0000  140.0000  0.7361E+00  0.1457E+01
 1650.0000  150.0000  0.6381E+00  0.1484E+01
 1650.0000  160.0000  0.5622E+00  0.1104E+01
 1650.0000  170.0000  0.5306E+00  0.6089E+00
 1650.0000  179.9000  0.5249E+00  0.3846E+00
 1660.0000    0.1000  0.7503E+01  0.4389E+01
 1660.0000   10.0000  0.6944E+01  0.3978E+01
 1660.0000   20.0000  0.5521E+01  0.2917E+01
 1660.0000   30.0000  0.3814E+01  0.1638E+01
 1660.0000   40.0000  0.2343E+01  0.6177E+00
 1660.0000   50.0000  0.1323E+01  0.1332E+00
 1660.0000   60.0000  0.6978E+00  0.1374E+00
 1660.0000   70.0000  0.3316E+00  0.3336E+00
 1660.0000   80.0000  0.1539E+00  0.4131E+00
 1660.0000   90.0000  0.1571E+00  0.2803E+00
 1660.0000  100.0000  0.3208E+00  0.9536E-01
 1660.0000  110.0000  0.5659E+00  0.1141E+00
 1660.0000  120.0000  0.7782E+00  0.4604E+00
 1660.0000  130.0000  0.8713E+00  0.1006E+01
 1660.0000  140.0000  0.8334E+00  0.1444E+01
 1660.0000  150.0000  0.7200E+00  0.1509E+01
 1660.0000  160.0000  0.6043E+00  0.1184E+01
 1660.0000  170.0000  0.5306E+00  0.7404E+00
 1660.0000  179.9000  0.5069E+00  0.5376E+00
 1670.0000    0.1000  0.7917E+01  0.4396E+01
 1670.0000   10.0000  0.7348E+01  0.3984E+01
 1670.0000   20.0000  0.5888E+01  0.2919E+01
 1670.0000   30.0000  0.4100E+01  0.1637E+01
 1670.0000   40.0000  0.2511E+01  0.6214E+00
 1670.0000   50.0000  0.1369E+01  0.1547E+00
 1670.0000   60.0000  0.6600E+00  0.1809E+00
 1670.0000   70.0000  0.2705E+00  0.3873E+00
 1670.0000   80.0000  0.1141E+00  0.4568E+00
 1670.0000   90.0000  0.1467E+00  0.3011E+00
 1670.0000  100.0000  0.3245E+00  0.9372E-01
 1670.0000  110.0000  0.5735E+00  0.9233E-01
 1670.0000  120.0000  0.7977E+00  0.4124E+00
 1670.0000  130.0000  0.9156E+00  0.9271E+00
 1670.0000  140.0000  0.8976E+00  0.1353E+01
 1670.0000  150.0000  0.7775E+00  0.1454E+01
 1670.0000  160.0000  0.6260E+00  0.1213E+01
 1670.0000  170.0000  0.5096E+00  0.8597E+00
 1670.0000  179.9000  0.4671E+00  0.6958E+00
 1680.0000    0.1000  0.7991E+01  0.4149E+01
 1680.0000   10.0000  0.7444E+01  0.3758E+01
 1680.0000   20.0000  0.6025E+01  0.2748E+01
 1680.0000   30.0000  0.4253E+01  0.1536E+01
 1680.0000   40.0000  0.2628E+01  0.5850E+00
 1680.0000   50.0000  0.1414E+01  0.1661E+00
 1680.0000   60.0000  0.6414E+00  0.2157E+00
 1680.0000   70.0000  0.2312E+00  0.4204E+00
 1680.0000   80.0000  0.9062E-01  0.4734E+00
 1680.0000   90.0000  0.1424E+00  0.3036E+00
 1680.0000  100.0000  0.3193E+00  0.9098E-01
 1680.0000  110.0000  0.5549E+00  0.7845E-01
 1680.0000  120.0000  0.7770E+00  0.3606E+00
 1680.0000  130.0000  0.9140E+00  0.8147E+00
 1680.0000  140.0000  0.9208E+00  0.1199E+01
 1680.0000  150.0000  0.8065E+00  0.1324E+01
 1680.0000  160.0000  0.6336E+00  0.1179E+01
 1680.0000  170.0000  0.4858E+00  0.9358E+00
 1680.0000  179.9000  0.4286E+00  0.8208E+00
 1690.0000    0.1000  0.7718E+01  0.3664E+01
 1690.0000   10.0000  0.7216E+01  0.3315E+01
 1690.0000   20.0000  0.5904E+01  0.2413E+01
 1690.0000   30.0000  0.4238E+01  0.1333E+01
 1690.0000   40.0000  0.2665E+01  0.4984E+00
 1690.0000   50.0000  0.1443E+01  0.1532E+00
 1690.0000   60.0000  0.6417E+00  0.2291E+00
 1690.0000   70.0000  0.2165E+00  0.4253E+00
 1690.0000   80.0000  0.8015E-01  0.4605E+00
 1690.0000   90.0000  0.1333E+00  0.2862E+00
 1690.0000  100.0000  0.2915E+00  0.8317E-01
 1690.0000  110.0000  0.4975E+00  0.6861E-01
 1690.0000  120.0000  0.7044E+00  0.3090E+00
 1690.0000  130.0000  0.8545E+00  0.6880E+00
 1690.0000  140.0000  0.8923E+00  0.1013E+01
 1690.0000  150.0000  0.8036E+00  0.1150E+01
 1690.0000  160.0000  0.6374E+00  0.1096E+01
 1690.0000  170.0000  0.4830E+00  0.9646E+00
 1690.0000  179.9000  0.4209E+00  0.8993E+00
 1700.0000    0.1000  0.7291E+01  0.3121E+01
 1700.0000   10.0000  0.6837E+01  0.2822E+01
 1700.0000   20.0000  0.5644E+01  0.2048E+01
 1700.0000   30.0000  0.4108E+01  0.1125E+01
 1700.0000   40.0000  0.2623E+01  0.4248E+00
 1700.0000   50.0000  0.1433E+01  0.1618E+00
 1700.0000   60.0000  0.6304E+00  0.2639E+00
 1700.0000   70.0000  0.2040E+00  0.4481E+00
 1700.0000   80.0000  0.7610E-01  0.4620E+00
 1700.0000   90.0000  0.1332E+00  0.2802E+00
 1700.0000  100.0000  0.2758E+00  0.8311E-01
 1700.0000  110.0000  0.4515E+00  0.6244E-01
 1700.0000  120.0000  0.6337E+00  0.2595E+00
 1700.0000  130.0000  0.7803E+00  0.5667E+00
 1700.0000  140.0000  0.8332E+00  0.8395E+00
 1700.0000  150.0000  0.7641E+00  0.9934E+00
 1700.0000  160.0000  0.6102E+00  0.1029E+01
 1700.0000  170.0000  0.4595E+00  0.1004E+01
 1700.0000  179.9000  0.3977E+00  0.9857E+00
 1710.0000    0.1000  0.6891E+01  0.2645E+01
 1710.0000   10.0000  0.6478E+01  0.2393E+01
 1710.0000   20.0000  0.5391E+01  0.1739E+01
 1710.0000   30.0000  0.3978E+01  0.9566E+00
 1710.0000   40.0000  0.2587E+01  0.3689E+00
 1710.0000   50.0000  0.1442E+01  0.1645E+00
 1710.0000   60.0000  0.6451E+00  0.2745E+00
 1710.0000   70.0000  0.2142E+00  0.4393E+00
 1710.0000   80.0000  0.8635E-01  0.4357E+00
 1710.0000   90.0000  0.1426E+00  0.2578E+00
 1710.0000  100.0000  0.2723E+00  0.8000E-01
 1710.0000  110.0000  0.4233E+00  0.6540E-01
 1710.0000  120.0000  0.5822E+00  0.2293E+00
 1710.0000  130.0000  0.7200E+00  0.4706E+00
 1710.0000  140.0000  0.7815E+00  0.6876E+00
 1710.0000  150.0000  0.7315E+00  0.8411E+00
 1710.0000  160.0000  0.5977E+00  0.9377E+00
 1710.0000  170.0000  0.4613E+00  0.9913E+00
 1710.0000  179.9000  0.4046E+00  0.1009E+01
 1720.0000    0.1000  0.6528E+01  0.2219E+01
 1720.0000   10.0000  0.6148E+01  0.2010E+01
 1720.0000   20.0000  0.5145E+01  0.1467E+01
 1720.0000   30.0000  0.3840E+01  0.8122E+00
 1720.0000   40.0000  0.2541E+01  0.3219E+00
 1720.0000   50.0000  0.1448E+01  0.1635E+00
 1720.0000   60.0000  0.6654E+00  0.2743E+00
 1720.0000   70.0000  0.2313E+00  0.4184E+00
 1720.0000   80.0000  0.9965E-01  0.4003E+00
 1720.0000   90.0000  0.1527E+00  0.2299E+00
 1720.0000  100.0000  0.2723E+00  0.7472E-01
 1720.0000  110.0000  0.4040E+00  0.7115E-01
 1720.0000  120.0000  0.5421E+00  0.2106E+00
 1720.0000  130.0000  0.6684E+00  0.3968E+00
 1720.0000  140.0000  0.7336E+00  0.5637E+00
 1720.0000  150.0000  0.7011E+00  0.7103E+00
 1720.0000  160.0000  0.5919E+00  0.8493E+00
 1720.0000  170.0000  0.4765E+00  0.9608E+00
 1720.0000  179.9000  0.4281E+00  0.1005E+01
 1730.0000    0.1000  0.6230E+01  0.1846E+01
 1730.0000   10.0000  0.5871E+01  0.1678E+01
 1730.0000   20.0000  0.4928E+01  0.1234E+01
 1730.0000   30.0000  0.3705E+01  0.6916E+00
 1730.0000   40.0000  0.2487E+01  0.2841E+00
 1730.0000   50.0000  0.1446E+01  0.1614E+00
 1730.0000   60.0000  0.6832E+00  0.2692E+00
 1730.0000   70.0000  0.2480E+00  0.3937E+00
 1730.0000   80.0000  0.1117E+00  0.3631E+00
 1730.0000   90.0000  0.1617E+00  0.2010E+00
 1730.0000  100.0000  0.2748E+00  0.6838E-01
 1730.0000  110.0000  0.3926E+00  0.7806E-01
 1730.0000  120.0000  0.5132E+00  0.2002E+00
 1730.0000  130.0000  0.6269E+00  0.3419E+00
 1730.0000  140.0000  0.6922E+00  0.4660E+00
 1730.0000  150.0000  0.6747E+00  0.6029E+00
 1730.0000  160.0000  0.5905E+00  0.7708E+00
 1730.0000  170.0000  0.4989E+00  0.9244E+00
 1730.0000  179.9000  0.4602E+00  0.9877E+00
 1740.0000    0.1000  0.6010E+01  0.1527E+01
 1740.0000   10.0000  0.5660E+01  0.1395E+01
 1740.0000   20.0000  0.4751E+01  0.1039E+01
 1740.0000   30.0000  0.3585E+01  0.5937E+00
 1740.0000   40.0000  0.2430E+01  0.2551E+00
 1740.0000   50.0000  0.1437E+01  0.1599E+00
 1740.0000   60.0000  0.6952E+00  0.2626E+00
 1740.0000   70.0000  0.2610E+00  0.3691E+00
 1740.0000   80.0000  0.1210E+00  0.3279E+00
 1740.0000   90.0000  0.1694E+00  0.1735E+00
 1740.0000  100.0000  0.2794E+00  0.6181E-01
 1740.0000  110.0000  0.3879E+00  0.8540E-01
 1740.0000  120.0000  0.4942E+00  0.1958E+00
 1740.0000  130.0000  0.5955E+00  0.3018E+00
 1740.0000  140.0000  0.6582E+00  0.3900E+00
 1740.0000  150.0000  0.6527E+00  0.5162E+00
 1740.0000  160.0000  0.5922E+00  0.7039E+00
 1740.0000  170.0000  0.5243E+00  0.8880E+00
 1740.0000  179.9000  0.4957E+00  0.9656E+00
 1750.0000    0.1000  0.5870E+01  0.1258E+01
 1750.0000   10.0000  0.5521E+01  0.1157E+01
 1750.0000   20.0000  0.4621E+01  0.8788E+00
 1750.0000   30.0000  0.3484E+01  0.5169E+00
 1750.0000   40.0000  0.2375E+01  0.2348E+00
 1750.0000   50.0000  0.1423E+01  0.1599E+00
 1750.0000   60.0000  0.7005E+00  0.2562E+00
 1750.0000   70.0000  0.2692E+00  0.3468E+00
 1750.0000   80.0000  0.1275E+00  0.2962E+00
 1750.0000   90.0000  0.1763E+00  0.1486E+00
 1750.0000  100.0000  0.2862E+00  0.5564E-01
 1750.0000  110.0000  0.3888E+00  0.9292E-01
 1750.0000  120.0000  0.4834E+00  0.1955E+00
 1750.0000  130.0000  0.5727E+00  0.2730E+00
 1750.0000  140.0000  0.6312E+00  0.3313E+00
 1750.0000  150.0000  0.6350E+00  0.4472E+00
 1750.0000  160.0000  0.5958E+00  0.6483E+00
 1750.0000  170.0000  0.5506E+00  0.8547E+00
 1750.0000  179.9000  0.5318E+00  0.9428E+00
 1760.0000    0.1000  0.5809E+01  0.1033E+01
 1760.0000   10.0000  0.5451E+01  0.9601E+00
 1760.0000   20.0000  0.4537E+01  0.7496E+00
 1760.0000   30.0000  0.3405E+01  0.4588E+00
 1760.0000   40.0000  0.2323E+01  0.2225E+00
 1760.0000   50.0000  0.1403E+01  0.1616E+00
 1760.0000   60.0000  0.6997E+00  0.2506E+00
 1760.0000   70.0000  0.2729E+00  0.3272E+00
 1760.0000   80.0000  0.1317E+00  0.2687E+00
 1760.0000   90.0000  0.1833E+00  0.1268E+00
 1760.0000  100.0000  0.2952E+00  0.5035E-01
 1760.0000  110.0000  0.3943E+00  0.1006E+00
 1760.0000  120.0000  0.4792E+00  0.1983E+00
 1760.0000  130.0000  0.5572E+00  0.2529E+00
 1760.0000  140.0000  0.6102E+00  0.2863E+00
 1760.0000  150.0000  0.6210E+00  0.3928E+00
 1760.0000  160.0000  0.6009E+00  0.6032E+00
 1760.0000  170.0000  0.5769E+00  0.8260E+00
 1760.0000  179.9000  0.5673E+00  0.9219E+00
 1770.0000    0.1000  0.5821E+01  0.8439E+00
 1770.0000   10.0000  0.5446E+01  0.7970E+00
 1770.0000   20.0000  0.4497E+01  0.6470E+00
 1770.0000   30.0000  0.3347E+01  0.4172E+00
 1770.0000   40.0000  0.2275E+01  0.2172E+00
 1770.0000   50.0000  0.1379E+01  0.1651E+00
 1770.0000   60.0000  0.6932E+00  0.2462E+00
 1770.0000   70.0000  0.2729E+00  0.3107E+00
 1770.0000   80.0000  0.1347E+00  0.2455E+00
 1770.0000   90.0000  0.1911E+00  0.1084E+00
 1770.0000  100.0000  0.3068E+00  0.4625E-01
 1770.0000  110.0000  0.4040E+00  0.1086E+00
 1770.0000  120.0000  0.4803E+00  0.2034E+00
 1770.0000  130.0000  0.5474E+00  0.2396E+00
 1770.0000  140.0000  0.5941E+00  0.2523E+00
 1770.0000  150.0000  0.6102E+00  0.3503E+00
 1770.0000  160.0000  0.6072E+00  0.5673E+00
 1770.0000  170.0000  0.6031E+00  0.8022E+00
 1770.0000  179.9000  0.6023E+00  0.9038E+00
 1780.0000    0.1000  0.5902E+01  0.6853E+00
 1780.0000   10.0000  0.5501E+01  0.6620E+00
 1780.0000   20.0000  0.4498E+01  0.5666E+00
 1780.0000   30.0000  0.3307E+01  0.3896E+00
 1780.0000   40.0000  0.2230E+01  0.2181E+00
 1780.0000   50.0000  0.1351E+01  0.1702E+00
 1780.0000   60.0000  0.6818E+00  0.2430E+00
 1780.0000   70.0000  0.2699E+00  0.2970E+00
 1780.0000   80.0000  0.1372E+00  0.2263E+00
 1780.0000   90.0000  0.2004E+00  0.9325E-01
 1780.0000  100.0000  0.3212E+00  0.4362E-01
 1780.0000  110.0000  0.4174E+00  0.1172E+00
 1780.0000  120.0000  0.4860E+00  0.2105E+00
 1780.0000  130.0000  0.5423E+00  0.2318E+00
 1780.0000  140.0000  0.5820E+00  0.2274E+00
 1780.0000  150.0000  0.6017E+00  0.3180E+00
 1780.0000  160.0000  0.6145E+00  0.5394E+00
 1780.0000  170.0000  0.6294E+00  0.7831E+00
 1780.0000  179.9000  0.6373E+00  0.8888E+00
 1790.0000    0.1000  0.6048E+01  0.5512E+00
 1790.0000   10.0000  0.5614E+01  0.5499E+00
 1790.0000   20.0000  0.4537E+01  0.5047E+00
 1790.0000   30.0000  0.3284E+01  0.3738E+00
 1790.0000   40.0000  0.2186E+01  0.2245E+00
 1790.0000   50.0000  0.1318E+01  0.1769E+00
 1790.0000   60.0000  0.6659E+00  0.2408E+00
 1790.0000   70.0000  0.2647E+00  0.2861E+00
 1790.0000   80.0000  0.1402E+00  0.2111E+00
 1790.0000   90.0000  0.2120E+00  0.8153E-01
 1790.0000  100.0000  0.3388E+00  0.4266E-01
 1790.0000  110.0000  0.4345E+00  0.1263E+00
 1790.0000  120.0000  0.4956E+00  0.2193E+00
 1790.0000  130.0000  0.5409E+00  0.2287E+00
 1790.0000  140.0000  0.5726E+00  0.2100E+00
 1790.0000  150.0000  0.5948E+00  0.2941E+00
 1790.0000  160.0000  0.6225E+00  0.5182E+00
 1790.0000  170.0000  0.6563E+00  0.7677E+00
 1790.0000  179.9000  0.6728E+00  0.8763E+00
 1800.0000    0.1000  0.6258E+01  0.4371E+00
 1800.0000   10.0000  0.5781E+01  0.4565E+00
 1800.0000   20.0000  0.4611E+01  0.4579E+00
 1800.0000   30.0000  0.3275E+01  0.3681E+00
 1800.0000   40.0000  0.2143E+01  0.2355E+00
 1800.0000   50.0000  0.1281E+01  0.1849E+00
 1800.0000   60.0000  0.6456E+00  0.2395E+00
 1800.0000   70.0000  0.2582E+00  0.2776E+00
 1800.0000   80.0000  0.1443E+00  0.1997E+00
 1800.0000   90.0000  0.2262E+00  0.7329E-01
 1800.0000  100.0000  0.3599E+00  0.4360E-01
 1800.0000  110.0000  0.4553E+00  0.1363E+00
 1800.0000  120.0000  0.5088E+00  0.2297E+00
 1800.0000  130.0000  0.5423E+00  0.2296E+00
 1800.0000  140.0000  0.5649E+00  0.1993E+00
 1800.0000  150.0000  0.5885E+00  0.2776E+00
 1800.0000  160.0000  0.6309E+00  0.5025E+00
 1800.0000  170.0000  0.6841E+00  0.7552E+00
 1800.0000  179.9000  0.7095E+00  0.8653E+00
 1810.0000    0.1000  0.6529E+01  0.3392E+00
 1810.0000   10.0000  0.6003E+01  0.3785E+00
 1810.0000   20.0000  0.4718E+01  0.4237E+00
 1810.0000   30.0000  0.3278E+01  0.3705E+00
 1810.0000   40.0000  0.2098E+01  0.2503E+00
 1810.0000   50.0000  0.1237E+01  0.1938E+00
 1810.0000   60.0000  0.6211E+00  0.2391E+00
 1810.0000   70.0000  0.2508E+00  0.2715E+00
 1810.0000   80.0000  0.1501E+00  0.1921E+00
 1810.0000   90.0000  0.2433E+00  0.6866E-01
 1810.0000  100.0000  0.3843E+00  0.4670E-01
 1810.0000  110.0000  0.4799E+00  0.1471E+00
 1810.0000  120.0000  0.5255E+00  0.2415E+00
 1810.0000  130.0000  0.5459E+00  0.2342E+00
 1810.0000  140.0000  0.5575E+00  0.1947E+00
 1810.0000  150.0000  0.5816E+00  0.2675E+00
 1810.0000  160.0000  0.6392E+00  0.4912E+00
 1810.0000  170.0000  0.7129E+00  0.7443E+00
 1810.0000  179.9000  0.7480E+00  0.8545E+00
 1820.0000    0.1000  0.6863E+01  0.2552E+00
 1820.0000   10.0000  0.6278E+01  0.3132E+00
 1820.0000   20.0000  0.4857E+01  0.3993E+00
 1820.0000   30.0000  0.3291E+01  0.3789E+00
 1820.0000   40.0000  0.2049E+01  0.2676E+00
 1820.0000   50.0000  0.1186E+01  0.2032E+00
 1820.0000   60.0000  0.5921E+00  0.2390E+00
 1820.0000   70.0000  0.2430E+00  0.2673E+00
 1820.0000   80.0000  0.1578E+00  0.1880E+00
 1820.0000   90.0000  0.2632E+00  0.6784E-01
 1820.0000  100.0000  0.4122E+00  0.5220E-01
 1820.0000  110.0000  0.5082E+00  0.1590E+00
 1820.0000  120.0000  0.5454E+00  0.2546E+00
 1820.0000  130.0000  0.5510E+00  0.2422E+00
 1820.0000  140.0000  0.5493E+00  0.1954E+00
 1820.0000  150.0000  0.5725E+00  0.2628E+00
 1820.0000  160.0000  0.6460E+00  0.4830E+00
 1820.0000  170.0000  0.7423E+00  0.7332E+00
 1820.0000  179.9000  0.7880E+00  0.8422E+00
 1830.0000    0.1000  0.7257E+01  0.1836E+00
 1830.0000   10.0000  0.6604E+01  0.2589E+00
 1830.0000   20.0000  0.5027E+01  0.3824E+00
 1830.0000   30.0000  0.3312E+01  0.3913E+00
 1830.0000   40.0000  0.1994E+01  0.2861E+00
 1830.0000   50.0000  0.1126E+01  0.2125E+00
 1830.0000   60.0000  0.5585E+00  0.2390E+00
 1830.0000   70.0000  0.2350E+00  0.2648E+00
 1830.0000   80.0000  0.1674E+00  0.1875E+00
 1830.0000   90.0000  0.2854E+00  0.7096E-01
 1830.0000  100.0000  0.4427E+00  0.6029E-01
 1830.0000  110.0000  0.5400E+00  0.1717E+00
 1830.0000  120.0000  0.5685E+00  0.2686E+00
 1830.0000  130.0000  0.5569E+00  0.2531E+00
 1830.0000  140.0000  0.5387E+00  0.2010E+00
 1830.0000  150.0000  0.5595E+00  0.2626E+00
 1830.0000  160.0000  0.6501E+00  0.4764E+00
 1830.0000  170.0000  0.7713E+00  0.7204E+00
 1830.0000  179.9000  0.8288E+00  0.8266E+00
 1840.0000    0.1000  0.7705E+01  0.1238E+00
 1840.0000   10.0000  0.6976E+01  0.2145E+00
 1840.0000   20.0000  0.5223E+01  0.3710E+00
 1840.0000   30.0000  0.3338E+01  0.4050E+00
 1840.0000   40.0000  0.1932E+01  0.3039E+00
 1840.0000   50.0000  0.1057E+01  0.2206E+00
 1840.0000   60.0000  0.5199E+00  0.2385E+00
 1840.0000   70.0000  0.2268E+00  0.2634E+00
 1840.0000   80.0000  0.1786E+00  0.1900E+00
 1840.0000   90.0000  0.3089E+00  0.7802E-01
 1840.0000  100.0000  0.4748E+00  0.7100E-01
 1840.0000  110.0000  0.5745E+00  0.1851E+00
 1840.0000  120.0000  0.5941E+00  0.2829E+00
 1840.0000  130.0000  0.5628E+00  0.2662E+00
 1840.0000  140.0000  0.5245E+00  0.2107E+00
 1840.0000  150.0000  0.5410E+00  0.2658E+00
 1840.0000  160.0000  0.6496E+00  0.4696E+00
 1840.0000  170.0000  0.7981E+00  0.7034E+00
 1840.0000  179.9000  0.8686E+00  0.8052E+00
 1850.0000    0.1000  0.8194E+01  0.7652E-01
 1850.0000   10.0000  0.7383E+01  0.1796E+00
 1850.0000   20.0000  0.5438E+01  0.3631E+00
 1850.0000   30.0000  0.3368E+01  0.4177E+00
 1850.0000   40.0000  0.1863E+01  0.3192E+00
 1850.0000   50.0000  0.9790E+00  0.2267E+00
 1850.0000   60.0000  0.4765E+00  0.2367E+00
 1850.0000   70.0000  0.2183E+00  0.2622E+00
 1850.0000   80.0000  0.1906E+00  0.1951E+00
 1850.0000   90.0000  0.3323E+00  0.8875E-01
 1850.0000  100.0000  0.5067E+00  0.8407E-01
 1850.0000  110.0000  0.6099E+00  0.1985E+00
 1850.0000  120.0000  0.6212E+00  0.2966E+00
 1850.0000  130.0000  0.5679E+00  0.2806E+00
 1850.0000  140.0000  0.5058E+00  0.2234E+00
 1850.0000  150.0000  0.5156E+00  0.2709E+00
 1850.0000  160.0000  0.6425E+00  0.4608E+00
 1850.0000  170.0000  0.8200E+00  0.6802E+00
 1850.0000  179.9000  0.9045E+00  0.7757E+00
 1860.0000    0.1000  0.8697E+01  0.4300E-01
 1860.0000   10.0000  0.7802E+01  0.1548E+00
 1860.0000   20.0000  0.5661E+01  0.3573E+00
 1860.0000   30.0000  0.3396E+01  0.4268E+00
 1860.0000   40.0000  0.1786E+01  0.3301E+00
 1860.0000   50.0000  0.8932E+00  0.2295E+00
 1860.0000   60.0000  0.4291E+00  0.2329E+00
 1860.0000   70.0000  0.2093E+00  0.2605E+00
 1860.0000   80.0000  0.2025E+00  0.2018E+00
 1860.0000   90.0000  0.3537E+00  0.1025E+00
 1860.0000  100.0000  0.5360E+00  0.9893E-01
 1860.0000  110.0000  0.6439E+00  0.2110E+00
 1860.0000  120.0000  0.6476E+00  0.3086E+00
 1860.0000  130.0000  0.5709E+00  0.2949E+00
 1860.0000  140.0000  0.4820E+00  0.2377E+00
 1860.0000  150.0000  0.4826E+00  0.2763E+00
 1860.0000  160.0000  0.6270E+00  0.4481E+00
 1860.0000  170.0000  0.8338E+00  0.6487E+00
 1860.0000  179.9000  0.9325E+00  0.7362E+00
 1870.0000    0.1000  0.9183E+01  0.2484E-01
 1870.0000   10.0000  0.8207E+01  0.1406E+00
 1870.0000   20.0000  0.5874E+01  0.3526E+00
 1870.0000   30.0000  0.3420E+01  0.4305E+00
 1870.0000   40.0000  0.1705E+01  0.3349E+00
 1870.0000   50.0000  0.8029E+00  0.2284E+00
 1870.0000   60.0000  0.3793E+00  0.2265E+00
 1870.0000   70.0000  0.2000E+00  0.2573E+00
 1870.0000   80.0000  0.2133E+00  0.2091E+00
 1870.0000   90.0000  0.3715E+00  0.1183E+00
 1870.0000  100.0000  0.5598E+00  0.1146E+00
 1870.0000  110.0000  0.6733E+00  0.2215E+00
 1870.0000  120.0000  0.6707E+00  0.3173E+00
 1870.0000  130.0000  0.5706E+00  0.3075E+00
 1870.0000  140.0000  0.4531E+00  0.2519E+00
 1870.0000  150.0000  0.4422E+00  0.2804E+00
 1870.0000  160.0000  0.6019E+00  0.4303E+00
 1870.0000  170.0000  0.8363E+00  0.6081E+00
 1870.0000  179.9000  0.9485E+00  0.6859E+00
 1880.0000    0.1000  0.9613E+01  0.2311E-01
 1880.0000   10.0000  0.8566E+01  0.1378E+00
 1880.0000   20.0000  0.6061E+01  0.3486E+00
 1880.0000   30.0000  0.3433E+01  0.4277E+00
 1880.0000   40.0000  0.1622E+01  0.3328E+00
 1880.0000   50.0000  0.7123E+00  0.2228E+00
 1880.0000   60.0000  0.3293E+00  0.2172E+00
 1880.0000   70.0000  0.1904E+00  0.2519E+00
 1880.0000   80.0000  0.2221E+00  0.2158E+00
 1880.0000   90.0000  0.3839E+00  0.1348E+00
 1880.0000  100.0000  0.5759E+00  0.1300E+00
 1880.0000  110.0000  0.6949E+00  0.2290E+00
 1880.0000  120.0000  0.6879E+00  0.3218E+00
 1880.0000  130.0000  0.5658E+00  0.3170E+00
 1880.0000  140.0000  0.4201E+00  0.2643E+00
 1880.0000  150.0000  0.3959E+00  0.2818E+00
 1880.0000  160.0000  0.5674E+00  0.4067E+00
 1880.0000  170.0000  0.8254E+00  0.5588E+00
 1880.0000  179.9000  0.9494E+00  0.6257E+00
 1890.0000    0.1000  0.9957E+01  0.3767E-01
 1890.0000   10.0000  0.8850E+01  0.1461E+00
 1890.0000   20.0000  0.6205E+01  0.3453E+00
 1890.0000   30.0000  0.3433E+01  0.4185E+00
 1890.0000   40.0000  0.1541E+01  0.3238E+00
 1890.0000   50.0000  0.6264E+00  0.2129E+00
 1890.0000   60.0000  0.2817E+00  0.2050E+00
 1890.0000   70.0000  0.1809E+00  0.2442E+00
 1890.0000   80.0000  0.2284E+00  0.2210E+00
 1890.0000   90.0000  0.3901E+00  0.1507E+00
 1890.0000  100.0000  0.5826E+00  0.1438E+00
 1890.0000  110.0000  0.7064E+00  0.2328E+00
 1890.0000  120.0000  0.6968E+00  0.3213E+00
 1890.0000  130.0000  0.5559E+00  0.3222E+00
 1890.0000  140.0000  0.3842E+00  0.2735E+00
 1890.0000  150.0000  0.3462E+00  0.2796E+00
 1890.0000  160.0000  0.5249E+00  0.3780E+00
 1890.0000  170.0000  0.8008E+00  0.5029E+00
 1890.0000  179.9000  0.9338E+00  0.5585E+00
 1900.0000    0.1000  0.1019E+02  0.6690E-01
 1900.0000   10.0000  0.9043E+01  0.1647E+00
 1900.0000   20.0000  0.6296E+01  0.3430E+00
 1900.0000   30.0000  0.3418E+01  0.4039E+00
 1900.0000   40.0000  0.1466E+01  0.3088E+00
 1900.0000   50.0000  0.5494E+00  0.1993E+00
 1900.0000   60.0000  0.2388E+00  0.1906E+00
 1900.0000   70.0000  0.1717E+00  0.2342E+00
 1900.0000   80.0000  0.2318E+00  0.2241E+00
 1900.0000   90.0000  0.3900E+00  0.1647E+00
 1900.0000  100.0000  0.5796E+00  0.1552E+00
 1900.0000  110.0000  0.7067E+00  0.2326E+00
 1900.0000  120.0000  0.6963E+00  0.3159E+00
 1900.0000  130.0000  0.5410E+00  0.3227E+00
 1900.0000  140.0000  0.3475E+00  0.2785E+00
 1900.0000  150.0000  0.2960E+00  0.2735E+00
 1900.0000  160.0000  0.4771E+00  0.3455E+00
 1900.0000  170.0000  0.7637E+00  0.4435E+00
 1900.0000  179.9000  0.9025E+00  0.4879E+00
 1910.0000    0.1000  0.1032E+02  0.1079E+00
 1910.0000   10.0000  0.9142E+01  0.1917E+00
 1910.0000   20.0000  0.6332E+01  0.3422E+00
 1910.0000   30.0000  0.3388E+01  0.3856E+00
 1910.0000   40.0000  0.1398E+01  0.2895E+00
 1910.0000   50.0000  0.4842E+00  0.1832E+00
 1910.0000   60.0000  0.2024E+00  0.1747E+00
 1910.0000   70.0000  0.1633E+00  0.2224E+00
 1910.0000   80.0000  0.2326E+00  0.2247E+00
 1910.0000   90.0000  0.3845E+00  0.1761E+00
 1910.0000  100.0000  0.5681E+00  0.1636E+00
 1910.0000  110.0000  0.6964E+00  0.2288E+00
 1910.0000  120.0000  0.6865E+00  0.3061E+00
 1910.0000  130.0000  0.5216E+00  0.3185E+00
 1910.0000  140.0000  0.3116E+00  0.2792E+00
 1910.0000  150.0000  0.2480E+00  0.2639E+00
 1910.0000  160.0000  0.4270E+00  0.3111E+00
 1910.0000  170.0000  0.7174E+00  0.3841E+00
 1910.0000  179.9000  0.8584E+00  0.4182E+00
 1920.0000    0.1000  0.1034E+02  0.1573E+00
 1920.0000   10.0000  0.9154E+01  0.2250E+00
 1920.0000   20.0000  0.6318E+01  0.3431E+00
 1920.0000   30.0000  0.3346E+01  0.3654E+00
 1920.0000   40.0000  0.1340E+01  0.2676E+00
 1920.0000   50.0000  0.4319E+00  0.1658E+00
 1920.0000   60.0000  0.1729E+00  0.1583E+00
 1920.0000   70.0000  0.1559E+00  0.2096E+00
 1920.0000   80.0000  0.2312E+00  0.2232E+00
 1920.0000   90.0000  0.3748E+00  0.1844E+00
 1920.0000  100.0000  0.5497E+00  0.1689E+00
 1920.0000  110.0000  0.6772E+00  0.2221E+00
 1920.0000  120.0000  0.6686E+00  0.2932E+00
 1920.0000  130.0000  0.4989E+00  0.3105E+00
 1920.0000  140.0000  0.2782E+00  0.2756E+00
 1920.0000  150.0000  0.2044E+00  0.2513E+00
 1920.0000  160.0000  0.3776E+00  0.2766E+00
 1920.0000  170.0000  0.6654E+00  0.3277E+00
 1920.0000  179.9000  0.8057E+00  0.3529E+00
 1930.0000    0.1000  0.1028E+02  0.2117E+00
 1930.0000   10.0000  0.9099E+01  0.2623E+00
 1930.0000   20.0000  0.6265E+01  0.3458E+00
 1930.0000   30.0000  0.3295E+01  0.3452E+00
 1930.0000   40.0000  0.1291E+01  0.2449E+00
 1930.0000   50.0000  0.3919E+00  0.1480E+00
 1930.0000   60.0000  0.1504E+00  0.1422E+00
 1930.0000   70.0000  0.1496E+00  0.1965E+00
 1930.0000   80.0000  0.2282E+00  0.2198E+00
 1930.0000   90.0000  0.3624E+00  0.1898E+00
 1930.0000  100.0000  0.5268E+00  0.1714E+00
 1930.0000  110.0000  0.6513E+00  0.2133E+00
 1930.0000  120.0000  0.6446E+00  0.2783E+00
 1930.0000  130.0000  0.4741E+00  0.2996E+00
 1930.0000  140.0000  0.2480E+00  0.2687E+00
 1930.0000  150.0000  0.1666E+00  0.2367E+00
 1930.0000  160.0000  0.3312E+00  0.2435E+00
 1930.0000  170.0000  0.6113E+00  0.2763E+00
 1930.0000  179.9000  0.7483E+00  0.2942E+00
 1940.0000    0.1000  0.1017E+02  0.2682E+00
 1940.0000   10.0000  0.8995E+01  0.3018E+00
 1940.0000   20.0000  0.6185E+01  0.3505E+00
 1940.0000   30.0000  0.3238E+01  0.3260E+00
 1940.0000   40.0000  0.1250E+01  0.2227E+00
 1940.0000   50.0000  0.3627E+00  0.1309E+00
 1940.0000   60.0000  0.1338E+00  0.1271E+00
 1940.0000   70.0000  0.1442E+00  0.1837E+00
 1940.0000   80.0000  0.2243E+00  0.2151E+00
 1940.0000   90.0000  0.3488E+00  0.1925E+00
 1940.0000  100.0000  0.5015E+00  0.1715E+00
 1940.0000  110.0000  0.6213E+00  0.2033E+00
 1940.0000  120.0000  0.6164E+00  0.2626E+00
 1940.0000  130.0000  0.4484E+00  0.2870E+00
 1940.0000  140.0000  0.2216E+00  0.2593E+00
 1940.0000  150.0000  0.1348E+00  0.2209E+00
 1940.0000  160.0000  0.2893E+00  0.2127E+00
 1940.0000  170.0000  0.5581E+00  0.2311E+00
 1940.0000  179.9000  0.6899E+00  0.2432E+00
 1950.0000    0.1000  0.1002E+02  0.3247E+00
 1950.0000   10.0000  0.8862E+01  0.3420E+00
 1950.0000   20.0000  0.6088E+01  0.3569E+00
 1950.0000   30.0000  0.3179E+01  0.3088E+00
 1950.0000   40.0000  0.1216E+01  0.2019E+00
 1950.0000   50.0000  0.3423E+00  0.1148E+00
 1950.0000   60.0000  0.1223E+00  0.1132E+00
 1950.0000   70.0000  0.1397E+00  0.1718E+00
 1950.0000   80.0000  0.2199E+00  0.2096E+00
 1950.0000   90.0000  0.3350E+00  0.1931E+00
 1950.0000  100.0000  0.4754E+00  0.1698E+00
 1950.0000  110.0000  0.5891E+00  0.1928E+00
 1950.0000  120.0000  0.5859E+00  0.2470E+00
 1950.0000  130.0000  0.4228E+00  0.2735E+00
 1950.0000  140.0000  0.1988E+00  0.2482E+00
 1950.0000  150.0000  0.1089E+00  0.2046E+00
 1950.0000  160.0000  0.2527E+00  0.1848E+00
 1950.0000  170.0000  0.5078E+00  0.1922E+00
 1950.0000  179.9000  0.6332E+00  0.2000E+00
 1960.0000    0.1000  0.9860E+01  0.3798E+00
 1960.0000   10.0000  0.8718E+01  0.3818E+00
 1960.0000   20.0000  0.5985E+01  0.3648E+00
 1960.0000   30.0000  0.3120E+01  0.2939E+00
 1960.0000   40.0000  0.1189E+01  0.1829E+00
 1960.0000   50.0000  0.3287E+00  0.1002E+00
 1960.0000   60.0000  0.1145E+00  0.1009E+00
 1960.0000   70.0000  0.1360E+00  0.1609E+00
 1960.0000   80.0000  0.2155E+00  0.2037E+00
 1960.0000   90.0000  0.3217E+00  0.1920E+00
 1960.0000  100.0000  0.4500E+00  0.1667E+00
 1960.0000  110.0000  0.5565E+00  0.1824E+00
 1960.0000  120.0000  0.5545E+00  0.2320E+00
 1960.0000  130.0000  0.3976E+00  0.2599E+00
 1960.0000  140.0000  0.1793E+00  0.2362E+00
 1960.0000  150.0000  0.8834E-01  0.1884E+00
 1960.0000  160.0000  0.2214E+00  0.1597E+00
 1960.0000  170.0000  0.4617E+00  0.1592E+00
 1960.0000  179.9000  0.5800E+00  0.1640E+00
 1970.0000    0.1000  0.9699E+01  0.4326E+00
 1970.0000   10.0000  0.8574E+01  0.4205E+00
 1970.0000   20.0000  0.5882E+01  0.3738E+00
 1970.0000   30.0000  0.3064E+01  0.2813E+00
 1970.0000   40.0000  0.1166E+01  0.1658E+00
 1970.0000   50.0000  0.3199E+00  0.8702E-01
 1970.0000   60.0000  0.1095E+00  0.9009E-01
 1970.0000   70.0000  0.1328E+00  0.1513E+00
 1970.0000   80.0000  0.2112E+00  0.1978E+00
 1970.0000   90.0000  0.3095E+00  0.1897E+00
 1970.0000  100.0000  0.4258E+00  0.1627E+00
 1970.0000  110.0000  0.5245E+00  0.1724E+00
 1970.0000  120.0000  0.5231E+00  0.2182E+00
 1970.0000  130.0000  0.3735E+00  0.2468E+00
 1970.0000  140.0000  0.1627E+00  0.2238E+00
 1970.0000  150.0000  0.7237E-01  0.1726E+00
 1970.0000  160.0000  0.1953E+00  0.1374E+00
 1970.0000  170.0000  0.4203E+00  0.1315E+00
 1970.0000  179.9000  0.5312E+00  0.1344E+00
 1980.0000    0.1000  0.9550E+01  0.4825E+00
 1980.0000   10.0000  0.8439E+01  0.4575E+00
 1980.0000   20.0000  0.5784E+01  0.3836E+00
 1980.0000   30.0000  0.3011E+01  0.2708E+00
 1980.0000   40.0000  0.1146E+01  0.1506E+00
 1980.0000   50.0000  0.3144E+00  0.7536E-01
 1980.0000   60.0000  0.1065E+00  0.8089E-01
 1980.0000   70.0000  0.1301E+00  0.1431E+00
 1980.0000   80.0000  0.2073E+00  0.1921E+00
 1980.0000   90.0000  0.2986E+00  0.1866E+00
 1980.0000  100.0000  0.4034E+00  0.1580E+00
 1980.0000  110.0000  0.4937E+00  0.1629E+00
 1980.0000  120.0000  0.4925E+00  0.2055E+00
 1980.0000  130.0000  0.3504E+00  0.2344E+00
 1980.0000  140.0000  0.1485E+00  0.2116E+00
 1980.0000  150.0000  0.6023E-01  0.1575E+00
 1980.0000  160.0000  0.1738E+00  0.1176E+00
 1980.0000  170.0000  0.3837E+00  0.1082E+00
 1980.0000  179.9000  0.4871E+00  0.1100E+00
 1990.0000    0.1000  0.9416E+01  0.5291E+00
 1990.0000   10.0000  0.8317E+01  0.4924E+00
 1990.0000   20.0000  0.5695E+01  0.3938E+00
 1990.0000   30.0000  0.2962E+01  0.2620E+00
 1990.0000   40.0000  0.1129E+01  0.1371E+00
 1990.0000   50.0000  0.3112E+00  0.6510E-01
 1990.0000   60.0000  0.1047E+00  0.7316E-01
 1990.0000   70.0000  0.1277E+00  0.1361E+00
 1990.0000   80.0000  0.2038E+00  0.1867E+00
 1990.0000   90.0000  0.2889E+00  0.1828E+00
 1990.0000  100.0000  0.3828E+00  0.1529E+00
 1990.0000  110.0000  0.4645E+00  0.1541E+00
 1990.0000  120.0000  0.4629E+00  0.1942E+00
 1990.0000  130.0000  0.3285E+00  0.2229E+00
 1990.0000  140.0000  0.1363E+00  0.1999E+00
 1990.0000  150.0000  0.5123E-01  0.1432E+00
 1990.0000  160.0000  0.1563E+00  0.1000E+00
 1990.0000  170.0000  0.3516E+00  0.8876E-01
 1990.0000  179.9000  0.4477E+00  0.9011E-01
 2000.0000    0.1000  0.9302E+01  0.5723E+00
 2000.0000   10.0000  0.8211E+01  0.5250E+00
 2000.0000   20.0000  0.5614E+01  0.4038E+00
 2000.0000   30.0000  0.2917E+01  0.2545E+00
 2000.0000   40.0000  0.1113E+01  0.1251E+00
 2000.0000   50.0000  0.3093E+00  0.5614E-01
 2000.0000   60.0000  0.1037E+00  0.6682E-01
 2000.0000   70.0000  0.1255E+00  0.1304E+00
 2000.0000   80.0000  0.2008E+00  0.1817E+00
 2000.0000   90.0000  0.2805E+00  0.1786E+00
 2000.0000  100.0000  0.3640E+00  0.1475E+00
 2000.0000  110.0000  0.4369E+00  0.1458E+00
 2000.0000  120.0000  0.4345E+00  0.1840E+00
 2000.0000  130.0000  0.3076E+00  0.2124E+00
 2000.0000  140.0000  0.1257E+00  0.1886E+00
 2000.0000  150.0000  0.4478E-01  0.1298E+00
 2000.0000  160.0000  0.1424E+00  0.8446E-01
 2000.0000  170.0000  0.3237E+00  0.7239E-01
 2000.0000  179.9000  0.4127E+00  0.7373E-01
