    W        Theta    pip-p
 1080.0000    0.1000  0.2079E+00
 1080.0000   10.0000  0.2077E+00
 1080.0000   20.0000  0.2072E+00
 1080.0000   30.0000  0.2064E+00
 1080.0000   40.0000  0.2054E+00
 1080.0000   50.0000  0.2040E+00
 1080.0000   60.0000  0.2025E+00
 1080.0000   70.0000  0.2009E+00
 1080.0000   80.0000  0.1992E+00
 1080.0000   90.0000  0.1974E+00
 1080.0000  100.0000  0.1956E+00
 1080.0000  110.0000  0.1939E+00
 1080.0000  120.0000  0.1924E+00
 1080.0000  130.0000  0.1910E+00
 1080.0000  140.0000  0.1898E+00
 1080.0000  150.0000  0.1888E+00
 1080.0000  160.0000  0.1881E+00
 1080.0000  170.0000  0.1877E+00
 1080.0000  179.9000  0.1875E+00
 1090.0000    0.1000  0.2552E+00
 1090.0000   10.0000  0.2544E+00
 1090.0000   20.0000  0.2519E+00
 1090.0000   30.0000  0.2479E+00
 1090.0000   40.0000  0.2426E+00
 1090.0000   50.0000  0.2364E+00
 1090.0000   60.0000  0.2294E+00
 1090.0000   70.0000  0.2220E+00
 1090.0000   80.0000  0.2145E+00
 1090.0000   90.0000  0.2072E+00
 1090.0000  100.0000  0.2002E+00
 1090.0000  110.0000  0.1936E+00
 1090.0000  120.0000  0.1878E+00
 1090.0000  130.0000  0.1826E+00
 1090.0000  140.0000  0.1783E+00
 1090.0000  150.0000  0.1749E+00
 1090.0000  160.0000  0.1725E+00
 1090.0000  170.0000  0.1710E+00
 1090.0000  179.9000  0.1705E+00
 1100.0000    0.1000  0.3126E+00
 1100.0000   10.0000  0.3109E+00
 1100.0000   20.0000  0.3057E+00
 1100.0000   30.0000  0.2975E+00
 1100.0000   40.0000  0.2869E+00
 1100.0000   50.0000  0.2747E+00
 1100.0000   60.0000  0.2615E+00
 1100.0000   70.0000  0.2480E+00
 1100.0000   80.0000  0.2348E+00
 1100.0000   90.0000  0.2223E+00
 1100.0000  100.0000  0.2107E+00
 1100.0000  110.0000  0.2003E+00
 1100.0000  120.0000  0.1912E+00
 1100.0000  130.0000  0.1833E+00
 1100.0000  140.0000  0.1768E+00
 1100.0000  150.0000  0.1716E+00
 1100.0000  160.0000  0.1679E+00
 1100.0000  170.0000  0.1657E+00
 1100.0000  179.9000  0.1649E+00
 1110.0000    0.1000  0.3762E+00
 1110.0000   10.0000  0.3732E+00
 1110.0000   20.0000  0.3646E+00
 1110.0000   30.0000  0.3512E+00
 1110.0000   40.0000  0.3342E+00
 1110.0000   50.0000  0.3150E+00
 1110.0000   60.0000  0.2949E+00
 1110.0000   70.0000  0.2751E+00
 1110.0000   80.0000  0.2563E+00
 1110.0000   90.0000  0.2391E+00
 1110.0000  100.0000  0.2236E+00
 1110.0000  110.0000  0.2101E+00
 1110.0000  120.0000  0.1983E+00
 1110.0000  130.0000  0.1884E+00
 1110.0000  140.0000  0.1802E+00
 1110.0000  150.0000  0.1737E+00
 1110.0000  160.0000  0.1690E+00
 1110.0000  170.0000  0.1661E+00
 1110.0000  179.9000  0.1652E+00
 1120.0000    0.1000  0.4448E+00
 1120.0000   10.0000  0.4403E+00
 1120.0000   20.0000  0.4275E+00
 1120.0000   30.0000  0.4079E+00
 1120.0000   40.0000  0.3834E+00
 1120.0000   50.0000  0.3564E+00
 1120.0000   60.0000  0.3289E+00
 1120.0000   70.0000  0.3025E+00
 1120.0000   80.0000  0.2784E+00
 1120.0000   90.0000  0.2569E+00
 1120.0000  100.0000  0.2381E+00
 1120.0000  110.0000  0.2220E+00
 1120.0000  120.0000  0.2083E+00
 1120.0000  130.0000  0.1967E+00
 1120.0000  140.0000  0.1871E+00
 1120.0000  150.0000  0.1795E+00
 1120.0000  160.0000  0.1740E+00
 1120.0000  170.0000  0.1706E+00
 1120.0000  179.9000  0.1694E+00
 1130.0000    0.1000  0.5178E+00
 1130.0000   10.0000  0.5116E+00
 1130.0000   20.0000  0.4940E+00
 1130.0000   30.0000  0.4672E+00
 1130.0000   40.0000  0.4343E+00
 1130.0000   50.0000  0.3988E+00
 1130.0000   60.0000  0.3635E+00
 1130.0000   70.0000  0.3306E+00
 1130.0000   80.0000  0.3012E+00
 1130.0000   90.0000  0.2757E+00
 1130.0000  100.0000  0.2541E+00
 1130.0000  110.0000  0.2359E+00
 1130.0000  120.0000  0.2206E+00
 1130.0000  130.0000  0.2076E+00
 1130.0000  140.0000  0.1969E+00
 1130.0000  150.0000  0.1883E+00
 1130.0000  160.0000  0.1820E+00
 1130.0000  170.0000  0.1781E+00
 1130.0000  179.9000  0.1767E+00
 1140.0000    0.1000  0.5942E+00
 1140.0000   10.0000  0.5861E+00
 1140.0000   20.0000  0.5631E+00
 1140.0000   30.0000  0.5284E+00
 1140.0000   40.0000  0.4864E+00
 1140.0000   50.0000  0.4419E+00
 1140.0000   60.0000  0.3985E+00
 1140.0000   70.0000  0.3590E+00
 1140.0000   80.0000  0.3246E+00
 1140.0000   90.0000  0.2956E+00
 1140.0000  100.0000  0.2715E+00
 1140.0000  110.0000  0.2514E+00
 1140.0000  120.0000  0.2347E+00
 1140.0000  130.0000  0.2207E+00
 1140.0000  140.0000  0.2089E+00
 1140.0000  150.0000  0.1994E+00
 1140.0000  160.0000  0.1923E+00
 1140.0000  170.0000  0.1879E+00
 1140.0000  179.9000  0.1864E+00
 1150.0000    0.1000  0.6729E+00
 1150.0000   10.0000  0.6628E+00
 1150.0000   20.0000  0.6338E+00
 1150.0000   30.0000  0.5906E+00
 1150.0000   40.0000  0.5391E+00
 1150.0000   50.0000  0.4852E+00
 1150.0000   60.0000  0.4338E+00
 1150.0000   70.0000  0.3878E+00
 1150.0000   80.0000  0.3487E+00
 1150.0000   90.0000  0.3163E+00
 1150.0000  100.0000  0.2898E+00
 1150.0000  110.0000  0.2682E+00
 1150.0000  120.0000  0.2503E+00
 1150.0000  130.0000  0.2352E+00
 1150.0000  140.0000  0.2225E+00
 1150.0000  150.0000  0.2122E+00
 1150.0000  160.0000  0.2044E+00
 1150.0000  170.0000  0.1994E+00
 1150.0000  179.9000  0.1977E+00
 1160.0000    0.1000  0.7527E+00
 1160.0000   10.0000  0.7403E+00
 1160.0000   20.0000  0.7052E+00
 1160.0000   30.0000  0.6531E+00
 1160.0000   40.0000  0.5917E+00
 1160.0000   50.0000  0.5284E+00
 1160.0000   60.0000  0.4689E+00
 1160.0000   70.0000  0.4167E+00
 1160.0000   80.0000  0.3730E+00
 1160.0000   90.0000  0.3374E+00
 1160.0000  100.0000  0.3089E+00
 1160.0000  110.0000  0.2858E+00
 1160.0000  120.0000  0.2668E+00
 1160.0000  130.0000  0.2508E+00
 1160.0000  140.0000  0.2373E+00
 1160.0000  150.0000  0.2262E+00
 1160.0000  160.0000  0.2176E+00
 1160.0000  170.0000  0.2122E+00
 1160.0000  179.9000  0.2103E+00
 1170.0000    0.1000  0.8325E+00
 1170.0000   10.0000  0.8178E+00
 1170.0000   20.0000  0.7762E+00
 1170.0000   30.0000  0.7150E+00
 1170.0000   40.0000  0.6436E+00
 1170.0000   50.0000  0.5710E+00
 1170.0000   60.0000  0.5037E+00
 1170.0000   70.0000  0.4455E+00
 1170.0000   80.0000  0.3974E+00
 1170.0000   90.0000  0.3588E+00
 1170.0000  100.0000  0.3283E+00
 1170.0000  110.0000  0.3038E+00
 1170.0000  120.0000  0.2838E+00
 1170.0000  130.0000  0.2670E+00
 1170.0000  140.0000  0.2528E+00
 1170.0000  150.0000  0.2409E+00
 1170.0000  160.0000  0.2317E+00
 1170.0000  170.0000  0.2258E+00
 1170.0000  179.9000  0.2238E+00
 1180.0000    0.1000  0.9114E+00
 1180.0000   10.0000  0.8942E+00
 1180.0000   20.0000  0.8460E+00
 1180.0000   30.0000  0.7756E+00
 1180.0000   40.0000  0.6943E+00
 1180.0000   50.0000  0.6125E+00
 1180.0000   60.0000  0.5377E+00
 1180.0000   70.0000  0.4737E+00
 1180.0000   80.0000  0.4216E+00
 1180.0000   90.0000  0.3802E+00
 1180.0000  100.0000  0.3476E+00
 1180.0000  110.0000  0.3218E+00
 1180.0000  120.0000  0.3009E+00
 1180.0000  130.0000  0.2834E+00
 1180.0000  140.0000  0.2685E+00
 1180.0000  150.0000  0.2560E+00
 1180.0000  160.0000  0.2462E+00
 1180.0000  170.0000  0.2399E+00
 1180.0000  179.9000  0.2377E+00
 1190.0000    0.1000  0.9884E+00
 1190.0000   10.0000  0.9688E+00
 1190.0000   20.0000  0.9140E+00
 1190.0000   30.0000  0.8345E+00
 1190.0000   40.0000  0.7434E+00
 1190.0000   50.0000  0.6527E+00
 1190.0000   60.0000  0.5707E+00
 1190.0000   70.0000  0.5013E+00
 1190.0000   80.0000  0.4452E+00
 1190.0000   90.0000  0.4011E+00
 1190.0000  100.0000  0.3667E+00
 1190.0000  110.0000  0.3396E+00
 1190.0000  120.0000  0.3177E+00
 1190.0000  130.0000  0.2996E+00
 1190.0000  140.0000  0.2842E+00
 1190.0000  150.0000  0.2711E+00
 1190.0000  160.0000  0.2608E+00
 1190.0000  170.0000  0.2541E+00
 1190.0000  179.9000  0.2518E+00
 1200.0000    0.1000  0.1063E+01
 1200.0000   10.0000  0.1041E+01
 1200.0000   20.0000  0.9794E+00
 1200.0000   30.0000  0.8909E+00
 1200.0000   40.0000  0.7904E+00
 1200.0000   50.0000  0.6913E+00
 1200.0000   60.0000  0.6024E+00
 1200.0000   70.0000  0.5279E+00
 1200.0000   80.0000  0.4682E+00
 1200.0000   90.0000  0.4213E+00
 1200.0000  100.0000  0.3850E+00
 1200.0000  110.0000  0.3566E+00
 1200.0000  120.0000  0.3339E+00
 1200.0000  130.0000  0.3153E+00
 1200.0000  140.0000  0.2994E+00
 1200.0000  150.0000  0.2860E+00
 1200.0000  160.0000  0.2753E+00
 1200.0000  170.0000  0.2682E+00
 1200.0000  179.9000  0.2657E+00
 1210.0000    0.1000  0.1134E+01
 1210.0000   10.0000  0.1109E+01
 1210.0000   20.0000  0.1042E+01
 1210.0000   30.0000  0.9445E+00
 1210.0000   40.0000  0.8349E+00
 1210.0000   50.0000  0.7278E+00
 1210.0000   60.0000  0.6326E+00
 1210.0000   70.0000  0.5534E+00
 1210.0000   80.0000  0.4900E+00
 1210.0000   90.0000  0.4406E+00
 1210.0000  100.0000  0.4023E+00
 1210.0000  110.0000  0.3726E+00
 1210.0000  120.0000  0.3492E+00
 1210.0000  130.0000  0.3300E+00
 1210.0000  140.0000  0.3139E+00
 1210.0000  150.0000  0.3002E+00
 1210.0000  160.0000  0.2892E+00
 1210.0000  170.0000  0.2819E+00
 1210.0000  179.9000  0.2793E+00
 1220.0000    0.1000  0.1201E+01
 1220.0000   10.0000  0.1174E+01
 1220.0000   20.0000  0.1100E+01
 1220.0000   30.0000  0.9949E+00
 1220.0000   40.0000  0.8769E+00
 1220.0000   50.0000  0.7623E+00
 1220.0000   60.0000  0.6612E+00
 1220.0000   70.0000  0.5775E+00
 1220.0000   80.0000  0.5107E+00
 1220.0000   90.0000  0.4587E+00
 1220.0000  100.0000  0.4185E+00
 1220.0000  110.0000  0.3874E+00
 1220.0000  120.0000  0.3632E+00
 1220.0000  130.0000  0.3438E+00
 1220.0000  140.0000  0.3276E+00
 1220.0000  150.0000  0.3138E+00
 1220.0000  160.0000  0.3026E+00
 1220.0000  170.0000  0.2950E+00
 1220.0000  179.9000  0.2924E+00
 1230.0000    0.1000  0.1263E+01
 1230.0000   10.0000  0.1234E+01
 1230.0000   20.0000  0.1155E+01
 1230.0000   30.0000  0.1042E+01
 1230.0000   40.0000  0.9161E+00
 1230.0000   50.0000  0.7947E+00
 1230.0000   60.0000  0.6881E+00
 1230.0000   70.0000  0.6001E+00
 1230.0000   80.0000  0.5301E+00
 1230.0000   90.0000  0.4754E+00
 1230.0000  100.0000  0.4332E+00
 1230.0000  110.0000  0.4009E+00
 1230.0000  120.0000  0.3760E+00
 1230.0000  130.0000  0.3563E+00
 1230.0000  140.0000  0.3402E+00
 1230.0000  150.0000  0.3264E+00
 1230.0000  160.0000  0.3152E+00
 1230.0000  170.0000  0.3075E+00
 1230.0000  179.9000  0.3048E+00
 1240.0000    0.1000  0.1321E+01
 1240.0000   10.0000  0.1290E+01
 1240.0000   20.0000  0.1205E+01
 1240.0000   30.0000  0.1085E+01
 1240.0000   40.0000  0.9524E+00
 1240.0000   50.0000  0.8248E+00
 1240.0000   60.0000  0.7133E+00
 1240.0000   70.0000  0.6213E+00
 1240.0000   80.0000  0.5480E+00
 1240.0000   90.0000  0.4907E+00
 1240.0000  100.0000  0.4465E+00
 1240.0000  110.0000  0.4128E+00
 1240.0000  120.0000  0.3873E+00
 1240.0000  130.0000  0.3676E+00
 1240.0000  140.0000  0.3516E+00
 1240.0000  150.0000  0.3381E+00
 1240.0000  160.0000  0.3269E+00
 1240.0000  170.0000  0.3192E+00
 1240.0000  179.9000  0.3165E+00
 1250.0000    0.1000  0.1373E+01
 1250.0000   10.0000  0.1341E+01
 1250.0000   20.0000  0.1252E+01
 1250.0000   30.0000  0.1125E+01
 1250.0000   40.0000  0.9861E+00
 1250.0000   50.0000  0.8529E+00
 1250.0000   60.0000  0.7368E+00
 1250.0000   70.0000  0.6411E+00
 1250.0000   80.0000  0.5646E+00
 1250.0000   90.0000  0.5046E+00
 1250.0000  100.0000  0.4584E+00
 1250.0000  110.0000  0.4233E+00
 1250.0000  120.0000  0.3973E+00
 1250.0000  130.0000  0.3776E+00
 1250.0000  140.0000  0.3620E+00
 1250.0000  150.0000  0.3488E+00
 1250.0000  160.0000  0.3379E+00
 1250.0000  170.0000  0.3302E+00
 1250.0000  179.9000  0.3274E+00
 1260.0000    0.1000  0.1421E+01
 1260.0000   10.0000  0.1387E+01
 1260.0000   20.0000  0.1294E+01
 1260.0000   30.0000  0.1162E+01
 1260.0000   40.0000  0.1017E+01
 1260.0000   50.0000  0.8792E+00
 1260.0000   60.0000  0.7589E+00
 1260.0000   70.0000  0.6597E+00
 1260.0000   80.0000  0.5800E+00
 1260.0000   90.0000  0.5173E+00
 1260.0000  100.0000  0.4688E+00
 1260.0000  110.0000  0.4325E+00
 1260.0000  120.0000  0.4060E+00
 1260.0000  130.0000  0.3865E+00
 1260.0000  140.0000  0.3714E+00
 1260.0000  150.0000  0.3588E+00
 1260.0000  160.0000  0.3481E+00
 1260.0000  170.0000  0.3406E+00
 1260.0000  179.9000  0.3378E+00
 1270.0000    0.1000  0.1463E+01
 1270.0000   10.0000  0.1428E+01
 1270.0000   20.0000  0.1331E+01
 1270.0000   30.0000  0.1195E+01
 1270.0000   40.0000  0.1046E+01
 1270.0000   50.0000  0.9037E+00
 1270.0000   60.0000  0.7797E+00
 1270.0000   70.0000  0.6771E+00
 1270.0000   80.0000  0.5943E+00
 1270.0000   90.0000  0.5287E+00
 1270.0000  100.0000  0.4780E+00
 1270.0000  110.0000  0.4404E+00
 1270.0000  120.0000  0.4134E+00
 1270.0000  130.0000  0.3943E+00
 1270.0000  140.0000  0.3799E+00
 1270.0000  150.0000  0.3679E+00
 1270.0000  160.0000  0.3577E+00
 1270.0000  170.0000  0.3504E+00
 1270.0000  179.9000  0.3476E+00
 1280.0000    0.1000  0.1500E+01
 1280.0000   10.0000  0.1464E+01
 1280.0000   20.0000  0.1364E+01
 1280.0000   30.0000  0.1225E+01
 1280.0000   40.0000  0.1072E+01
 1280.0000   50.0000  0.9269E+00
 1280.0000   60.0000  0.7996E+00
 1280.0000   70.0000  0.6937E+00
 1280.0000   80.0000  0.6076E+00
 1280.0000   90.0000  0.5391E+00
 1280.0000  100.0000  0.4862E+00
 1280.0000  110.0000  0.4472E+00
 1280.0000  120.0000  0.4200E+00
 1280.0000  130.0000  0.4013E+00
 1280.0000  140.0000  0.3877E+00
 1280.0000  150.0000  0.3765E+00
 1280.0000  160.0000  0.3668E+00
 1280.0000  170.0000  0.3597E+00
 1280.0000  179.9000  0.3570E+00
 1290.0000    0.1000  0.1531E+01
 1290.0000   10.0000  0.1494E+01
 1290.0000   20.0000  0.1394E+01
 1290.0000   30.0000  0.1252E+01
 1290.0000   40.0000  0.1097E+01
 1290.0000   50.0000  0.9488E+00
 1290.0000   60.0000  0.8187E+00
 1290.0000   70.0000  0.7095E+00
 1290.0000   80.0000  0.6202E+00
 1290.0000   90.0000  0.5486E+00
 1290.0000  100.0000  0.4933E+00
 1290.0000  110.0000  0.4531E+00
 1290.0000  120.0000  0.4256E+00
 1290.0000  130.0000  0.4075E+00
 1290.0000  140.0000  0.3949E+00
 1290.0000  150.0000  0.3846E+00
 1290.0000  160.0000  0.3756E+00
 1290.0000  170.0000  0.3688E+00
 1290.0000  179.9000  0.3662E+00
 1300.0000    0.1000  0.1557E+01
 1300.0000   10.0000  0.1520E+01
 1300.0000   20.0000  0.1418E+01
 1300.0000   30.0000  0.1276E+01
 1300.0000   40.0000  0.1119E+01
 1300.0000   50.0000  0.9694E+00
 1300.0000   60.0000  0.8369E+00
 1300.0000   70.0000  0.7247E+00
 1300.0000   80.0000  0.6320E+00
 1300.0000   90.0000  0.5572E+00
 1300.0000  100.0000  0.4996E+00
 1300.0000  110.0000  0.4581E+00
 1300.0000  120.0000  0.4305E+00
 1300.0000  130.0000  0.4131E+00
 1300.0000  140.0000  0.4015E+00
 1300.0000  150.0000  0.3923E+00
 1300.0000  160.0000  0.3839E+00
 1300.0000  170.0000  0.3775E+00
 1300.0000  179.9000  0.3750E+00
 1310.0000    0.1000  0.1577E+01
 1310.0000   10.0000  0.1540E+01
 1310.0000   20.0000  0.1439E+01
 1310.0000   30.0000  0.1297E+01
 1310.0000   40.0000  0.1140E+01
 1310.0000   50.0000  0.9888E+00
 1310.0000   60.0000  0.8543E+00
 1310.0000   70.0000  0.7392E+00
 1310.0000   80.0000  0.6431E+00
 1310.0000   90.0000  0.5650E+00
 1310.0000  100.0000  0.5049E+00
 1310.0000  110.0000  0.4622E+00
 1310.0000  120.0000  0.4346E+00
 1310.0000  130.0000  0.4180E+00
 1310.0000  140.0000  0.4077E+00
 1310.0000  150.0000  0.3996E+00
 1310.0000  160.0000  0.3921E+00
 1310.0000  170.0000  0.3860E+00
 1310.0000  179.9000  0.3836E+00
 1320.0000    0.1000  0.1591E+01
 1320.0000   10.0000  0.1555E+01
 1320.0000   20.0000  0.1455E+01
 1320.0000   30.0000  0.1314E+01
 1320.0000   40.0000  0.1158E+01
 1320.0000   50.0000  0.1007E+01
 1320.0000   60.0000  0.8708E+00
 1320.0000   70.0000  0.7530E+00
 1320.0000   80.0000  0.6534E+00
 1320.0000   90.0000  0.5719E+00
 1320.0000  100.0000  0.5093E+00
 1320.0000  110.0000  0.4654E+00
 1320.0000  120.0000  0.4379E+00
 1320.0000  130.0000  0.4224E+00
 1320.0000  140.0000  0.4134E+00
 1320.0000  150.0000  0.4066E+00
 1320.0000  160.0000  0.3999E+00
 1320.0000  170.0000  0.3942E+00
 1320.0000  179.9000  0.3919E+00
 1330.0000    0.1000  0.1600E+01
 1330.0000   10.0000  0.1565E+01
 1330.0000   20.0000  0.1467E+01
 1330.0000   30.0000  0.1328E+01
 1330.0000   40.0000  0.1174E+01
 1330.0000   50.0000  0.1023E+01
 1330.0000   60.0000  0.8861E+00
 1330.0000   70.0000  0.7657E+00
 1330.0000   80.0000  0.6626E+00
 1330.0000   90.0000  0.5778E+00
 1330.0000  100.0000  0.5127E+00
 1330.0000  110.0000  0.4677E+00
 1330.0000  120.0000  0.4404E+00
 1330.0000  130.0000  0.4261E+00
 1330.0000  140.0000  0.4186E+00
 1330.0000  150.0000  0.4131E+00
 1330.0000  160.0000  0.4072E+00
 1330.0000  170.0000  0.4020E+00
 1330.0000  179.9000  0.3998E+00
 1340.0000    0.1000  0.1603E+01
 1340.0000   10.0000  0.1569E+01
 1340.0000   20.0000  0.1473E+01
 1340.0000   30.0000  0.1338E+01
 1340.0000   40.0000  0.1187E+01
 1340.0000   50.0000  0.1037E+01
 1340.0000   60.0000  0.8999E+00
 1340.0000   70.0000  0.7772E+00
 1340.0000   80.0000  0.6706E+00
 1340.0000   90.0000  0.5823E+00
 1340.0000  100.0000  0.5147E+00
 1340.0000  110.0000  0.4688E+00
 1340.0000  120.0000  0.4419E+00
 1340.0000  130.0000  0.4289E+00
 1340.0000  140.0000  0.4231E+00
 1340.0000  150.0000  0.4190E+00
 1340.0000  160.0000  0.4141E+00
 1340.0000  170.0000  0.4093E+00
 1340.0000  179.9000  0.4072E+00
 1350.0000    0.1000  0.1600E+01
 1350.0000   10.0000  0.1567E+01
 1350.0000   20.0000  0.1475E+01
 1350.0000   30.0000  0.1344E+01
 1350.0000   40.0000  0.1197E+01
 1350.0000   50.0000  0.1049E+01
 1350.0000   60.0000  0.9118E+00
 1350.0000   70.0000  0.7870E+00
 1350.0000   80.0000  0.6771E+00
 1350.0000   90.0000  0.5853E+00
 1350.0000  100.0000  0.5153E+00
 1350.0000  110.0000  0.4685E+00
 1350.0000  120.0000  0.4423E+00
 1350.0000  130.0000  0.4308E+00
 1350.0000  140.0000  0.4268E+00
 1350.0000  150.0000  0.4243E+00
 1350.0000  160.0000  0.4203E+00
 1350.0000  170.0000  0.4159E+00
 1350.0000  179.9000  0.4139E+00
 1360.0000    0.1000  0.1592E+01
 1360.0000   10.0000  0.1560E+01
 1360.0000   20.0000  0.1472E+01
 1360.0000   30.0000  0.1346E+01
 1360.0000   40.0000  0.1203E+01
 1360.0000   50.0000  0.1059E+01
 1360.0000   60.0000  0.9217E+00
 1360.0000   70.0000  0.7951E+00
 1360.0000   80.0000  0.6819E+00
 1360.0000   90.0000  0.5866E+00
 1360.0000  100.0000  0.5143E+00
 1360.0000  110.0000  0.4668E+00
 1360.0000  120.0000  0.4414E+00
 1360.0000  130.0000  0.4316E+00
 1360.0000  140.0000  0.4296E+00
 1360.0000  150.0000  0.4286E+00
 1360.0000  160.0000  0.4257E+00
 1360.0000  170.0000  0.4216E+00
 1360.0000  179.9000  0.4197E+00
 1370.0000    0.1000  0.1577E+01
 1370.0000   10.0000  0.1547E+01
 1370.0000   20.0000  0.1463E+01
 1370.0000   30.0000  0.1343E+01
 1370.0000   40.0000  0.1206E+01
 1370.0000   50.0000  0.1065E+01
 1370.0000   60.0000  0.9292E+00
 1370.0000   70.0000  0.8010E+00
 1370.0000   80.0000  0.6846E+00
 1370.0000   90.0000  0.5860E+00
 1370.0000  100.0000  0.5114E+00
 1370.0000  110.0000  0.4633E+00
 1370.0000  120.0000  0.4390E+00
 1370.0000  130.0000  0.4311E+00
 1370.0000  140.0000  0.4312E+00
 1370.0000  150.0000  0.4320E+00
 1370.0000  160.0000  0.4300E+00
 1370.0000  170.0000  0.4263E+00
 1370.0000  179.9000  0.4244E+00
 1380.0000    0.1000  0.1556E+01
 1380.0000   10.0000  0.1528E+01
 1380.0000   20.0000  0.1450E+01
 1380.0000   30.0000  0.1337E+01
 1380.0000   40.0000  0.1206E+01
 1380.0000   50.0000  0.1069E+01
 1380.0000   60.0000  0.9343E+00
 1380.0000   70.0000  0.8047E+00
 1380.0000   80.0000  0.6852E+00
 1380.0000   90.0000  0.5833E+00
 1380.0000  100.0000  0.5066E+00
 1380.0000  110.0000  0.4582E+00
 1380.0000  120.0000  0.4351E+00
 1380.0000  130.0000  0.4293E+00
 1380.0000  140.0000  0.4316E+00
 1380.0000  150.0000  0.4341E+00
 1380.0000  160.0000  0.4331E+00
 1380.0000  170.0000  0.4298E+00
 1380.0000  179.9000  0.4279E+00
 1390.0000    0.1000  0.1529E+01
 1390.0000   10.0000  0.1503E+01
 1390.0000   20.0000  0.1431E+01
 1390.0000   30.0000  0.1326E+01
 1390.0000   40.0000  0.1201E+01
 1390.0000   50.0000  0.1070E+01
 1390.0000   60.0000  0.9367E+00
 1390.0000   70.0000  0.8061E+00
 1390.0000   80.0000  0.6836E+00
 1390.0000   90.0000  0.5784E+00
 1390.0000  100.0000  0.4997E+00
 1390.0000  110.0000  0.4512E+00
 1390.0000  120.0000  0.4296E+00
 1390.0000  130.0000  0.4261E+00
 1390.0000  140.0000  0.4307E+00
 1390.0000  150.0000  0.4350E+00
 1390.0000  160.0000  0.4349E+00
 1390.0000  170.0000  0.4318E+00
 1390.0000  179.9000  0.4300E+00
 1400.0000    0.1000  0.1497E+01
 1400.0000   10.0000  0.1473E+01
 1400.0000   20.0000  0.1408E+01
 1400.0000   30.0000  0.1310E+01
 1400.0000   40.0000  0.1194E+01
 1400.0000   50.0000  0.1067E+01
 1400.0000   60.0000  0.9366E+00
 1400.0000   70.0000  0.8051E+00
 1400.0000   80.0000  0.6798E+00
 1400.0000   90.0000  0.5715E+00
 1400.0000  100.0000  0.4909E+00
 1400.0000  110.0000  0.4425E+00
 1400.0000  120.0000  0.4226E+00
 1400.0000  130.0000  0.4215E+00
 1400.0000  140.0000  0.4285E+00
 1400.0000  150.0000  0.4345E+00
 1400.0000  160.0000  0.4352E+00
 1400.0000  170.0000  0.4323E+00
 1400.0000  179.9000  0.4305E+00
 1410.0000    0.1000  0.1459E+01
 1410.0000   10.0000  0.1438E+01
 1410.0000   20.0000  0.1380E+01
 1410.0000   30.0000  0.1291E+01
 1410.0000   40.0000  0.1183E+01
 1410.0000   50.0000  0.1062E+01
 1410.0000   60.0000  0.9339E+00
 1410.0000   70.0000  0.8018E+00
 1410.0000   80.0000  0.6737E+00
 1410.0000   90.0000  0.5624E+00
 1410.0000  100.0000  0.4802E+00
 1410.0000  110.0000  0.4321E+00
 1410.0000  120.0000  0.4141E+00
 1410.0000  130.0000  0.4157E+00
 1410.0000  140.0000  0.4250E+00
 1410.0000  150.0000  0.4326E+00
 1410.0000  160.0000  0.4340E+00
 1410.0000  170.0000  0.4311E+00
 1410.0000  179.9000  0.4292E+00
 1420.0000    0.1000  0.1416E+01
 1420.0000   10.0000  0.1399E+01
 1420.0000   20.0000  0.1347E+01
 1420.0000   30.0000  0.1268E+01
 1420.0000   40.0000  0.1168E+01
 1420.0000   50.0000  0.1054E+01
 1420.0000   60.0000  0.9287E+00
 1420.0000   70.0000  0.7961E+00
 1420.0000   80.0000  0.6655E+00
 1420.0000   90.0000  0.5513E+00
 1420.0000  100.0000  0.4676E+00
 1420.0000  110.0000  0.4202E+00
 1420.0000  120.0000  0.4043E+00
 1420.0000  130.0000  0.4086E+00
 1420.0000  140.0000  0.4204E+00
 1420.0000  150.0000  0.4294E+00
 1420.0000  160.0000  0.4314E+00
 1420.0000  170.0000  0.4283E+00
 1420.0000  179.9000  0.4263E+00
 1430.0000    0.1000  0.1370E+01
 1430.0000   10.0000  0.1355E+01
 1430.0000   20.0000  0.1311E+01
 1430.0000   30.0000  0.1241E+01
 1430.0000   40.0000  0.1151E+01
 1430.0000   50.0000  0.1043E+01
 1430.0000   60.0000  0.9210E+00
 1430.0000   70.0000  0.7883E+00
 1430.0000   80.0000  0.6551E+00
 1430.0000   90.0000  0.5382E+00
 1430.0000  100.0000  0.4533E+00
 1430.0000  110.0000  0.4068E+00
 1430.0000  120.0000  0.3934E+00
 1430.0000  130.0000  0.4006E+00
 1430.0000  140.0000  0.4147E+00
 1430.0000  150.0000  0.4251E+00
 1430.0000  160.0000  0.4273E+00
 1430.0000  170.0000  0.4239E+00
 1430.0000  179.9000  0.4217E+00
 1440.0000    0.1000  0.1319E+01
 1440.0000   10.0000  0.1307E+01
 1440.0000   20.0000  0.1271E+01
 1440.0000   30.0000  0.1211E+01
 1440.0000   40.0000  0.1130E+01
 1440.0000   50.0000  0.1030E+01
 1440.0000   60.0000  0.9109E+00
 1440.0000   70.0000  0.7782E+00
 1440.0000   80.0000  0.6428E+00
 1440.0000   90.0000  0.5232E+00
 1440.0000  100.0000  0.4373E+00
 1440.0000  110.0000  0.3920E+00
 1440.0000  120.0000  0.3814E+00
 1440.0000  130.0000  0.3917E+00
 1440.0000  140.0000  0.4082E+00
 1440.0000  150.0000  0.4197E+00
 1440.0000  160.0000  0.4219E+00
 1440.0000  170.0000  0.4180E+00
 1440.0000  179.9000  0.4154E+00
 1450.0000    0.1000  0.1265E+01
 1450.0000   10.0000  0.1256E+01
 1450.0000   20.0000  0.1228E+01
 1450.0000   30.0000  0.1178E+01
 1450.0000   40.0000  0.1107E+01
 1450.0000   50.0000  0.1014E+01
 1450.0000   60.0000  0.8987E+00
 1450.0000   70.0000  0.7661E+00
 1450.0000   80.0000  0.6284E+00
 1450.0000   90.0000  0.5064E+00
 1450.0000  100.0000  0.4197E+00
 1450.0000  110.0000  0.3761E+00
 1450.0000  120.0000  0.3685E+00
 1450.0000  130.0000  0.3820E+00
 1450.0000  140.0000  0.4009E+00
 1450.0000  150.0000  0.4135E+00
 1450.0000  160.0000  0.4154E+00
 1450.0000  170.0000  0.4107E+00
 1450.0000  179.9000  0.4078E+00
 1460.0000    0.1000  0.1208E+01
 1460.0000   10.0000  0.1202E+01
 1460.0000   20.0000  0.1182E+01
 1460.0000   30.0000  0.1143E+01
 1460.0000   40.0000  0.1081E+01
 1460.0000   50.0000  0.9952E+00
 1460.0000   60.0000  0.8841E+00
 1460.0000   70.0000  0.7518E+00
 1460.0000   80.0000  0.6119E+00
 1460.0000   90.0000  0.4876E+00
 1460.0000  100.0000  0.4005E+00
 1460.0000  110.0000  0.3588E+00
 1460.0000  120.0000  0.3548E+00
 1460.0000  130.0000  0.3718E+00
 1460.0000  140.0000  0.3930E+00
 1460.0000  150.0000  0.4064E+00
 1460.0000  160.0000  0.4079E+00
 1460.0000  170.0000  0.4022E+00
 1460.0000  179.9000  0.3988E+00
 1470.0000    0.1000  0.1150E+01
 1470.0000   10.0000  0.1147E+01
 1470.0000   20.0000  0.1135E+01
 1470.0000   30.0000  0.1106E+01
 1470.0000   40.0000  0.1054E+01
 1470.0000   50.0000  0.9747E+00
 1470.0000   60.0000  0.8674E+00
 1470.0000   70.0000  0.7352E+00
 1470.0000   80.0000  0.5933E+00
 1470.0000   90.0000  0.4668E+00
 1470.0000  100.0000  0.3795E+00
 1470.0000  110.0000  0.3403E+00
 1470.0000  120.0000  0.3402E+00
 1470.0000  130.0000  0.3610E+00
 1470.0000  140.0000  0.3847E+00
 1470.0000  150.0000  0.3988E+00
 1470.0000  160.0000  0.3995E+00
 1470.0000  170.0000  0.3927E+00
 1470.0000  179.9000  0.3887E+00
 1480.0000    0.1000  0.1092E+01
 1480.0000   10.0000  0.1092E+01
 1480.0000   20.0000  0.1087E+01
 1480.0000   30.0000  0.1067E+01
 1480.0000   40.0000  0.1024E+01
 1480.0000   50.0000  0.9522E+00
 1480.0000   60.0000  0.8484E+00
 1480.0000   70.0000  0.7163E+00
 1480.0000   80.0000  0.5722E+00
 1480.0000   90.0000  0.4437E+00
 1480.0000  100.0000  0.3567E+00
 1480.0000  110.0000  0.3204E+00
 1480.0000  120.0000  0.3247E+00
 1480.0000  130.0000  0.3497E+00
 1480.0000  140.0000  0.3759E+00
 1480.0000  150.0000  0.3905E+00
 1480.0000  160.0000  0.3904E+00
 1480.0000  170.0000  0.3823E+00
 1480.0000  179.9000  0.3778E+00
 1490.0000    0.1000  0.1034E+01
 1490.0000   10.0000  0.1036E+01
 1490.0000   20.0000  0.1039E+01
 1490.0000   30.0000  0.1028E+01
 1490.0000   40.0000  0.9935E+00
 1490.0000   50.0000  0.9278E+00
 1490.0000   60.0000  0.8271E+00
 1490.0000   70.0000  0.6948E+00
 1490.0000   80.0000  0.5485E+00
 1490.0000   90.0000  0.4182E+00
 1490.0000  100.0000  0.3319E+00
 1490.0000  110.0000  0.2991E+00
 1490.0000  120.0000  0.3084E+00
 1490.0000  130.0000  0.3378E+00
 1490.0000  140.0000  0.3666E+00
 1490.0000  150.0000  0.3819E+00
 1490.0000  160.0000  0.3808E+00
 1490.0000  170.0000  0.3715E+00
 1490.0000  179.9000  0.3663E+00
 1500.0000    0.1000  0.9780E+00
 1500.0000   10.0000  0.9830E+00
 1500.0000   20.0000  0.9916E+00
 1500.0000   30.0000  0.9890E+00
 1500.0000   40.0000  0.9619E+00
 1500.0000   50.0000  0.9017E+00
 1500.0000   60.0000  0.8034E+00
 1500.0000   70.0000  0.6705E+00
 1500.0000   80.0000  0.5218E+00
 1500.0000   90.0000  0.3899E+00
 1500.0000  100.0000  0.3049E+00
 1500.0000  110.0000  0.2764E+00
 1500.0000  120.0000  0.2912E+00
 1500.0000  130.0000  0.3253E+00
 1500.0000  140.0000  0.3569E+00
 1500.0000  150.0000  0.3728E+00
 1500.0000  160.0000  0.3709E+00
 1500.0000  170.0000  0.3604E+00
 1500.0000  179.9000  0.3548E+00
 1510.0000    0.1000  0.9254E+00
 1510.0000   10.0000  0.9326E+00
 1510.0000   20.0000  0.9466E+00
 1510.0000   30.0000  0.9508E+00
 1510.0000   40.0000  0.9300E+00
 1510.0000   50.0000  0.8740E+00
 1510.0000   60.0000  0.7772E+00
 1510.0000   70.0000  0.6430E+00
 1510.0000   80.0000  0.4918E+00
 1510.0000   90.0000  0.3589E+00
 1510.0000  100.0000  0.2759E+00
 1510.0000  110.0000  0.2524E+00
 1510.0000  120.0000  0.2733E+00
 1510.0000  130.0000  0.3124E+00
 1510.0000  140.0000  0.3467E+00
 1510.0000  150.0000  0.3633E+00
 1510.0000  160.0000  0.3609E+00
 1510.0000  170.0000  0.3495E+00
 1510.0000  179.9000  0.3434E+00
 1520.0000    0.1000  0.8774E+00
 1520.0000   10.0000  0.8864E+00
 1520.0000   20.0000  0.9049E+00
 1520.0000   30.0000  0.9145E+00
 1520.0000   40.0000  0.8982E+00
 1520.0000   50.0000  0.8449E+00
 1520.0000   60.0000  0.7483E+00
 1520.0000   70.0000  0.6122E+00
 1520.0000   80.0000  0.4586E+00
 1520.0000   90.0000  0.3252E+00
 1520.0000  100.0000  0.2452E+00
 1520.0000  110.0000  0.2276E+00
 1520.0000  120.0000  0.2550E+00
 1520.0000  130.0000  0.2991E+00
 1520.0000  140.0000  0.3362E+00
 1520.0000  150.0000  0.3535E+00
 1520.0000  160.0000  0.3508E+00
 1520.0000  170.0000  0.3389E+00
 1520.0000  179.9000  0.3326E+00
 1530.0000    0.1000  0.8355E+00
 1530.0000   10.0000  0.8458E+00
 1530.0000   20.0000  0.8677E+00
 1530.0000   30.0000  0.8810E+00
 1530.0000   40.0000  0.8674E+00
 1530.0000   50.0000  0.8150E+00
 1530.0000   60.0000  0.7171E+00
 1530.0000   70.0000  0.5782E+00
 1530.0000   80.0000  0.4223E+00
 1530.0000   90.0000  0.2893E+00
 1530.0000  100.0000  0.2136E+00
 1530.0000  110.0000  0.2029E+00
 1530.0000  120.0000  0.2373E+00
 1530.0000  130.0000  0.2863E+00
 1530.0000  140.0000  0.3257E+00
 1530.0000  150.0000  0.3437E+00
 1530.0000  160.0000  0.3410E+00
 1530.0000  170.0000  0.3291E+00
 1530.0000  179.9000  0.3228E+00
 1540.0000    0.1000  0.8016E+00
 1540.0000   10.0000  0.8129E+00
 1540.0000   20.0000  0.8367E+00
 1540.0000   30.0000  0.8519E+00
 1540.0000   40.0000  0.8388E+00
 1540.0000   50.0000  0.7849E+00
 1540.0000   60.0000  0.6841E+00
 1540.0000   70.0000  0.5417E+00
 1540.0000   80.0000  0.3837E+00
 1540.0000   90.0000  0.2524E+00
 1540.0000  100.0000  0.1825E+00
 1540.0000  110.0000  0.1799E+00
 1540.0000  120.0000  0.2216E+00
 1540.0000  130.0000  0.2750E+00
 1540.0000  140.0000  0.3160E+00
 1540.0000  150.0000  0.3345E+00
 1540.0000  160.0000  0.3322E+00
 1540.0000  170.0000  0.3208E+00
 1540.0000  179.9000  0.3147E+00
 1550.0000    0.1000  0.7790E+00
 1550.0000   10.0000  0.7906E+00
 1550.0000   20.0000  0.8151E+00
 1550.0000   30.0000  0.8298E+00
 1550.0000   40.0000  0.8145E+00
 1550.0000   50.0000  0.7568E+00
 1550.0000   60.0000  0.6510E+00
 1550.0000   70.0000  0.5041E+00
 1550.0000   80.0000  0.3445E+00
 1550.0000   90.0000  0.2162E+00
 1550.0000  100.0000  0.1540E+00
 1550.0000  110.0000  0.1608E+00
 1550.0000  120.0000  0.2099E+00
 1550.0000  130.0000  0.2670E+00
 1550.0000  140.0000  0.3088E+00
 1550.0000  150.0000  0.3272E+00
 1550.0000  160.0000  0.3255E+00
 1550.0000  170.0000  0.3151E+00
 1550.0000  179.9000  0.3096E+00
 1560.0000    0.1000  0.7729E+00
 1560.0000   10.0000  0.7843E+00
 1560.0000   20.0000  0.8076E+00
 1560.0000   30.0000  0.8193E+00
 1560.0000   40.0000  0.7987E+00
 1560.0000   50.0000  0.7340E+00
 1560.0000   60.0000  0.6209E+00
 1560.0000   70.0000  0.4683E+00
 1560.0000   80.0000  0.3073E+00
 1560.0000   90.0000  0.1836E+00
 1560.0000  100.0000  0.1310E+00
 1560.0000  110.0000  0.1484E+00
 1560.0000  120.0000  0.2051E+00
 1560.0000  130.0000  0.2651E+00
 1560.0000  140.0000  0.3066E+00
 1560.0000  150.0000  0.3244E+00
 1560.0000  160.0000  0.3236E+00
 1560.0000  170.0000  0.3148E+00
 1560.0000  179.9000  0.3101E+00
 1570.0000    0.1000  0.7911E+00
 1570.0000   10.0000  0.8015E+00
 1570.0000   20.0000  0.8217E+00
 1570.0000   30.0000  0.8273E+00
 1570.0000   40.0000  0.7979E+00
 1570.0000   50.0000  0.7225E+00
 1570.0000   60.0000  0.5989E+00
 1570.0000   70.0000  0.4388E+00
 1570.0000   80.0000  0.2762E+00
 1570.0000   90.0000  0.1581E+00
 1570.0000  100.0000  0.1166E+00
 1570.0000  110.0000  0.1459E+00
 1570.0000  120.0000  0.2102E+00
 1570.0000  130.0000  0.2721E+00
 1570.0000  140.0000  0.3125E+00
 1570.0000  150.0000  0.3296E+00
 1570.0000  160.0000  0.3303E+00
 1570.0000  170.0000  0.3241E+00
 1570.0000  179.9000  0.3207E+00
 1580.0000    0.1000  0.8426E+00
 1580.0000   10.0000  0.8514E+00
 1580.0000   20.0000  0.8663E+00
 1580.0000   30.0000  0.8625E+00
 1580.0000   40.0000  0.8201E+00
 1580.0000   50.0000  0.7298E+00
 1580.0000   60.0000  0.5920E+00
 1580.0000   70.0000  0.4216E+00
 1580.0000   80.0000  0.2559E+00
 1580.0000   90.0000  0.1436E+00
 1580.0000  100.0000  0.1140E+00
 1580.0000  110.0000  0.1557E+00
 1580.0000  120.0000  0.2276E+00
 1580.0000  130.0000  0.2910E+00
 1580.0000  140.0000  0.3299E+00
 1580.0000  150.0000  0.3471E+00
 1580.0000  160.0000  0.3510E+00
 1580.0000  170.0000  0.3492E+00
 1580.0000  179.9000  0.3477E+00
 1590.0000    0.1000  0.9346E+00
 1590.0000   10.0000  0.9411E+00
 1590.0000   20.0000  0.9487E+00
 1590.0000   30.0000  0.9327E+00
 1590.0000   40.0000  0.8735E+00
 1590.0000   50.0000  0.7640E+00
 1590.0000   60.0000  0.6075E+00
 1590.0000   70.0000  0.4229E+00
 1590.0000   80.0000  0.2513E+00
 1590.0000   90.0000  0.1430E+00
 1590.0000  100.0000  0.1247E+00
 1590.0000  110.0000  0.1785E+00
 1590.0000  120.0000  0.2576E+00
 1590.0000  130.0000  0.3224E+00
 1590.0000  140.0000  0.3609E+00
 1590.0000  150.0000  0.3807E+00
 1590.0000  160.0000  0.3911E+00
 1590.0000  170.0000  0.3966E+00
 1590.0000  179.9000  0.3983E+00
 1600.0000    0.1000  0.1067E+01
 1600.0000   10.0000  0.1071E+01
 1600.0000   20.0000  0.1070E+01
 1600.0000   30.0000  0.1040E+01
 1600.0000   40.0000  0.9616E+00
 1600.0000   50.0000  0.8295E+00
 1600.0000   60.0000  0.6500E+00
 1600.0000   70.0000  0.4463E+00
 1600.0000   80.0000  0.2644E+00
 1600.0000   90.0000  0.1568E+00
 1600.0000  100.0000  0.1473E+00
 1600.0000  110.0000  0.2116E+00
 1600.0000  120.0000  0.2972E+00
 1600.0000  130.0000  0.3639E+00
 1600.0000  140.0000  0.4044E+00
 1600.0000  150.0000  0.4310E+00
 1600.0000  160.0000  0.4535E+00
 1600.0000  170.0000  0.4707E+00
 1600.0000  179.9000  0.4774E+00
 1610.0000    0.1000  0.1228E+01
 1610.0000   10.0000  0.1230E+01
 1610.0000   20.0000  0.1221E+01
 1610.0000   30.0000  0.1178E+01
 1610.0000   40.0000  0.1080E+01
 1610.0000   50.0000  0.9236E+00
 1610.0000   60.0000  0.7179E+00
 1610.0000   70.0000  0.4908E+00
 1610.0000   80.0000  0.2934E+00
 1610.0000   90.0000  0.1816E+00
 1610.0000  100.0000  0.1772E+00
 1610.0000  110.0000  0.2494E+00
 1610.0000  120.0000  0.3402E+00
 1610.0000  130.0000  0.4095E+00
 1610.0000  140.0000  0.4553E+00
 1610.0000  150.0000  0.4947E+00
 1610.0000  160.0000  0.5361E+00
 1610.0000  170.0000  0.5709E+00
 1610.0000  179.9000  0.5848E+00
 1620.0000    0.1000  0.1399E+01
 1620.0000   10.0000  0.1399E+01
 1620.0000   20.0000  0.1385E+01
 1620.0000   30.0000  0.1330E+01
 1620.0000   40.0000  0.1216E+01
 1620.0000   50.0000  0.1036E+01
 1620.0000   60.0000  0.8033E+00
 1620.0000   70.0000  0.5494E+00
 1620.0000   80.0000  0.3320E+00
 1620.0000   90.0000  0.2113E+00
 1620.0000  100.0000  0.2079E+00
 1620.0000  110.0000  0.2849E+00
 1620.0000  120.0000  0.3791E+00
 1620.0000  130.0000  0.4514E+00
 1620.0000  140.0000  0.5057E+00
 1620.0000  150.0000  0.5639E+00
 1620.0000  160.0000  0.6317E+00
 1620.0000  170.0000  0.6903E+00
 1620.0000  179.9000  0.7136E+00
 1630.0000    0.1000  0.1559E+01
 1630.0000   10.0000  0.1558E+01
 1630.0000   20.0000  0.1541E+01
 1630.0000   30.0000  0.1479E+01
 1630.0000   40.0000  0.1352E+01
 1630.0000   50.0000  0.1153E+01
 1630.0000   60.0000  0.8945E+00
 1630.0000   70.0000  0.6126E+00
 1630.0000   80.0000  0.3724E+00
 1630.0000   90.0000  0.2395E+00
 1630.0000  100.0000  0.2339E+00
 1630.0000  110.0000  0.3130E+00
 1630.0000  120.0000  0.4087E+00
 1630.0000  130.0000  0.4835E+00
 1630.0000  140.0000  0.5482E+00
 1630.0000  150.0000  0.6299E+00
 1630.0000  160.0000  0.7305E+00
 1630.0000  170.0000  0.8182E+00
 1630.0000  179.9000  0.8533E+00
 1640.0000    0.1000  0.1693E+01
 1640.0000   10.0000  0.1692E+01
 1640.0000   20.0000  0.1674E+01
 1640.0000   30.0000  0.1610E+01
 1640.0000   40.0000  0.1476E+01
 1640.0000   50.0000  0.1262E+01
 1640.0000   60.0000  0.9810E+00
 1640.0000   70.0000  0.6721E+00
 1640.0000   80.0000  0.4083E+00
 1640.0000   90.0000  0.2617E+00
 1640.0000  100.0000  0.2525E+00
 1640.0000  110.0000  0.3321E+00
 1640.0000  120.0000  0.4274E+00
 1640.0000  130.0000  0.5031E+00
 1640.0000  140.0000  0.5784E+00
 1640.0000  150.0000  0.6862E+00
 1640.0000  160.0000  0.8238E+00
 1640.0000  170.0000  0.9449E+00
 1640.0000  179.9000  0.9934E+00
 1650.0000    0.1000  0.1797E+01
 1650.0000   10.0000  0.1796E+01
 1650.0000   20.0000  0.1779E+01
 1650.0000   30.0000  0.1716E+01
 1650.0000   40.0000  0.1579E+01
 1650.0000   50.0000  0.1356E+01
 1650.0000   60.0000  0.1056E+01
 1650.0000   70.0000  0.7226E+00
 1650.0000   80.0000  0.4363E+00
 1650.0000   90.0000  0.2764E+00
 1650.0000  100.0000  0.2638E+00
 1650.0000  110.0000  0.3435E+00
 1650.0000  120.0000  0.4368E+00
 1650.0000  130.0000  0.5111E+00
 1650.0000  140.0000  0.5953E+00
 1650.0000  150.0000  0.7295E+00
 1650.0000  160.0000  0.9063E+00
 1650.0000  170.0000  0.1063E+01
 1650.0000  179.9000  0.1126E+01
 1660.0000    0.1000  0.1874E+01
 1660.0000   10.0000  0.1873E+01
 1660.0000   20.0000  0.1856E+01
 1660.0000   30.0000  0.1794E+01
 1660.0000   40.0000  0.1658E+01
 1660.0000   50.0000  0.1431E+01
 1660.0000   60.0000  0.1117E+01
 1660.0000   70.0000  0.7624E+00
 1660.0000   80.0000  0.4555E+00
 1660.0000   90.0000  0.2842E+00
 1660.0000  100.0000  0.2697E+00
 1660.0000  110.0000  0.3500E+00
 1660.0000  120.0000  0.4402E+00
 1660.0000  130.0000  0.5104E+00
 1660.0000  140.0000  0.6007E+00
 1660.0000  150.0000  0.7596E+00
 1660.0000  160.0000  0.9761E+00
 1660.0000  170.0000  0.1170E+01
 1660.0000  179.9000  0.1249E+01
 1670.0000    0.1000  0.1932E+01
 1670.0000   10.0000  0.1929E+01
 1670.0000   20.0000  0.1911E+01
 1670.0000   30.0000  0.1850E+01
 1670.0000   40.0000  0.1716E+01
 1670.0000   50.0000  0.1488E+01
 1670.0000   60.0000  0.1165E+01
 1670.0000   70.0000  0.7917E+00
 1670.0000   80.0000  0.4666E+00
 1670.0000   90.0000  0.2861E+00
 1670.0000  100.0000  0.2722E+00
 1670.0000  110.0000  0.3548E+00
 1670.0000  120.0000  0.4413E+00
 1670.0000  130.0000  0.5046E+00
 1670.0000  140.0000  0.5973E+00
 1670.0000  150.0000  0.7785E+00
 1670.0000  160.0000  0.1034E+01
 1670.0000  170.0000  0.1266E+01
 1670.0000  179.9000  0.1360E+01
 1680.0000    0.1000  0.1982E+01
 1680.0000   10.0000  0.1977E+01
 1680.0000   20.0000  0.1952E+01
 1680.0000   30.0000  0.1887E+01
 1680.0000   40.0000  0.1756E+01
 1680.0000   50.0000  0.1530E+01
 1680.0000   60.0000  0.1200E+01
 1680.0000   70.0000  0.8118E+00
 1680.0000   80.0000  0.4709E+00
 1680.0000   90.0000  0.2837E+00
 1680.0000  100.0000  0.2732E+00
 1680.0000  110.0000  0.3603E+00
 1680.0000  120.0000  0.4431E+00
 1680.0000  130.0000  0.4969E+00
 1680.0000  140.0000  0.5881E+00
 1680.0000  150.0000  0.7883E+00
 1680.0000  160.0000  0.1081E+01
 1680.0000  170.0000  0.1351E+01
 1680.0000  179.9000  0.1461E+01
 1690.0000    0.1000  0.2036E+01
 1690.0000   10.0000  0.2025E+01
 1690.0000   20.0000  0.1987E+01
 1690.0000   30.0000  0.1912E+01
 1690.0000   40.0000  0.1780E+01
 1690.0000   50.0000  0.1556E+01
 1690.0000   60.0000  0.1223E+01
 1690.0000   70.0000  0.8229E+00
 1690.0000   80.0000  0.4687E+00
 1690.0000   90.0000  0.2776E+00
 1690.0000  100.0000  0.2741E+00
 1690.0000  110.0000  0.3683E+00
 1690.0000  120.0000  0.4479E+00
 1690.0000  130.0000  0.4899E+00
 1690.0000  140.0000  0.5754E+00
 1690.0000  150.0000  0.7909E+00
 1690.0000  160.0000  0.1120E+01
 1690.0000  170.0000  0.1427E+01
 1690.0000  179.9000  0.1553E+01
 1700.0000    0.1000  0.2108E+01
 1700.0000   10.0000  0.2087E+01
 1700.0000   20.0000  0.2027E+01
 1700.0000   30.0000  0.1934E+01
 1700.0000   40.0000  0.1795E+01
 1700.0000   50.0000  0.1573E+01
 1700.0000   60.0000  0.1238E+01
 1700.0000   70.0000  0.8275E+00
 1700.0000   80.0000  0.4620E+00
 1700.0000   90.0000  0.2699E+00
 1700.0000  100.0000  0.2766E+00
 1700.0000  110.0000  0.3810E+00
 1700.0000  120.0000  0.4580E+00
 1700.0000  130.0000  0.4859E+00
 1700.0000  140.0000  0.5620E+00
 1700.0000  150.0000  0.7894E+00
 1700.0000  160.0000  0.1152E+01
 1700.0000  170.0000  0.1497E+01
 1700.0000  179.9000  0.1639E+01
 1710.0000    0.1000  0.2208E+01
 1710.0000   10.0000  0.2173E+01
 1710.0000   20.0000  0.2082E+01
 1710.0000   30.0000  0.1959E+01
 1710.0000   40.0000  0.1807E+01
 1710.0000   50.0000  0.1583E+01
 1710.0000   60.0000  0.1246E+01
 1710.0000   70.0000  0.8267E+00
 1710.0000   80.0000  0.4516E+00
 1710.0000   90.0000  0.2608E+00
 1710.0000  100.0000  0.2811E+00
 1710.0000  110.0000  0.3984E+00
 1710.0000  120.0000  0.4737E+00
 1710.0000  130.0000  0.4859E+00
 1710.0000  140.0000  0.5490E+00
 1710.0000  150.0000  0.7846E+00
 1710.0000  160.0000  0.1178E+01
 1710.0000  170.0000  0.1559E+01
 1710.0000  179.9000  0.1717E+01
 1720.0000    0.1000  0.2341E+01
 1720.0000   10.0000  0.2289E+01
 1720.0000   20.0000  0.2156E+01
 1720.0000   30.0000  0.1992E+01
 1720.0000   40.0000  0.1817E+01
 1720.0000   50.0000  0.1588E+01
 1720.0000   60.0000  0.1248E+01
 1720.0000   70.0000  0.8206E+00
 1720.0000   80.0000  0.4378E+00
 1720.0000   90.0000  0.2510E+00
 1720.0000  100.0000  0.2879E+00
 1720.0000  110.0000  0.4210E+00
 1720.0000  120.0000  0.4958E+00
 1720.0000  130.0000  0.4910E+00
 1720.0000  140.0000  0.5379E+00
 1720.0000  150.0000  0.7779E+00
 1720.0000  160.0000  0.1200E+01
 1720.0000  170.0000  0.1615E+01
 1720.0000  179.9000  0.1788E+01
 1730.0000    0.1000  0.2513E+01
 1730.0000   10.0000  0.2438E+01
 1730.0000   20.0000  0.2253E+01
 1730.0000   30.0000  0.2037E+01
 1730.0000   40.0000  0.1829E+01
 1730.0000   50.0000  0.1589E+01
 1730.0000   60.0000  0.1245E+01
 1730.0000   70.0000  0.8098E+00
 1730.0000   80.0000  0.4213E+00
 1730.0000   90.0000  0.2412E+00
 1730.0000  100.0000  0.2976E+00
 1730.0000  110.0000  0.4487E+00
 1730.0000  120.0000  0.5242E+00
 1730.0000  130.0000  0.5018E+00
 1730.0000  140.0000  0.5302E+00
 1730.0000  150.0000  0.7708E+00
 1730.0000  160.0000  0.1217E+01
 1730.0000  170.0000  0.1663E+01
 1730.0000  179.9000  0.1850E+01
 1740.0000    0.1000  0.2723E+01
 1740.0000   10.0000  0.2623E+01
 1740.0000   20.0000  0.2376E+01
 1740.0000   30.0000  0.2094E+01
 1740.0000   40.0000  0.1844E+01
 1740.0000   50.0000  0.1587E+01
 1740.0000   60.0000  0.1236E+01
 1740.0000   70.0000  0.7949E+00
 1740.0000   80.0000  0.4032E+00
 1740.0000   90.0000  0.2322E+00
 1740.0000  100.0000  0.3103E+00
 1740.0000  110.0000  0.4813E+00
 1740.0000  120.0000  0.5586E+00
 1740.0000  130.0000  0.5188E+00
 1740.0000  140.0000  0.5269E+00
 1740.0000  150.0000  0.7649E+00
 1740.0000  160.0000  0.1231E+01
 1740.0000  170.0000  0.1705E+01
 1740.0000  179.9000  0.1905E+01
 1750.0000    0.1000  0.2972E+01
 1750.0000   10.0000  0.2843E+01
 1750.0000   20.0000  0.2524E+01
 1750.0000   30.0000  0.2166E+01
 1750.0000   40.0000  0.1864E+01
 1750.0000   50.0000  0.1582E+01
 1750.0000   60.0000  0.1223E+01
 1750.0000   70.0000  0.7768E+00
 1750.0000   80.0000  0.3845E+00
 1750.0000   90.0000  0.2251E+00
 1750.0000  100.0000  0.3264E+00
 1750.0000  110.0000  0.5182E+00
 1750.0000  120.0000  0.5983E+00
 1750.0000  130.0000  0.5416E+00
 1750.0000  140.0000  0.5289E+00
 1750.0000  150.0000  0.7615E+00
 1750.0000  160.0000  0.1244E+01
 1750.0000  170.0000  0.1741E+01
 1750.0000  179.9000  0.1953E+01
 1760.0000    0.1000  0.3260E+01
 1760.0000   10.0000  0.3097E+01
 1760.0000   20.0000  0.2699E+01
 1760.0000   30.0000  0.2252E+01
 1760.0000   40.0000  0.1887E+01
 1760.0000   50.0000  0.1575E+01
 1760.0000   60.0000  0.1207E+01
 1760.0000   70.0000  0.7568E+00
 1760.0000   80.0000  0.3667E+00
 1760.0000   90.0000  0.2210E+00
 1760.0000  100.0000  0.3462E+00
 1760.0000  110.0000  0.5591E+00
 1760.0000  120.0000  0.6427E+00
 1760.0000  130.0000  0.5699E+00
 1760.0000  140.0000  0.5363E+00
 1760.0000  150.0000  0.7618E+00
 1760.0000  160.0000  0.1256E+01
 1760.0000  170.0000  0.1775E+01
 1760.0000  179.9000  0.1996E+01
 1770.0000    0.1000  0.3586E+01
 1770.0000   10.0000  0.3387E+01
 1770.0000   20.0000  0.2898E+01
 1770.0000   30.0000  0.2351E+01
 1770.0000   40.0000  0.1912E+01
 1770.0000   50.0000  0.1566E+01
 1770.0000   60.0000  0.1187E+01
 1770.0000   70.0000  0.7359E+00
 1770.0000   80.0000  0.3511E+00
 1770.0000   90.0000  0.2209E+00
 1770.0000  100.0000  0.3704E+00
 1770.0000  110.0000  0.6041E+00
 1770.0000  120.0000  0.6912E+00
 1770.0000  130.0000  0.6033E+00
 1770.0000  140.0000  0.5491E+00
 1770.0000  150.0000  0.7661E+00
 1770.0000  160.0000  0.1271E+01
 1770.0000  170.0000  0.1807E+01
 1770.0000  179.9000  0.2036E+01
 1780.0000    0.1000  0.3955E+01
 1780.0000   10.0000  0.3714E+01
 1780.0000   20.0000  0.3122E+01
 1780.0000   30.0000  0.2462E+01
 1780.0000   40.0000  0.1940E+01
 1780.0000   50.0000  0.1553E+01
 1780.0000   60.0000  0.1164E+01
 1780.0000   70.0000  0.7152E+00
 1780.0000   80.0000  0.3389E+00
 1780.0000   90.0000  0.2259E+00
 1780.0000  100.0000  0.3994E+00
 1780.0000  110.0000  0.6531E+00
 1780.0000  120.0000  0.7438E+00
 1780.0000  130.0000  0.6412E+00
 1780.0000  140.0000  0.5670E+00
 1780.0000  150.0000  0.7748E+00
 1780.0000  160.0000  0.1287E+01
 1780.0000  170.0000  0.1839E+01
 1780.0000  179.9000  0.2077E+01
 1790.0000    0.1000  0.4369E+01
 1790.0000   10.0000  0.4082E+01
 1790.0000   20.0000  0.3374E+01
 1790.0000   30.0000  0.2583E+01
 1790.0000   40.0000  0.1967E+01
 1790.0000   50.0000  0.1536E+01
 1790.0000   60.0000  0.1138E+01
 1790.0000   70.0000  0.6955E+00
 1790.0000   80.0000  0.3314E+00
 1790.0000   90.0000  0.2370E+00
 1790.0000  100.0000  0.4341E+00
 1790.0000  110.0000  0.7066E+00
 1790.0000  120.0000  0.8002E+00
 1790.0000  130.0000  0.6833E+00
 1790.0000  140.0000  0.5892E+00
 1790.0000  150.0000  0.7872E+00
 1790.0000  160.0000  0.1306E+01
 1790.0000  170.0000  0.1873E+01
 1790.0000  179.9000  0.2118E+01
 1800.0000    0.1000  0.4835E+01
 1800.0000   10.0000  0.4493E+01
 1800.0000   20.0000  0.3652E+01
 1800.0000   30.0000  0.2714E+01
 1800.0000   40.0000  0.1992E+01
 1800.0000   50.0000  0.1512E+01
 1800.0000   60.0000  0.1108E+01
 1800.0000   70.0000  0.6773E+00
 1800.0000   80.0000  0.3296E+00
 1800.0000   90.0000  0.2553E+00
 1800.0000  100.0000  0.4752E+00
 1800.0000  110.0000  0.7650E+00
 1800.0000  120.0000  0.8606E+00
 1800.0000  130.0000  0.7292E+00
 1800.0000  140.0000  0.6150E+00
 1800.0000  150.0000  0.8027E+00
 1800.0000  160.0000  0.1328E+01
 1800.0000  170.0000  0.1908E+01
 1800.0000  179.9000  0.2160E+01
 1810.0000    0.1000  0.5358E+01
 1810.0000   10.0000  0.4954E+01
 1810.0000   20.0000  0.3960E+01
 1810.0000   30.0000  0.2853E+01
 1810.0000   40.0000  0.2011E+01
 1810.0000   50.0000  0.1480E+01
 1810.0000   60.0000  0.1074E+01
 1810.0000   70.0000  0.6614E+00
 1810.0000   80.0000  0.3343E+00
 1810.0000   90.0000  0.2815E+00
 1810.0000  100.0000  0.5233E+00
 1810.0000  110.0000  0.8288E+00
 1810.0000  120.0000  0.9251E+00
 1810.0000  130.0000  0.7784E+00
 1810.0000  140.0000  0.6434E+00
 1810.0000  150.0000  0.8197E+00
 1810.0000  160.0000  0.1350E+01
 1810.0000  170.0000  0.1943E+01
 1810.0000  179.9000  0.2202E+01
 1820.0000    0.1000  0.5944E+01
 1820.0000   10.0000  0.5468E+01
 1820.0000   20.0000  0.4298E+01
 1820.0000   30.0000  0.2997E+01
 1820.0000   40.0000  0.2020E+01
 1820.0000   50.0000  0.1437E+01
 1820.0000   60.0000  0.1035E+01
 1820.0000   70.0000  0.6476E+00
 1820.0000   80.0000  0.3460E+00
 1820.0000   90.0000  0.3160E+00
 1820.0000  100.0000  0.5786E+00
 1820.0000  110.0000  0.8982E+00
 1820.0000  120.0000  0.9938E+00
 1820.0000  130.0000  0.8303E+00
 1820.0000  140.0000  0.6727E+00
 1820.0000  150.0000  0.8360E+00
 1820.0000  160.0000  0.1370E+01
 1820.0000  170.0000  0.1977E+01
 1820.0000  179.9000  0.2243E+01
 1830.0000    0.1000  0.6595E+01
 1830.0000   10.0000  0.6037E+01
 1830.0000   20.0000  0.4663E+01
 1830.0000   30.0000  0.3143E+01
 1830.0000   40.0000  0.2017E+01
 1830.0000   50.0000  0.1380E+01
 1830.0000   60.0000  0.9902E+00
 1830.0000   70.0000  0.6358E+00
 1830.0000   80.0000  0.3647E+00
 1830.0000   90.0000  0.3584E+00
 1830.0000  100.0000  0.6408E+00
 1830.0000  110.0000  0.9729E+00
 1830.0000  120.0000  0.1066E+01
 1830.0000  130.0000  0.8842E+00
 1830.0000  140.0000  0.7011E+00
 1830.0000  150.0000  0.8487E+00
 1830.0000  160.0000  0.1385E+01
 1830.0000  170.0000  0.2006E+01
 1830.0000  179.9000  0.2280E+01
 1840.0000    0.1000  0.7309E+01
 1840.0000   10.0000  0.6656E+01
 1840.0000   20.0000  0.5053E+01
 1840.0000   30.0000  0.3286E+01
 1840.0000   40.0000  0.1997E+01
 1840.0000   50.0000  0.1307E+01
 1840.0000   60.0000  0.9372E+00
 1840.0000   70.0000  0.6252E+00
 1840.0000   80.0000  0.3893E+00
 1840.0000   90.0000  0.4075E+00
 1840.0000  100.0000  0.7082E+00
 1840.0000  110.0000  0.1051E+01
 1840.0000  120.0000  0.1141E+01
 1840.0000  130.0000  0.9383E+00
 1840.0000  140.0000  0.7264E+00
 1840.0000  150.0000  0.8542E+00
 1840.0000  160.0000  0.1391E+01
 1840.0000  170.0000  0.2024E+01
 1840.0000  179.9000  0.2305E+01
 1850.0000    0.1000  0.8069E+01
 1850.0000   10.0000  0.7313E+01
 1850.0000   20.0000  0.5456E+01
 1850.0000   30.0000  0.3420E+01
 1850.0000   40.0000  0.1957E+01
 1850.0000   50.0000  0.1216E+01
 1850.0000   60.0000  0.8755E+00
 1850.0000   70.0000  0.6144E+00
 1850.0000   80.0000  0.4180E+00
 1850.0000   90.0000  0.4608E+00
 1850.0000  100.0000  0.7778E+00
 1850.0000  110.0000  0.1130E+01
 1850.0000  120.0000  0.1216E+01
 1850.0000  130.0000  0.9903E+00
 1850.0000  140.0000  0.7460E+00
 1850.0000  150.0000  0.8492E+00
 1850.0000  160.0000  0.1381E+01
 1850.0000  170.0000  0.2024E+01
 1850.0000  179.9000  0.2311E+01
 1860.0000    0.1000  0.8846E+01
 1860.0000   10.0000  0.7979E+01
 1860.0000   20.0000  0.5856E+01
 1860.0000   30.0000  0.3538E+01
 1860.0000   40.0000  0.1897E+01
 1860.0000   50.0000  0.1108E+01
 1860.0000   60.0000  0.8051E+00
 1860.0000   70.0000  0.6020E+00
 1860.0000   80.0000  0.4484E+00
 1860.0000   90.0000  0.5149E+00
 1860.0000  100.0000  0.8453E+00
 1860.0000  110.0000  0.1204E+01
 1860.0000  120.0000  0.1285E+01
 1860.0000  130.0000  0.1037E+01
 1860.0000  140.0000  0.7575E+00
 1860.0000  150.0000  0.8305E+00
 1860.0000  160.0000  0.1351E+01
 1860.0000  170.0000  0.1998E+01
 1860.0000  179.9000  0.2290E+01
 1870.0000    0.1000  0.9595E+01
 1870.0000   10.0000  0.8618E+01
 1870.0000   20.0000  0.6228E+01
 1870.0000   30.0000  0.3632E+01
 1870.0000   40.0000  0.1817E+01
 1870.0000   50.0000  0.9875E+00
 1870.0000   60.0000  0.7273E+00
 1870.0000   70.0000  0.5867E+00
 1870.0000   80.0000  0.4775E+00
 1870.0000   90.0000  0.5656E+00
 1870.0000  100.0000  0.9053E+00
 1870.0000  110.0000  0.1268E+01
 1870.0000  120.0000  0.1343E+01
 1870.0000  130.0000  0.1074E+01
 1870.0000  140.0000  0.7590E+00
 1870.0000  150.0000  0.7967E+00
 1870.0000  160.0000  0.1297E+01
 1870.0000  170.0000  0.1941E+01
 1870.0000  179.9000  0.2234E+01
 1880.0000    0.1000  0.1027E+02
 1880.0000   10.0000  0.9186E+01
 1880.0000   20.0000  0.6549E+01
 1880.0000   30.0000  0.3695E+01
 1880.0000   40.0000  0.1722E+01
 1880.0000   50.0000  0.8594E+00
 1880.0000   60.0000  0.6451E+00
 1880.0000   70.0000  0.5677E+00
 1880.0000   80.0000  0.5022E+00
 1880.0000   90.0000  0.6087E+00
 1880.0000  100.0000  0.9524E+00
 1880.0000  110.0000  0.1315E+01
 1880.0000  120.0000  0.1385E+01
 1880.0000  130.0000  0.1098E+01
 1880.0000  140.0000  0.7493E+00
 1880.0000  150.0000  0.7481E+00
 1880.0000  160.0000  0.1220E+01
 1880.0000  170.0000  0.1851E+01
 1880.0000  179.9000  0.2142E+01
 1890.0000    0.1000  0.1081E+02
 1890.0000   10.0000  0.9645E+01
 1890.0000   20.0000  0.6796E+01
 1890.0000   30.0000  0.3723E+01
 1890.0000   40.0000  0.1618E+01
 1890.0000   50.0000  0.7316E+00
 1890.0000   60.0000  0.5625E+00
 1890.0000   70.0000  0.5451E+00
 1890.0000   80.0000  0.5203E+00
 1890.0000   90.0000  0.6411E+00
 1890.0000  100.0000  0.9827E+00
 1890.0000  110.0000  0.1340E+01
 1890.0000  120.0000  0.1406E+01
 1890.0000  130.0000  0.1106E+01
 1890.0000  140.0000  0.7290E+00
 1890.0000  150.0000  0.6875E+00
 1890.0000  160.0000  0.1122E+01
 1890.0000  170.0000  0.1731E+01
 1890.0000  179.9000  0.2014E+01
 1900.0000    0.1000  0.1121E+02
 1900.0000   10.0000  0.9969E+01
 1900.0000   20.0000  0.6956E+01
 1900.0000   30.0000  0.3715E+01
 1900.0000   40.0000  0.1511E+01
 1900.0000   50.0000  0.6118E+00
 1900.0000   60.0000  0.4838E+00
 1900.0000   70.0000  0.5196E+00
 1900.0000   80.0000  0.5305E+00
 1900.0000   90.0000  0.6608E+00
 1900.0000  100.0000  0.9945E+00
 1900.0000  110.0000  0.1342E+01
 1900.0000  120.0000  0.1404E+01
 1900.0000  130.0000  0.1098E+01
 1900.0000  140.0000  0.6993E+00
 1900.0000  150.0000  0.6190E+00
 1900.0000  160.0000  0.1010E+01
 1900.0000  170.0000  0.1587E+01
 1900.0000  179.9000  0.1859E+01
 1910.0000    0.1000  0.1143E+02
 1910.0000   10.0000  0.1015E+02
 1910.0000   20.0000  0.7028E+01
 1910.0000   30.0000  0.3676E+01
 1910.0000   40.0000  0.1410E+01
 1910.0000   50.0000  0.5061E+00
 1910.0000   60.0000  0.4128E+00
 1910.0000   70.0000  0.4925E+00
 1910.0000   80.0000  0.5329E+00
 1910.0000   90.0000  0.6679E+00
 1910.0000  100.0000  0.9884E+00
 1910.0000  110.0000  0.1322E+01
 1910.0000  120.0000  0.1381E+01
 1910.0000  130.0000  0.1075E+01
 1910.0000  140.0000  0.6631E+00
 1910.0000  150.0000  0.5476E+00
 1910.0000  160.0000  0.8920E+00
 1910.0000  170.0000  0.1430E+01
 1910.0000  179.9000  0.1687E+01
 1920.0000    0.1000  0.1151E+02
 1920.0000   10.0000  0.1020E+02
 1920.0000   20.0000  0.7022E+01
 1920.0000   30.0000  0.3613E+01
 1920.0000   40.0000  0.1317E+01
 1920.0000   50.0000  0.4180E+00
 1920.0000   60.0000  0.3518E+00
 1920.0000   70.0000  0.4652E+00
 1920.0000   80.0000  0.5283E+00
 1920.0000   90.0000  0.6639E+00
 1920.0000  100.0000  0.9672E+00
 1920.0000  110.0000  0.1284E+01
 1920.0000  120.0000  0.1340E+01
 1920.0000  130.0000  0.1040E+01
 1920.0000  140.0000  0.6231E+00
 1920.0000  150.0000  0.4777E+00
 1920.0000  160.0000  0.7747E+00
 1920.0000  170.0000  0.1269E+01
 1920.0000  179.9000  0.1509E+01
 1930.0000    0.1000  0.1146E+02
 1930.0000   10.0000  0.1014E+02
 1930.0000   20.0000  0.6951E+01
 1930.0000   30.0000  0.3533E+01
 1930.0000   40.0000  0.1237E+01
 1930.0000   50.0000  0.3484E+00
 1930.0000   60.0000  0.3018E+00
 1930.0000   70.0000  0.4389E+00
 1930.0000   80.0000  0.5184E+00
 1930.0000   90.0000  0.6513E+00
 1930.0000  100.0000  0.9348E+00
 1930.0000  110.0000  0.1232E+01
 1930.0000  120.0000  0.1286E+01
 1930.0000  130.0000  0.9967E+00
 1930.0000  140.0000  0.5819E+00
 1930.0000  150.0000  0.4128E+00
 1930.0000  160.0000  0.6643E+00
 1930.0000  170.0000  0.1115E+01
 1930.0000  179.9000  0.1337E+01
 1940.0000    0.1000  0.1131E+02
 1940.0000   10.0000  0.1001E+02
 1940.0000   20.0000  0.6834E+01
 1940.0000   30.0000  0.3443E+01
 1940.0000   40.0000  0.1170E+01
 1940.0000   50.0000  0.2963E+00
 1940.0000   60.0000  0.2623E+00
 1940.0000   70.0000  0.4144E+00
 1940.0000   80.0000  0.5047E+00
 1940.0000   90.0000  0.6325E+00
 1940.0000  100.0000  0.8949E+00
 1940.0000  110.0000  0.1172E+01
 1940.0000  120.0000  0.1224E+01
 1940.0000  130.0000  0.9484E+00
 1940.0000  140.0000  0.5416E+00
 1940.0000  150.0000  0.3548E+00
 1940.0000  160.0000  0.5644E+00
 1940.0000  170.0000  0.9717E+00
 1940.0000  179.9000  0.1175E+01
 1950.0000    0.1000  0.1110E+02
 1950.0000   10.0000  0.9810E+01
 1950.0000   20.0000  0.6687E+01
 1950.0000   30.0000  0.3350E+01
 1950.0000   40.0000  0.1116E+01
 1950.0000   50.0000  0.2595E+00
 1950.0000   60.0000  0.2325E+00
 1950.0000   70.0000  0.3923E+00
 1950.0000   80.0000  0.4888E+00
 1950.0000   90.0000  0.6100E+00
 1950.0000  100.0000  0.8510E+00
 1950.0000  110.0000  0.1108E+01
 1950.0000  120.0000  0.1157E+01
 1950.0000  130.0000  0.8980E+00
 1950.0000  140.0000  0.5036E+00
 1950.0000  150.0000  0.3047E+00
 1950.0000  160.0000  0.4771E+00
 1950.0000  170.0000  0.8437E+00
 1950.0000  179.9000  0.1030E+01
 1960.0000    0.1000  0.1084E+02
 1960.0000   10.0000  0.9583E+01
 1960.0000   20.0000  0.6524E+01
 1960.0000   30.0000  0.3258E+01
 1960.0000   40.0000  0.1073E+01
 1960.0000   50.0000  0.2352E+00
 1960.0000   60.0000  0.2106E+00
 1960.0000   70.0000  0.3727E+00
 1960.0000   80.0000  0.4720E+00
 1960.0000   90.0000  0.5857E+00
 1960.0000  100.0000  0.8058E+00
 1960.0000  110.0000  0.1043E+01
 1960.0000  120.0000  0.1090E+01
 1960.0000  130.0000  0.8475E+00
 1960.0000  140.0000  0.4686E+00
 1960.0000  150.0000  0.2623E+00
 1960.0000  160.0000  0.4026E+00
 1960.0000  170.0000  0.7319E+00
 1960.0000  179.9000  0.9018E+00
 1970.0000    0.1000  0.1057E+02
 1970.0000   10.0000  0.9339E+01
 1970.0000   20.0000  0.6354E+01
 1970.0000   30.0000  0.3170E+01
 1970.0000   40.0000  0.1039E+01
 1970.0000   50.0000  0.2209E+00
 1970.0000   60.0000  0.1954E+00
 1970.0000   70.0000  0.3555E+00
 1970.0000   80.0000  0.4550E+00
 1970.0000   90.0000  0.5609E+00
 1970.0000  100.0000  0.7611E+00
 1970.0000  110.0000  0.9784E+00
 1970.0000  120.0000  0.1024E+01
 1970.0000  130.0000  0.7985E+00
 1970.0000  140.0000  0.4368E+00
 1970.0000  150.0000  0.2273E+00
 1970.0000  160.0000  0.3401E+00
 1970.0000  170.0000  0.6362E+00
 1970.0000  179.9000  0.7912E+00
 1980.0000    0.1000  0.1029E+02
 1980.0000   10.0000  0.9092E+01
 1980.0000   20.0000  0.6185E+01
 1980.0000   30.0000  0.3086E+01
 1980.0000   40.0000  0.1013E+01
 1980.0000   50.0000  0.2142E+00
 1980.0000   60.0000  0.1854E+00
 1980.0000   70.0000  0.3405E+00
 1980.0000   80.0000  0.4385E+00
 1980.0000   90.0000  0.5365E+00
 1980.0000  100.0000  0.7179E+00
 1980.0000  110.0000  0.9167E+00
 1980.0000  120.0000  0.9604E+00
 1980.0000  130.0000  0.7516E+00
 1980.0000  140.0000  0.4084E+00
 1980.0000  150.0000  0.1987E+00
 1980.0000  160.0000  0.2887E+00
 1980.0000  170.0000  0.5553E+00
 1980.0000  179.9000  0.6970E+00
 1990.0000    0.1000  0.1002E+02
 1990.0000   10.0000  0.8849E+01
 1990.0000   20.0000  0.6020E+01
 1990.0000   30.0000  0.3008E+01
 1990.0000   40.0000  0.9936E+00
 1990.0000   50.0000  0.2132E+00
 1990.0000   60.0000  0.1793E+00
 1990.0000   70.0000  0.3275E+00
 1990.0000   80.0000  0.4225E+00
 1990.0000   90.0000  0.5129E+00
 1990.0000  100.0000  0.6767E+00
 1990.0000  110.0000  0.8581E+00
 1990.0000  120.0000  0.8999E+00
 1990.0000  130.0000  0.7074E+00
 1990.0000  140.0000  0.3830E+00
 1990.0000  150.0000  0.1757E+00
 1990.0000  160.0000  0.2468E+00
 1990.0000  170.0000  0.4876E+00
 1990.0000  179.9000  0.6174E+00
 2000.0000    0.1000  0.9749E+01
 2000.0000   10.0000  0.8613E+01
 2000.0000   20.0000  0.5862E+01
 2000.0000   30.0000  0.2936E+01
 2000.0000   40.0000  0.9789E+00
 2000.0000   50.0000  0.2163E+00
 2000.0000   60.0000  0.1763E+00
 2000.0000   70.0000  0.3160E+00
 2000.0000   80.0000  0.4074E+00
 2000.0000   90.0000  0.4904E+00
 2000.0000  100.0000  0.6379E+00
 2000.0000  110.0000  0.8028E+00
 2000.0000  120.0000  0.8427E+00
 2000.0000  130.0000  0.6657E+00
 2000.0000  140.0000  0.3604E+00
 2000.0000  150.0000  0.1575E+00
 2000.0000  160.0000  0.2133E+00
 2000.0000  170.0000  0.4314E+00
 2000.0000  179.9000  0.5508E+00
