    W        Theta    pip-n       pi0-p
 1080.0000    0.1000  0.1011E+00  0.2991E+00
 1080.0000   10.0000  0.1014E+00  0.2992E+00
 1080.0000   20.0000  0.1020E+00  0.2996E+00
 1080.0000   30.0000  0.1030E+00  0.3001E+00
 1080.0000   40.0000  0.1044E+00  0.3009E+00
 1080.0000   50.0000  0.1062E+00  0.3018E+00
 1080.0000   60.0000  0.1082E+00  0.3029E+00
 1080.0000   70.0000  0.1105E+00  0.3042E+00
 1080.0000   80.0000  0.1129E+00  0.3055E+00
 1080.0000   90.0000  0.1155E+00  0.3069E+00
 1080.0000  100.0000  0.1181E+00  0.3083E+00
 1080.0000  110.0000  0.1206E+00  0.3097E+00
 1080.0000  120.0000  0.1230E+00  0.3110E+00
 1080.0000  130.0000  0.1252E+00  0.3122E+00
 1080.0000  140.0000  0.1271E+00  0.3133E+00
 1080.0000  150.0000  0.1286E+00  0.3141E+00
 1080.0000  160.0000  0.1298E+00  0.3148E+00
 1080.0000  170.0000  0.1305E+00  0.3152E+00
 1080.0000  179.9000  0.1307E+00  0.3153E+00
 1090.0000    0.1000  0.6249E-01  0.2828E+00
 1090.0000   10.0000  0.6315E-01  0.2831E+00
 1090.0000   20.0000  0.6513E-01  0.2841E+00
 1090.0000   30.0000  0.6843E-01  0.2859E+00
 1090.0000   40.0000  0.7302E-01  0.2883E+00
 1090.0000   50.0000  0.7888E-01  0.2914E+00
 1090.0000   60.0000  0.8593E-01  0.2951E+00
 1090.0000   70.0000  0.9406E-01  0.2995E+00
 1090.0000   80.0000  0.1031E+00  0.3043E+00
 1090.0000   90.0000  0.1129E+00  0.3097E+00
 1090.0000  100.0000  0.1230E+00  0.3153E+00
 1090.0000  110.0000  0.1333E+00  0.3210E+00
 1090.0000  120.0000  0.1433E+00  0.3266E+00
 1090.0000  130.0000  0.1526E+00  0.3318E+00
 1090.0000  140.0000  0.1609E+00  0.3366E+00
 1090.0000  150.0000  0.1678E+00  0.3405E+00
 1090.0000  160.0000  0.1729E+00  0.3435E+00
 1090.0000  170.0000  0.1761E+00  0.3454E+00
 1090.0000  179.9000  0.1772E+00  0.3460E+00
 1100.0000    0.1000  0.3439E-01  0.2712E+00
 1100.0000   10.0000  0.3517E-01  0.2716E+00
 1100.0000   20.0000  0.3754E-01  0.2727E+00
 1100.0000   30.0000  0.4157E-01  0.2747E+00
 1100.0000   40.0000  0.4737E-01  0.2776E+00
 1100.0000   50.0000  0.5502E-01  0.2815E+00
 1100.0000   60.0000  0.6458E-01  0.2864E+00
 1100.0000   70.0000  0.7603E-01  0.2924E+00
 1100.0000   80.0000  0.8923E-01  0.2995E+00
 1100.0000   90.0000  0.1039E+00  0.3076E+00
 1100.0000  100.0000  0.1197E+00  0.3165E+00
 1100.0000  110.0000  0.1361E+00  0.3259E+00
 1100.0000  120.0000  0.1524E+00  0.3355E+00
 1100.0000  130.0000  0.1680E+00  0.3448E+00
 1100.0000  140.0000  0.1820E+00  0.3533E+00
 1100.0000  150.0000  0.1938E+00  0.3606E+00
 1100.0000  160.0000  0.2028E+00  0.3662E+00
 1100.0000  170.0000  0.2084E+00  0.3697E+00
 1100.0000  179.9000  0.2103E+00  0.3708E+00
 1110.0000    0.1000  0.1768E-01  0.2665E+00
 1110.0000   10.0000  0.1837E-01  0.2667E+00
 1110.0000   20.0000  0.2049E-01  0.2675E+00
 1110.0000   30.0000  0.2426E-01  0.2691E+00
 1110.0000   40.0000  0.2993E-01  0.2715E+00
 1110.0000   50.0000  0.3780E-01  0.2751E+00
 1110.0000   60.0000  0.4811E-01  0.2800E+00
 1110.0000   70.0000  0.6099E-01  0.2866E+00
 1110.0000   80.0000  0.7644E-01  0.2948E+00
 1110.0000   90.0000  0.9421E-01  0.3046E+00
 1110.0000  100.0000  0.1139E+00  0.3160E+00
 1110.0000  110.0000  0.1348E+00  0.3284E+00
 1110.0000  120.0000  0.1562E+00  0.3416E+00
 1110.0000  130.0000  0.1769E+00  0.3546E+00
 1110.0000  140.0000  0.1960E+00  0.3669E+00
 1110.0000  150.0000  0.2122E+00  0.3776E+00
 1110.0000  160.0000  0.2246E+00  0.3859E+00
 1110.0000  170.0000  0.2324E+00  0.3911E+00
 1110.0000  179.9000  0.2350E+00  0.3929E+00
 1120.0000    0.1000  0.9205E-02  0.2671E+00
 1120.0000   10.0000  0.9664E-02  0.2671E+00
 1120.0000   20.0000  0.1116E-01  0.2672E+00
 1120.0000   30.0000  0.1402E-01  0.2677E+00
 1120.0000   40.0000  0.1872E-01  0.2689E+00
 1120.0000   50.0000  0.2576E-01  0.2713E+00
 1120.0000   60.0000  0.3559E-01  0.2753E+00
 1120.0000   70.0000  0.4855E-01  0.2814E+00
 1120.0000   80.0000  0.6475E-01  0.2897E+00
 1120.0000   90.0000  0.8408E-01  0.3005E+00
 1120.0000  100.0000  0.1061E+00  0.3135E+00
 1120.0000  110.0000  0.1302E+00  0.3284E+00
 1120.0000  120.0000  0.1553E+00  0.3446E+00
 1120.0000  130.0000  0.1802E+00  0.3612E+00
 1120.0000  140.0000  0.2034E+00  0.3771E+00
 1120.0000  150.0000  0.2233E+00  0.3912E+00
 1120.0000  160.0000  0.2388E+00  0.4022E+00
 1120.0000  170.0000  0.2485E+00  0.4093E+00
 1120.0000  179.9000  0.2518E+00  0.4117E+00
 1130.0000    0.1000  0.6383E-02  0.2722E+00
 1130.0000   10.0000  0.6545E-02  0.2718E+00
 1130.0000   20.0000  0.7198E-02  0.2709E+00
 1130.0000   30.0000  0.8805E-02  0.2698E+00
 1130.0000   40.0000  0.1202E-01  0.2691E+00
 1130.0000   50.0000  0.1756E-01  0.2695E+00
 1130.0000   60.0000  0.2607E-01  0.2718E+00
 1130.0000   70.0000  0.3807E-01  0.2766E+00
 1130.0000   80.0000  0.5385E-01  0.2843E+00
 1130.0000   90.0000  0.7345E-01  0.2952E+00
 1130.0000  100.0000  0.9657E-01  0.3092E+00
 1130.0000  110.0000  0.1225E+00  0.3260E+00
 1130.0000  120.0000  0.1502E+00  0.3448E+00
 1130.0000  130.0000  0.1782E+00  0.3646E+00
 1130.0000  140.0000  0.2047E+00  0.3839E+00
 1130.0000  150.0000  0.2278E+00  0.4012E+00
 1130.0000  160.0000  0.2458E+00  0.4150E+00
 1130.0000  170.0000  0.2572E+00  0.4238E+00
 1130.0000  179.9000  0.2612E+00  0.4269E+00
 1140.0000    0.1000  0.7287E-02  0.2815E+00
 1140.0000   10.0000  0.7137E-02  0.2806E+00
 1140.0000   20.0000  0.6895E-02  0.2783E+00
 1140.0000   30.0000  0.7134E-02  0.2750E+00
 1140.0000   40.0000  0.8657E-02  0.2718E+00
 1140.0000   50.0000  0.1234E-01  0.2696E+00
 1140.0000   60.0000  0.1900E-01  0.2695E+00
 1140.0000   70.0000  0.2932E-01  0.2723E+00
 1140.0000   80.0000  0.4378E-01  0.2786E+00
 1140.0000   90.0000  0.6261E-01  0.2890E+00
 1140.0000  100.0000  0.8567E-01  0.3034E+00
 1140.0000  110.0000  0.1124E+00  0.3215E+00
 1140.0000  120.0000  0.1416E+00  0.3425E+00
 1140.0000  130.0000  0.1718E+00  0.3651E+00
 1140.0000  140.0000  0.2009E+00  0.3875E+00
 1140.0000  150.0000  0.2265E+00  0.4080E+00
 1140.0000  160.0000  0.2467E+00  0.4244E+00
 1140.0000  170.0000  0.2596E+00  0.4350E+00
 1140.0000  179.9000  0.2640E+00  0.4387E+00
 1150.0000    0.1000  0.1030E-01  0.2948E+00
 1150.0000   10.0000  0.9881E-02  0.2934E+00
 1150.0000   20.0000  0.8845E-02  0.2892E+00
 1150.0000   30.0000  0.7830E-02  0.2833E+00
 1150.0000   40.0000  0.7717E-02  0.2769E+00
 1150.0000   50.0000  0.9472E-02  0.2714E+00
 1150.0000   60.0000  0.1402E-01  0.2682E+00
 1150.0000   70.0000  0.2220E-01  0.2684E+00
 1150.0000   80.0000  0.3468E-01  0.2729E+00
 1150.0000   90.0000  0.5191E-01  0.2822E+00
 1150.0000  100.0000  0.7399E-01  0.2965E+00
 1150.0000  110.0000  0.1005E+00  0.3154E+00
 1150.0000  120.0000  0.1304E+00  0.3380E+00
 1150.0000  130.0000  0.1620E+00  0.3630E+00
 1150.0000  140.0000  0.1929E+00  0.3884E+00
 1150.0000  150.0000  0.2206E+00  0.4117E+00
 1150.0000  160.0000  0.2426E+00  0.4306E+00
 1150.0000  170.0000  0.2567E+00  0.4430E+00
 1150.0000  179.9000  0.2615E+00  0.4473E+00
 1160.0000    0.1000  0.1408E-01  0.3124E+00
 1160.0000   10.0000  0.1347E-01  0.3102E+00
 1160.0000   20.0000  0.1187E-01  0.3039E+00
 1160.0000   30.0000  0.9910E-02  0.2948E+00
 1160.0000   40.0000  0.8459E-02  0.2846E+00
 1160.0000   50.0000  0.8477E-02  0.2752E+00
 1160.0000   60.0000  0.1093E-01  0.2683E+00
 1160.0000   70.0000  0.1675E-01  0.2654E+00
 1160.0000   80.0000  0.2681E-01  0.2675E+00
 1160.0000   90.0000  0.4183E-01  0.2752E+00
 1160.0000  100.0000  0.6219E-01  0.2888E+00
 1160.0000  110.0000  0.8771E-01  0.3080E+00
 1160.0000  120.0000  0.1175E+00  0.3319E+00
 1160.0000  130.0000  0.1497E+00  0.3589E+00
 1160.0000  140.0000  0.1818E+00  0.3867E+00
 1160.0000  150.0000  0.2111E+00  0.4127E+00
 1160.0000  160.0000  0.2345E+00  0.4340E+00
 1160.0000  170.0000  0.2496E+00  0.4479E+00
 1160.0000  179.9000  0.2548E+00  0.4528E+00
 1170.0000    0.1000  0.1762E-01  0.3342E+00
 1170.0000   10.0000  0.1693E-01  0.3311E+00
 1170.0000   20.0000  0.1507E-01  0.3223E+00
 1170.0000   30.0000  0.1259E-01  0.3095E+00
 1170.0000   40.0000  0.1026E-01  0.2949E+00
 1170.0000   50.0000  0.8923E-02  0.2809E+00
 1170.0000   60.0000  0.9497E-02  0.2698E+00
 1170.0000   70.0000  0.1298E-01  0.2633E+00
 1170.0000   80.0000  0.2042E-01  0.2626E+00
 1170.0000   90.0000  0.3282E-01  0.2683E+00
 1170.0000  100.0000  0.5089E-01  0.2809E+00
 1170.0000  110.0000  0.7476E-01  0.2999E+00
 1170.0000  120.0000  0.1037E+00  0.3245E+00
 1170.0000  130.0000  0.1359E+00  0.3530E+00
 1170.0000  140.0000  0.1687E+00  0.3830E+00
 1170.0000  150.0000  0.1990E+00  0.4113E+00
 1170.0000  160.0000  0.2235E+00  0.4347E+00
 1170.0000  170.0000  0.2394E+00  0.4502E+00
 1170.0000  179.9000  0.2449E+00  0.4556E+00
 1180.0000    0.1000  0.2030E-01  0.3603E+00
 1180.0000   10.0000  0.1964E-01  0.3562E+00
 1180.0000   20.0000  0.1784E-01  0.3445E+00
 1180.0000   30.0000  0.1532E-01  0.3274E+00
 1180.0000   40.0000  0.1264E-01  0.3078E+00
 1180.0000   50.0000  0.1045E-01  0.2887E+00
 1180.0000   60.0000  0.9529E-02  0.2729E+00
 1180.0000   70.0000  0.1086E-01  0.2623E+00
 1180.0000   80.0000  0.1567E-01  0.2584E+00
 1180.0000   90.0000  0.2522E-01  0.2618E+00
 1180.0000  100.0000  0.4061E-01  0.2729E+00
 1180.0000  110.0000  0.6230E-01  0.2913E+00
 1180.0000  120.0000  0.8980E-01  0.3162E+00
 1180.0000  130.0000  0.1214E+00  0.3458E+00
 1180.0000  140.0000  0.1544E+00  0.3775E+00
 1180.0000  150.0000  0.1853E+00  0.4078E+00
 1180.0000  160.0000  0.2105E+00  0.4332E+00
 1180.0000  170.0000  0.2271E+00  0.4500E+00
 1180.0000  179.9000  0.2328E+00  0.4559E+00
 1190.0000    0.1000  0.2181E-01  0.3908E+00
 1190.0000   10.0000  0.2130E-01  0.3854E+00
 1190.0000   20.0000  0.1987E-01  0.3705E+00
 1190.0000   30.0000  0.1777E-01  0.3485E+00
 1190.0000   40.0000  0.1529E-01  0.3233E+00
 1190.0000   50.0000  0.1279E-01  0.2987E+00
 1190.0000   60.0000  0.1084E-01  0.2777E+00
 1190.0000   70.0000  0.1036E-01  0.2627E+00
 1190.0000   80.0000  0.1267E-01  0.2553E+00
 1190.0000   90.0000  0.1932E-01  0.2561E+00
 1190.0000  100.0000  0.3178E-01  0.2653E+00
 1190.0000  110.0000  0.5091E-01  0.2828E+00
 1190.0000  120.0000  0.7652E-01  0.3075E+00
 1190.0000  130.0000  0.1071E+00  0.3378E+00
 1190.0000  140.0000  0.1397E+00  0.3707E+00
 1190.0000  150.0000  0.1708E+00  0.4027E+00
 1190.0000  160.0000  0.1965E+00  0.4297E+00
 1190.0000  170.0000  0.2134E+00  0.4477E+00
 1190.0000  179.9000  0.2193E+00  0.4540E+00
 1200.0000    0.1000  0.2211E-01  0.4259E+00
 1200.0000   10.0000  0.2184E-01  0.4192E+00
 1200.0000   20.0000  0.2107E-01  0.4005E+00
 1200.0000   30.0000  0.1980E-01  0.3731E+00
 1200.0000   40.0000  0.1802E-01  0.3417E+00
 1200.0000   50.0000  0.1574E-01  0.3109E+00
 1200.0000   60.0000  0.1326E-01  0.2843E+00
 1200.0000   70.0000  0.1138E-01  0.2647E+00
 1200.0000   80.0000  0.1145E-01  0.2534E+00
 1200.0000   90.0000  0.1527E-01  0.2513E+00
 1200.0000  100.0000  0.2467E-01  0.2585E+00
 1200.0000  110.0000  0.4096E-01  0.2746E+00
 1200.0000  120.0000  0.6432E-01  0.2988E+00
 1200.0000  130.0000  0.9339E-01  0.3292E+00
 1200.0000  140.0000  0.1253E+00  0.3630E+00
 1200.0000  150.0000  0.1563E+00  0.3963E+00
 1200.0000  160.0000  0.1821E+00  0.4246E+00
 1200.0000  170.0000  0.1993E+00  0.4436E+00
 1200.0000  179.9000  0.2052E+00  0.4503E+00
 1210.0000    0.1000  0.2142E-01  0.4658E+00
 1210.0000   10.0000  0.2148E-01  0.4576E+00
 1210.0000   20.0000  0.2158E-01  0.4348E+00
 1210.0000   30.0000  0.2150E-01  0.4014E+00
 1210.0000   40.0000  0.2084E-01  0.3631E+00
 1210.0000   50.0000  0.1925E-01  0.3255E+00
 1210.0000   60.0000  0.1670E-01  0.2929E+00
 1210.0000   70.0000  0.1383E-01  0.2682E+00
 1210.0000   80.0000  0.1199E-01  0.2530E+00
 1210.0000   90.0000  0.1313E-01  0.2478E+00
 1210.0000  100.0000  0.1945E-01  0.2525E+00
 1210.0000  110.0000  0.3272E-01  0.2670E+00
 1210.0000  120.0000  0.5353E-01  0.2903E+00
 1210.0000  130.0000  0.8076E-01  0.3205E+00
 1210.0000  140.0000  0.1116E+00  0.3548E+00
 1210.0000  150.0000  0.1421E+00  0.3889E+00
 1210.0000  160.0000  0.1678E+00  0.4182E+00
 1210.0000  170.0000  0.1850E+00  0.4380E+00
 1210.0000  179.9000  0.1911E+00  0.4450E+00
 1220.0000    0.1000  0.2022E-01  0.5111E+00
 1220.0000   10.0000  0.2065E-01  0.5013E+00
 1220.0000   20.0000  0.2180E-01  0.4737E+00
 1220.0000   30.0000  0.2314E-01  0.4336E+00
 1220.0000   40.0000  0.2390E-01  0.3877E+00
 1220.0000   50.0000  0.2335E-01  0.3427E+00
 1220.0000   60.0000  0.2114E-01  0.3037E+00
 1220.0000   70.0000  0.1769E-01  0.2737E+00
 1220.0000   80.0000  0.1424E-01  0.2542E+00
 1220.0000   90.0000  0.1289E-01  0.2456E+00
 1220.0000  100.0000  0.1616E-01  0.2478E+00
 1220.0000  110.0000  0.2629E-01  0.2604E+00
 1220.0000  120.0000  0.4432E-01  0.2823E+00
 1220.0000  130.0000  0.6944E-01  0.3119E+00
 1220.0000  140.0000  0.9891E-01  0.3462E+00
 1220.0000  150.0000  0.1286E+00  0.3808E+00
 1220.0000  160.0000  0.1540E+00  0.4108E+00
 1220.0000  170.0000  0.1711E+00  0.4312E+00
 1220.0000  179.9000  0.1771E+00  0.4385E+00
 1230.0000    0.1000  0.1928E-01  0.5622E+00
 1230.0000   10.0000  0.2013E-01  0.5505E+00
 1230.0000   20.0000  0.2238E-01  0.5176E+00
 1230.0000   30.0000  0.2525E-01  0.4700E+00
 1230.0000   40.0000  0.2758E-01  0.4158E+00
 1230.0000   50.0000  0.2828E-01  0.3628E+00
 1230.0000   60.0000  0.2669E-01  0.3168E+00
 1230.0000   70.0000  0.2296E-01  0.2812E+00
 1230.0000   80.0000  0.1821E-01  0.2572E+00
 1230.0000   90.0000  0.1455E-01  0.2451E+00
 1230.0000  100.0000  0.1481E-01  0.2445E+00
 1230.0000  110.0000  0.2170E-01  0.2548E+00
 1230.0000  120.0000  0.3676E-01  0.2751E+00
 1230.0000  130.0000  0.5950E-01  0.3036E+00
 1230.0000  140.0000  0.8730E-01  0.3375E+00
 1230.0000  150.0000  0.1160E+00  0.3722E+00
 1230.0000  160.0000  0.1408E+00  0.4026E+00
 1230.0000  170.0000  0.1577E+00  0.4234E+00
 1230.0000  179.9000  0.1636E+00  0.4308E+00
 1240.0000    0.1000  0.1973E-01  0.6196E+00
 1240.0000   10.0000  0.2097E-01  0.6058E+00
 1240.0000   20.0000  0.2430E-01  0.5671E+00
 1240.0000   30.0000  0.2864E-01  0.5112E+00
 1240.0000   40.0000  0.3249E-01  0.4478E+00
 1240.0000   50.0000  0.3446E-01  0.3860E+00
 1240.0000   60.0000  0.3361E-01  0.3325E+00
 1240.0000   70.0000  0.2980E-01  0.2908E+00
 1240.0000   80.0000  0.2395E-01  0.2621E+00
 1240.0000   90.0000  0.1812E-01  0.2463E+00
 1240.0000  100.0000  0.1540E-01  0.2427E+00
 1240.0000  110.0000  0.1895E-01  0.2505E+00
 1240.0000  120.0000  0.3083E-01  0.2687E+00
 1240.0000  130.0000  0.5094E-01  0.2958E+00
 1240.0000  140.0000  0.7679E-01  0.3288E+00
 1240.0000  150.0000  0.1042E+00  0.3633E+00
 1240.0000  160.0000  0.1283E+00  0.3937E+00
 1240.0000  170.0000  0.1447E+00  0.4146E+00
 1240.0000  179.9000  0.1505E+00  0.4221E+00
 1250.0000    0.1000  0.2304E-01  0.6842E+00
 1250.0000   10.0000  0.2462E-01  0.6680E+00
 1250.0000   20.0000  0.2885E-01  0.6228E+00
 1250.0000   30.0000  0.3440E-01  0.5576E+00
 1250.0000   40.0000  0.3951E-01  0.4841E+00
 1250.0000   50.0000  0.4254E-01  0.4127E+00
 1250.0000   60.0000  0.4233E-01  0.3511E+00
 1250.0000   70.0000  0.3849E-01  0.3029E+00
 1250.0000   80.0000  0.3162E-01  0.2692E+00
 1250.0000   90.0000  0.2369E-01  0.2495E+00
 1250.0000  100.0000  0.1793E-01  0.2425E+00
 1250.0000  110.0000  0.1800E-01  0.2475E+00
 1250.0000  120.0000  0.2648E-01  0.2635E+00
 1250.0000  130.0000  0.4368E-01  0.2887E+00
 1250.0000  140.0000  0.6731E-01  0.3204E+00
 1250.0000  150.0000  0.9314E-01  0.3541E+00
 1250.0000  160.0000  0.1162E+00  0.3842E+00
 1250.0000  170.0000  0.1321E+00  0.4051E+00
 1250.0000  179.9000  0.1377E+00  0.4126E+00
 1260.0000    0.1000  0.3109E-01  0.7566E+00
 1260.0000   10.0000  0.3290E-01  0.7377E+00
 1260.0000   20.0000  0.3772E-01  0.6852E+00
 1260.0000   30.0000  0.4400E-01  0.6098E+00
 1260.0000   40.0000  0.4982E-01  0.5250E+00
 1260.0000   50.0000  0.5343E-01  0.4432E+00
 1260.0000   60.0000  0.5355E-01  0.3727E+00
 1260.0000   70.0000  0.4951E-01  0.3176E+00
 1260.0000   80.0000  0.4155E-01  0.2786E+00
 1260.0000   90.0000  0.3144E-01  0.2547E+00
 1260.0000  100.0000  0.2253E-01  0.2443E+00
 1260.0000  110.0000  0.1889E-01  0.2462E+00
 1260.0000  120.0000  0.2366E-01  0.2594E+00
 1260.0000  130.0000  0.3762E-01  0.2824E+00
 1260.0000  140.0000  0.5869E-01  0.3124E+00
 1260.0000  150.0000  0.8266E-01  0.3449E+00
 1260.0000  160.0000  0.1045E+00  0.3743E+00
 1260.0000  170.0000  0.1196E+00  0.3949E+00
 1260.0000  179.9000  0.1250E+00  0.4022E+00
 1270.0000    0.1000  0.4625E-01  0.8378E+00
 1270.0000   10.0000  0.4809E-01  0.8160E+00
 1270.0000   20.0000  0.5295E-01  0.7553E+00
 1270.0000   30.0000  0.5919E-01  0.6684E+00
 1270.0000   40.0000  0.6486E-01  0.5712E+00
 1270.0000   50.0000  0.6830E-01  0.4779E+00
 1270.0000   60.0000  0.6817E-01  0.3978E+00
 1270.0000   70.0000  0.6355E-01  0.3352E+00
 1270.0000   80.0000  0.5427E-01  0.2906E+00
 1270.0000   90.0000  0.4176E-01  0.2621E+00
 1270.0000  100.0000  0.2942E-01  0.2480E+00
 1270.0000  110.0000  0.2173E-01  0.2466E+00
 1270.0000  120.0000  0.2241E-01  0.2568E+00
 1270.0000  130.0000  0.3270E-01  0.2771E+00
 1270.0000  140.0000  0.5082E-01  0.3049E+00
 1270.0000  150.0000  0.7258E-01  0.3359E+00
 1270.0000  160.0000  0.9288E-01  0.3642E+00
 1270.0000  170.0000  0.1071E+00  0.3841E+00
 1270.0000  179.9000  0.1122E+00  0.3912E+00
 1280.0000    0.1000  0.7143E-01  0.9290E+00
 1280.0000   10.0000  0.7300E-01  0.9039E+00
 1280.0000   20.0000  0.7709E-01  0.8340E+00
 1280.0000   30.0000  0.8214E-01  0.7344E+00
 1280.0000   40.0000  0.8645E-01  0.6234E+00
 1280.0000   50.0000  0.8862E-01  0.5173E+00
 1280.0000   60.0000  0.8740E-01  0.4267E+00
 1280.0000   70.0000  0.8159E-01  0.3560E+00
 1280.0000   80.0000  0.7051E-01  0.3053E+00
 1280.0000   90.0000  0.5521E-01  0.2721E+00
 1280.0000  100.0000  0.3902E-01  0.2540E+00
 1280.0000  110.0000  0.2679E-01  0.2490E+00
 1280.0000  120.0000  0.2283E-01  0.2558E+00
 1280.0000  130.0000  0.2894E-01  0.2731E+00
 1280.0000  140.0000  0.4362E-01  0.2983E+00
 1280.0000  150.0000  0.6278E-01  0.3271E+00
 1280.0000  160.0000  0.8126E-01  0.3540E+00
 1280.0000  170.0000  0.9442E-01  0.3729E+00
 1280.0000  179.9000  0.9917E-01  0.3798E+00
 1290.0000    0.1000  0.1101E+00  0.1031E+01
 1290.0000   10.0000  0.1109E+00  0.1002E+01
 1290.0000   20.0000  0.1131E+00  0.9220E+00
 1290.0000   30.0000  0.1154E+00  0.8081E+00
 1290.0000   40.0000  0.1167E+00  0.6818E+00
 1290.0000   50.0000  0.1162E+00  0.5617E+00
 1290.0000   60.0000  0.1127E+00  0.4596E+00
 1290.0000   70.0000  0.1049E+00  0.3802E+00
 1290.0000   80.0000  0.9129E-01  0.3229E+00
 1290.0000   90.0000  0.7256E-01  0.2848E+00
 1290.0000  100.0000  0.5188E-01  0.2625E+00
 1290.0000  110.0000  0.3447E-01  0.2536E+00
 1290.0000  120.0000  0.2522E-01  0.2567E+00
 1290.0000  130.0000  0.2652E-01  0.2705E+00
 1290.0000  140.0000  0.3721E-01  0.2927E+00
 1290.0000  150.0000  0.5331E-01  0.3191E+00
 1290.0000  160.0000  0.6966E-01  0.3441E+00
 1290.0000  170.0000  0.8155E-01  0.3619E+00
 1290.0000  179.9000  0.8587E-01  0.3683E+00
 1300.0000    0.1000  0.1659E+00  0.1144E+01
 1300.0000   10.0000  0.1655E+00  0.1111E+01
 1300.0000   20.0000  0.1642E+00  0.1020E+01
 1300.0000   30.0000  0.1617E+00  0.8900E+00
 1300.0000   40.0000  0.1579E+00  0.7468E+00
 1300.0000   50.0000  0.1529E+00  0.6114E+00
 1300.0000   60.0000  0.1458E+00  0.4968E+00
 1300.0000   70.0000  0.1347E+00  0.4079E+00
 1300.0000   80.0000  0.1177E+00  0.3437E+00
 1300.0000   90.0000  0.9470E-01  0.3002E+00
 1300.0000  100.0000  0.6871E-01  0.2735E+00
 1300.0000  110.0000  0.4530E-01  0.2606E+00
 1300.0000  120.0000  0.3001E-01  0.2598E+00
 1300.0000  130.0000  0.2578E-01  0.2700E+00
 1300.0000  140.0000  0.3189E-01  0.2888E+00
 1300.0000  150.0000  0.4447E-01  0.3124E+00
 1300.0000  160.0000  0.5836E-01  0.3352E+00
 1300.0000  170.0000  0.6881E-01  0.3516E+00
 1300.0000  179.9000  0.7265E-01  0.3575E+00
 1310.0000    0.1000  0.2430E+00  0.1269E+01
 1310.0000   10.0000  0.2407E+00  0.1231E+01
 1310.0000   20.0000  0.2339E+00  0.1127E+01
 1310.0000   30.0000  0.2240E+00  0.9799E+00
 1310.0000   40.0000  0.2126E+00  0.8183E+00
 1310.0000   50.0000  0.2009E+00  0.6662E+00
 1310.0000   60.0000  0.1884E+00  0.5381E+00
 1310.0000   70.0000  0.1728E+00  0.4391E+00
 1310.0000   80.0000  0.1511E+00  0.3675E+00
 1310.0000   90.0000  0.1227E+00  0.3186E+00
 1310.0000  100.0000  0.9030E-01  0.2874E+00
 1310.0000  110.0000  0.5995E-01  0.2704E+00
 1310.0000  120.0000  0.3776E-01  0.2656E+00
 1310.0000  130.0000  0.2731E-01  0.2720E+00
 1310.0000  140.0000  0.2824E-01  0.2873E+00
 1310.0000  150.0000  0.3688E-01  0.3079E+00
 1310.0000  160.0000  0.4803E-01  0.3283E+00
 1310.0000  170.0000  0.5686E-01  0.3432E+00
 1310.0000  179.9000  0.6017E-01  0.3487E+00
 1320.0000    0.1000  0.3454E+00  0.1403E+01
 1320.0000   10.0000  0.3401E+00  0.1360E+01
 1320.0000   20.0000  0.3257E+00  0.1242E+01
 1320.0000   30.0000  0.3054E+00  0.1077E+01
 1320.0000   40.0000  0.2833E+00  0.8956E+00
 1320.0000   50.0000  0.2624E+00  0.7256E+00
 1320.0000   60.0000  0.2426E+00  0.5831E+00
 1320.0000   70.0000  0.2207E+00  0.4734E+00
 1320.0000   80.0000  0.1928E+00  0.3941E+00
 1320.0000   90.0000  0.1575E+00  0.3396E+00
 1320.0000  100.0000  0.1174E+00  0.3039E+00
 1320.0000  110.0000  0.7908E-01  0.2830E+00
 1320.0000  120.0000  0.4915E-01  0.2745E+00
 1320.0000  130.0000  0.3184E-01  0.2772E+00
 1320.0000  140.0000  0.2714E-01  0.2892E+00
 1320.0000  150.0000  0.3151E-01  0.3069E+00
 1320.0000  160.0000  0.3972E-01  0.3251E+00
 1320.0000  170.0000  0.4684E-01  0.3385E+00
 1320.0000  179.9000  0.4959E-01  0.3434E+00
 1330.0000    0.1000  0.4761E+00  0.1544E+01
 1330.0000   10.0000  0.4670E+00  0.1496E+01
 1330.0000   20.0000  0.4422E+00  0.1364E+01
 1330.0000   30.0000  0.4081E+00  0.1179E+01
 1330.0000   40.0000  0.3720E+00  0.9766E+00
 1330.0000   50.0000  0.3391E+00  0.7879E+00
 1330.0000   60.0000  0.3096E+00  0.6305E+00
 1330.0000   70.0000  0.2795E+00  0.5097E+00
 1330.0000   80.0000  0.2436E+00  0.4226E+00
 1330.0000   90.0000  0.1997E+00  0.3626E+00
 1330.0000  100.0000  0.1506E+00  0.3228E+00
 1330.0000  110.0000  0.1032E+00  0.2984E+00
 1330.0000  120.0000  0.6482E-01  0.2867E+00
 1330.0000  130.0000  0.4028E-01  0.2864E+00
 1330.0000  140.0000  0.2981E-01  0.2957E+00
 1330.0000  150.0000  0.2989E-01  0.3112E+00
 1330.0000  160.0000  0.3519E-01  0.3276E+00
 1330.0000  170.0000  0.4065E-01  0.3400E+00
 1330.0000  179.9000  0.4286E-01  0.3445E+00
 1340.0000    0.1000  0.6361E+00  0.1687E+01
 1340.0000   10.0000  0.6221E+00  0.1633E+01
 1340.0000   20.0000  0.5842E+00  0.1487E+01
 1340.0000   30.0000  0.5327E+00  0.1281E+01
 1340.0000   40.0000  0.4792E+00  0.1058E+01
 1340.0000   50.0000  0.4314E+00  0.8502E+00
 1340.0000   60.0000  0.3899E+00  0.6776E+00
 1340.0000   70.0000  0.3494E+00  0.5458E+00
 1340.0000   80.0000  0.3035E+00  0.4512E+00
 1340.0000   90.0000  0.2492E+00  0.3861E+00
 1340.0000  100.0000  0.1895E+00  0.3428E+00
 1340.0000  110.0000  0.1321E+00  0.3158E+00
 1340.0000  120.0000  0.8509E-01  0.3020E+00
 1340.0000  130.0000  0.5350E-01  0.3001E+00
 1340.0000  140.0000  0.3769E-01  0.3082E+00
 1340.0000  150.0000  0.3400E-01  0.3229E+00
 1340.0000  160.0000  0.3684E-01  0.3389E+00
 1340.0000  170.0000  0.4093E-01  0.3510E+00
 1340.0000  179.9000  0.4271E-01  0.3555E+00
 1350.0000    0.1000  0.8230E+00  0.1825E+01
 1350.0000   10.0000  0.8031E+00  0.1766E+01
 1350.0000   20.0000  0.7495E+00  0.1605E+01
 1350.0000   30.0000  0.6772E+00  0.1379E+01
 1350.0000   40.0000  0.6030E+00  0.1135E+01
 1350.0000   50.0000  0.5376E+00  0.9082E+00
 1350.0000   60.0000  0.4818E+00  0.7210E+00
 1350.0000   70.0000  0.4289E+00  0.5788E+00
 1350.0000   80.0000  0.3709E+00  0.4773E+00
 1350.0000   90.0000  0.3043E+00  0.4080E+00
 1350.0000  100.0000  0.2329E+00  0.3622E+00
 1350.0000  110.0000  0.1650E+00  0.3339E+00
 1350.0000  120.0000  0.1097E+00  0.3198E+00
 1350.0000  130.0000  0.7201E-01  0.3183E+00
 1350.0000  140.0000  0.5217E-01  0.3277E+00
 1350.0000  150.0000  0.4599E-01  0.3441E+00
 1350.0000  160.0000  0.4744E-01  0.3619E+00
 1350.0000  170.0000  0.5086E-01  0.3753E+00
 1350.0000  179.9000  0.5244E-01  0.3802E+00
 1360.0000    0.1000  0.1031E+01  0.1952E+01
 1360.0000   10.0000  0.1004E+01  0.1888E+01
 1360.0000   20.0000  0.9327E+00  0.1713E+01
 1360.0000   30.0000  0.8366E+00  0.1467E+01
 1360.0000   40.0000  0.7390E+00  0.1202E+01
 1360.0000   50.0000  0.6537E+00  0.9580E+00
 1360.0000   60.0000  0.5818E+00  0.7571E+00
 1360.0000   70.0000  0.5147E+00  0.6056E+00
 1360.0000   80.0000  0.4427E+00  0.4983E+00
 1360.0000   90.0000  0.3624E+00  0.4257E+00
 1360.0000  100.0000  0.2782E+00  0.3788E+00
 1360.0000  110.0000  0.2001E+00  0.3509E+00
 1360.0000  120.0000  0.1376E+00  0.3386E+00
 1360.0000  130.0000  0.9582E-01  0.3404E+00
 1360.0000  140.0000  0.7422E-01  0.3543E+00
 1360.0000  150.0000  0.6775E-01  0.3759E+00
 1360.0000  160.0000  0.6958E-01  0.3986E+00
 1360.0000  170.0000  0.7344E-01  0.4154E+00
 1360.0000  179.9000  0.7521E-01  0.4215E+00
 1370.0000    0.1000  0.1253E+01  0.2064E+01
 1370.0000   10.0000  0.1219E+01  0.1995E+01
 1370.0000   20.0000  0.1127E+01  0.1805E+01
 1370.0000   30.0000  0.1004E+01  0.1541E+01
 1370.0000   40.0000  0.8812E+00  0.1257E+01
 1370.0000   50.0000  0.7746E+00  0.9959E+00
 1370.0000   60.0000  0.6851E+00  0.7829E+00
 1370.0000   70.0000  0.6024E+00  0.6233E+00
 1370.0000   80.0000  0.5151E+00  0.5114E+00
 1370.0000   90.0000  0.4197E+00  0.4370E+00
 1370.0000  100.0000  0.3226E+00  0.3903E+00
 1370.0000  110.0000  0.2350E+00  0.3646E+00
 1370.0000  120.0000  0.1673E+00  0.3566E+00
 1370.0000  130.0000  0.1243E+00  0.3650E+00
 1370.0000  140.0000  0.1042E+00  0.3874E+00
 1370.0000  150.0000  0.1006E+00  0.4185E+00
 1370.0000  160.0000  0.1052E+00  0.4498E+00
 1370.0000  170.0000  0.1111E+00  0.4727E+00
 1370.0000  179.9000  0.1136E+00  0.4811E+00
 1380.0000    0.1000  0.1481E+01  0.2157E+01
 1380.0000   10.0000  0.1438E+01  0.2083E+01
 1380.0000   20.0000  0.1324E+01  0.1880E+01
 1380.0000   30.0000  0.1173E+01  0.1598E+01
 1380.0000   40.0000  0.1023E+01  0.1296E+01
 1380.0000   50.0000  0.8938E+00  0.1020E+01
 1380.0000   60.0000  0.7861E+00  0.7962E+00
 1380.0000   70.0000  0.6868E+00  0.6300E+00
 1380.0000   80.0000  0.5831E+00  0.5149E+00
 1380.0000   90.0000  0.4722E+00  0.4399E+00
 1380.0000  100.0000  0.3622E+00  0.3948E+00
 1380.0000  110.0000  0.2668E+00  0.3729E+00
 1380.0000  120.0000  0.1969E+00  0.3717E+00
 1380.0000  130.0000  0.1564E+00  0.3900E+00
 1380.0000  140.0000  0.1419E+00  0.4252E+00
 1380.0000  150.0000  0.1449E+00  0.4704E+00
 1380.0000  160.0000  0.1555E+00  0.5148E+00
 1380.0000  170.0000  0.1654E+00  0.5470E+00
 1380.0000  179.9000  0.1693E+00  0.5587E+00
 1390.0000    0.1000  0.1708E+01  0.2233E+01
 1390.0000   10.0000  0.1656E+01  0.2154E+01
 1390.0000   20.0000  0.1518E+01  0.1938E+01
 1390.0000   30.0000  0.1337E+01  0.1639E+01
 1390.0000   40.0000  0.1158E+01  0.1319E+01
 1390.0000   50.0000  0.1006E+01  0.1030E+01
 1390.0000   60.0000  0.8792E+00  0.7965E+00
 1390.0000   70.0000  0.7628E+00  0.6250E+00
 1390.0000   80.0000  0.6422E+00  0.5079E+00
 1390.0000   90.0000  0.5155E+00  0.4333E+00
 1390.0000  100.0000  0.3937E+00  0.3908E+00
 1390.0000  110.0000  0.2926E+00  0.3742E+00
 1390.0000  120.0000  0.2239E+00  0.3818E+00
 1390.0000  130.0000  0.1904E+00  0.4131E+00
 1390.0000  140.0000  0.1862E+00  0.4652E+00
 1390.0000  150.0000  0.2003E+00  0.5292E+00
 1390.0000  160.0000  0.2204E+00  0.5911E+00
 1390.0000  170.0000  0.2367E+00  0.6358E+00
 1390.0000  179.9000  0.2428E+00  0.6521E+00
 1400.0000    0.1000  0.1931E+01  0.2295E+01
 1400.0000   10.0000  0.1869E+01  0.2211E+01
 1400.0000   20.0000  0.1705E+01  0.1982E+01
 1400.0000   30.0000  0.1491E+01  0.1666E+01
 1400.0000   40.0000  0.1282E+01  0.1330E+01
 1400.0000   50.0000  0.1105E+01  0.1027E+01
 1400.0000   60.0000  0.9599E+00  0.7852E+00
 1400.0000   70.0000  0.8262E+00  0.6092E+00
 1400.0000   80.0000  0.6884E+00  0.4908E+00
 1400.0000   90.0000  0.5463E+00  0.4172E+00
 1400.0000  100.0000  0.4139E+00  0.3779E+00
 1400.0000  110.0000  0.3098E+00  0.3675E+00
 1400.0000  120.0000  0.2462E+00  0.3853E+00
 1400.0000  130.0000  0.2244E+00  0.4320E+00
 1400.0000  140.0000  0.2355E+00  0.5043E+00
 1400.0000  150.0000  0.2653E+00  0.5913E+00
 1400.0000  160.0000  0.2987E+00  0.6748E+00
 1400.0000  170.0000  0.3238E+00  0.7349E+00
 1400.0000  179.9000  0.3331E+00  0.7567E+00
 1410.0000    0.1000  0.2155E+01  0.2354E+01
 1410.0000   10.0000  0.2082E+01  0.2265E+01
 1410.0000   20.0000  0.1888E+01  0.2022E+01
 1410.0000   30.0000  0.1638E+01  0.1688E+01
 1410.0000   40.0000  0.1395E+01  0.1334E+01
 1410.0000   50.0000  0.1193E+01  0.1017E+01
 1410.0000   60.0000  0.1027E+01  0.7659E+00
 1410.0000   70.0000  0.8751E+00  0.5854E+00
 1410.0000   80.0000  0.7198E+00  0.4657E+00
 1410.0000   90.0000  0.5627E+00  0.3932E+00
 1410.0000  100.0000  0.4213E+00  0.3571E+00
 1410.0000  110.0000  0.3169E+00  0.3529E+00
 1410.0000  120.0000  0.2622E+00  0.3813E+00
 1410.0000  130.0000  0.2566E+00  0.4447E+00
 1410.0000  140.0000  0.2879E+00  0.5397E+00
 1410.0000  150.0000  0.3379E+00  0.6527E+00
 1410.0000  160.0000  0.3884E+00  0.7608E+00
 1410.0000  170.0000  0.4249E+00  0.8386E+00
 1410.0000  179.9000  0.4381E+00  0.8668E+00
 1420.0000    0.1000  0.2394E+01  0.2420E+01
 1420.0000   10.0000  0.2307E+01  0.2325E+01
 1420.0000   20.0000  0.2080E+01  0.2067E+01
 1420.0000   30.0000  0.1787E+01  0.1712E+01
 1420.0000   40.0000  0.1505E+01  0.1338E+01
 1420.0000   50.0000  0.1272E+01  0.1005E+01
 1420.0000   60.0000  0.1083E+01  0.7437E+00
 1420.0000   70.0000  0.9111E+00  0.5575E+00
 1420.0000   80.0000  0.7374E+00  0.4358E+00
 1420.0000   90.0000  0.5653E+00  0.3638E+00
 1420.0000  100.0000  0.4160E+00  0.3303E+00
 1420.0000  110.0000  0.3137E+00  0.3316E+00
 1420.0000  120.0000  0.2714E+00  0.3704E+00
 1420.0000  130.0000  0.2861E+00  0.4507E+00
 1420.0000  140.0000  0.3419E+00  0.5693E+00
 1420.0000  150.0000  0.4165E+00  0.7100E+00
 1420.0000  160.0000  0.4876E+00  0.8445E+00
 1420.0000  170.0000  0.5377E+00  0.9414E+00
 1420.0000  179.9000  0.5557E+00  0.9767E+00
 1430.0000    0.1000  0.2669E+01  0.2506E+01
 1430.0000   10.0000  0.2566E+01  0.2404E+01
 1430.0000   20.0000  0.2297E+01  0.2128E+01
 1430.0000   30.0000  0.1953E+01  0.1750E+01
 1430.0000   40.0000  0.1623E+01  0.1352E+01
 1430.0000   50.0000  0.1352E+01  0.9994E+00
 1430.0000   60.0000  0.1134E+01  0.7242E+00
 1430.0000   70.0000  0.9389E+00  0.5302E+00
 1430.0000   80.0000  0.7445E+00  0.4050E+00
 1430.0000   90.0000  0.5563E+00  0.3322E+00
 1430.0000  100.0000  0.3996E+00  0.3001E+00
 1430.0000  110.0000  0.3012E+00  0.3056E+00
 1430.0000  120.0000  0.2741E+00  0.3537E+00
 1430.0000  130.0000  0.3130E+00  0.4503E+00
 1430.0000  140.0000  0.3974E+00  0.5924E+00
 1430.0000  150.0000  0.5004E+00  0.7611E+00
 1430.0000  160.0000  0.5955E+00  0.9227E+00
 1430.0000  170.0000  0.6615E+00  0.1039E+01
 1430.0000  179.9000  0.6850E+00  0.1082E+01
 1440.0000    0.1000  0.3008E+01  0.2622E+01
 1440.0000   10.0000  0.2886E+01  0.2513E+01
 1440.0000   20.0000  0.2566E+01  0.2215E+01
 1440.0000   30.0000  0.2157E+01  0.1809E+01
 1440.0000   40.0000  0.1765E+01  0.1382E+01
 1440.0000   50.0000  0.1446E+01  0.1005E+01
 1440.0000   60.0000  0.1190E+01  0.7123E+00
 1440.0000   70.0000  0.9645E+00  0.5075E+00
 1440.0000   80.0000  0.7450E+00  0.3766E+00
 1440.0000   90.0000  0.5386E+00  0.3014E+00
 1440.0000  100.0000  0.3741E+00  0.2691E+00
 1440.0000  110.0000  0.2809E+00  0.2775E+00
 1440.0000  120.0000  0.2718E+00  0.3335E+00
 1440.0000  130.0000  0.3383E+00  0.4450E+00
 1440.0000  140.0000  0.4554E+00  0.6096E+00
 1440.0000  150.0000  0.5908E+00  0.8056E+00
 1440.0000  160.0000  0.7131E+00  0.9938E+00
 1440.0000  170.0000  0.7972E+00  0.1130E+01
 1440.0000  179.9000  0.8270E+00  0.1179E+01
 1450.0000    0.1000  0.3442E+01  0.2775E+01
 1450.0000   10.0000  0.3296E+01  0.2657E+01
 1450.0000   20.0000  0.2913E+01  0.2335E+01
 1450.0000   30.0000  0.2422E+01  0.1894E+01
 1450.0000   40.0000  0.1951E+01  0.1433E+01
 1450.0000   50.0000  0.1566E+01  0.1027E+01
 1450.0000   60.0000  0.1260E+01  0.7118E+00
 1450.0000   70.0000  0.9944E+00  0.4927E+00
 1450.0000   80.0000  0.7430E+00  0.3535E+00
 1450.0000   90.0000  0.5146E+00  0.2739E+00
 1450.0000  100.0000  0.3412E+00  0.2399E+00
 1450.0000  110.0000  0.2543E+00  0.2497E+00
 1450.0000  120.0000  0.2660E+00  0.3121E+00
 1450.0000  130.0000  0.3640E+00  0.4371E+00
 1450.0000  140.0000  0.5181E+00  0.6226E+00
 1450.0000  150.0000  0.6900E+00  0.8440E+00
 1450.0000  160.0000  0.8430E+00  0.1057E+01
 1450.0000  170.0000  0.9474E+00  0.1211E+01
 1450.0000  179.9000  0.9843E+00  0.1267E+01
 1460.0000    0.1000  0.4003E+01  0.2966E+01
 1460.0000   10.0000  0.3827E+01  0.2838E+01
 1460.0000   20.0000  0.3366E+01  0.2488E+01
 1460.0000   30.0000  0.2773E+01  0.2010E+01
 1460.0000   40.0000  0.2201E+01  0.1509E+01
 1460.0000   50.0000  0.1730E+01  0.1067E+01
 1460.0000   60.0000  0.1355E+01  0.7256E+00
 1460.0000   70.0000  0.1035E+01  0.4883E+00
 1460.0000   80.0000  0.7417E+00  0.3380E+00
 1460.0000   90.0000  0.4858E+00  0.2519E+00
 1460.0000  100.0000  0.3020E+00  0.2149E+00
 1460.0000  110.0000  0.2228E+00  0.2251E+00
 1460.0000  120.0000  0.2586E+00  0.2929E+00
 1460.0000  130.0000  0.3926E+00  0.4300E+00
 1460.0000  140.0000  0.5884E+00  0.6338E+00
 1460.0000  150.0000  0.8012E+00  0.8771E+00
 1460.0000  160.0000  0.9882E+00  0.1111E+01
 1460.0000  170.0000  0.1115E+01  0.1279E+01
 1460.0000  179.9000  0.1160E+01  0.1340E+01
 1470.0000    0.1000  0.4714E+01  0.3190E+01
 1470.0000   10.0000  0.4504E+01  0.3050E+01
 1470.0000   20.0000  0.3950E+01  0.2672E+01
 1470.0000   30.0000  0.3234E+01  0.2152E+01
 1470.0000   40.0000  0.2536E+01  0.1608E+01
 1470.0000   50.0000  0.1953E+01  0.1127E+01
 1470.0000   60.0000  0.1485E+01  0.7549E+00
 1470.0000   70.0000  0.1091E+01  0.4961E+00
 1470.0000   80.0000  0.7430E+00  0.3319E+00
 1470.0000   90.0000  0.4528E+00  0.2376E+00
 1470.0000  100.0000  0.2570E+00  0.1966E+00
 1470.0000  110.0000  0.1880E+00  0.2073E+00
 1470.0000  120.0000  0.2526E+00  0.2806E+00
 1470.0000  130.0000  0.4278E+00  0.4285E+00
 1470.0000  140.0000  0.6702E+00  0.6470E+00
 1470.0000  150.0000  0.9277E+00  0.9059E+00
 1470.0000  160.0000  0.1151E+01  0.1152E+01
 1470.0000  170.0000  0.1302E+01  0.1329E+01
 1470.0000  179.9000  0.1355E+01  0.1393E+01
 1480.0000    0.1000  0.5597E+01  0.3434E+01
 1480.0000   10.0000  0.5348E+01  0.3284E+01
 1480.0000   20.0000  0.4690E+01  0.2876E+01
 1480.0000   30.0000  0.3830E+01  0.2316E+01
 1480.0000   40.0000  0.2980E+01  0.1727E+01
 1480.0000   50.0000  0.2254E+01  0.1206E+01
 1480.0000   60.0000  0.1663E+01  0.8003E+00
 1480.0000   70.0000  0.1168E+01  0.5168E+00
 1480.0000   80.0000  0.7474E+00  0.3357E+00
 1480.0000   90.0000  0.4147E+00  0.2314E+00
 1480.0000  100.0000  0.2072E+00  0.1869E+00
 1480.0000  110.0000  0.1539E+00  0.2002E+00
 1480.0000  120.0000  0.2547E+00  0.2817E+00
 1480.0000  130.0000  0.4785E+00  0.4408E+00
 1480.0000  140.0000  0.7730E+00  0.6697E+00
 1480.0000  150.0000  0.1079E+01  0.9345E+00
 1480.0000  160.0000  0.1340E+01  0.1181E+01
 1480.0000  170.0000  0.1516E+01  0.1355E+01
 1480.0000  179.9000  0.1577E+01  0.1418E+01
 1490.0000    0.1000  0.6567E+01  0.3575E+01
 1490.0000   10.0000  0.6286E+01  0.3419E+01
 1490.0000   20.0000  0.5537E+01  0.2997E+01
 1490.0000   30.0000  0.4549E+01  0.2415E+01
 1490.0000   40.0000  0.3552E+01  0.1802E+01
 1490.0000   50.0000  0.2675E+01  0.1256E+01
 1490.0000   60.0000  0.1938E+01  0.8263E+00
 1490.0000   70.0000  0.1314E+01  0.5212E+00
 1490.0000   80.0000  0.7905E+00  0.3219E+00
 1490.0000   90.0000  0.3904E+00  0.2049E+00
 1490.0000  100.0000  0.1533E+00  0.1550E+00
 1490.0000  110.0000  0.1035E+00  0.1710E+00
 1490.0000  120.0000  0.2323E+00  0.2602E+00
 1490.0000  130.0000  0.4980E+00  0.4258E+00
 1490.0000  140.0000  0.8386E+00  0.6523E+00
 1490.0000  150.0000  0.1187E+01  0.9017E+00
 1490.0000  160.0000  0.1481E+01  0.1124E+01
 1490.0000  170.0000  0.1677E+01  0.1275E+01
 1490.0000  179.9000  0.1745E+01  0.1328E+01
 1500.0000    0.1000  0.6976E+01  0.3412E+01
 1500.0000   10.0000  0.6686E+01  0.3263E+01
 1500.0000   20.0000  0.5912E+01  0.2859E+01
 1500.0000   30.0000  0.4887E+01  0.2304E+01
 1500.0000   40.0000  0.3841E+01  0.1722E+01
 1500.0000   50.0000  0.2902E+01  0.1206E+01
 1500.0000   60.0000  0.2092E+01  0.8003E+00
 1500.0000   70.0000  0.1393E+01  0.5102E+00
 1500.0000   80.0000  0.8075E+00  0.3180E+00
 1500.0000   90.0000  0.3680E+00  0.2036E+00
 1500.0000  100.0000  0.1152E+00  0.1567E+00
 1500.0000  110.0000  0.6664E-01  0.1781E+00
 1500.0000  120.0000  0.2036E+00  0.2711E+00
 1500.0000  130.0000  0.4761E+00  0.4290E+00
 1500.0000  140.0000  0.8175E+00  0.6260E+00
 1500.0000  150.0000  0.1160E+01  0.8215E+00
 1500.0000  160.0000  0.1445E+01  0.9769E+00
 1500.0000  170.0000  0.1632E+01  0.1071E+01
 1500.0000  179.9000  0.1696E+01  0.1102E+01
 1510.0000    0.1000  0.7035E+01  0.3102E+01
 1510.0000   10.0000  0.6751E+01  0.2965E+01
 1510.0000   20.0000  0.5995E+01  0.2596E+01
 1510.0000   30.0000  0.4991E+01  0.2093E+01
 1510.0000   40.0000  0.3955E+01  0.1569E+01
 1510.0000   50.0000  0.3004E+01  0.1109E+01
 1510.0000   60.0000  0.2160E+01  0.7493E+00
 1510.0000   70.0000  0.1417E+01  0.4901E+00
 1510.0000   80.0000  0.7956E+00  0.3149E+00
 1510.0000   90.0000  0.3411E+00  0.2104E+00
 1510.0000  100.0000  0.9375E-01  0.1742E+00
 1510.0000  110.0000  0.5995E-01  0.2104E+00
 1510.0000  120.0000  0.2073E+00  0.3165E+00
 1510.0000  130.0000  0.4764E+00  0.4710E+00
 1510.0000  140.0000  0.7977E+00  0.6329E+00
 1510.0000  150.0000  0.1107E+01  0.7577E+00
 1510.0000  160.0000  0.1356E+01  0.8231E+00
 1510.0000  170.0000  0.1514E+01  0.8410E+00
 1510.0000  179.9000  0.1568E+01  0.8418E+00
 1520.0000    0.1000  0.6678E+01  0.2669E+01
 1520.0000   10.0000  0.6414E+01  0.2548E+01
 1520.0000   20.0000  0.5715E+01  0.2224E+01
 1520.0000   30.0000  0.4791E+01  0.1787E+01
 1520.0000   40.0000  0.3834E+01  0.1342E+01
 1520.0000   50.0000  0.2941E+01  0.9580E+00
 1520.0000   60.0000  0.2123E+01  0.6620E+00
 1520.0000   70.0000  0.1385E+01  0.4472E+00
 1520.0000   80.0000  0.7642E+00  0.2983E+00
 1520.0000   90.0000  0.3204E+00  0.2095E+00
 1520.0000  100.0000  0.9362E-01  0.1887E+00
 1520.0000  110.0000  0.7945E-01  0.2450E+00
 1520.0000  120.0000  0.2318E+00  0.3699E+00
 1520.0000  130.0000  0.4822E+00  0.5256E+00
 1520.0000  140.0000  0.7606E+00  0.6532E+00
 1520.0000  150.0000  0.1011E+01  0.7033E+00
 1520.0000  160.0000  0.1198E+01  0.6712E+00
 1520.0000  170.0000  0.1309E+01  0.6053E+00
 1520.0000  179.9000  0.1346E+01  0.5729E+00
 1530.0000    0.1000  0.6079E+01  0.2226E+01
 1530.0000   10.0000  0.5838E+01  0.2119E+01
 1530.0000   20.0000  0.5204E+01  0.1835E+01
 1530.0000   30.0000  0.4379E+01  0.1460E+01
 1530.0000   40.0000  0.3536E+01  0.1090E+01
 1530.0000   50.0000  0.2746E+01  0.7822E+00
 1530.0000   60.0000  0.2004E+01  0.5525E+00
 1530.0000   70.0000  0.1313E+01  0.3858E+00
 1530.0000   80.0000  0.7239E+00  0.2661E+00
 1530.0000   90.0000  0.3083E+00  0.1947E+00
 1530.0000  100.0000  0.1090E+00  0.1896E+00
 1530.0000  110.0000  0.1143E+00  0.2664E+00
 1530.0000  120.0000  0.2670E+00  0.4123E+00
 1530.0000  130.0000  0.4913E+00  0.5748E+00
 1530.0000  140.0000  0.7172E+00  0.6777E+00
 1530.0000  150.0000  0.8970E+00  0.6657E+00
 1530.0000  160.0000  0.1012E+01  0.5486E+00
 1530.0000  170.0000  0.1069E+01  0.4083E+00
 1530.0000  179.9000  0.1086E+01  0.3462E+00
 1540.0000    0.1000  0.5472E+01  0.1864E+01
 1540.0000   10.0000  0.5244E+01  0.1765E+01
 1540.0000   20.0000  0.4652E+01  0.1506E+01
 1540.0000   30.0000  0.3904E+01  0.1174E+01
 1540.0000   40.0000  0.3168E+01  0.8596E+00
 1540.0000   50.0000  0.2492E+01  0.6138E+00
 1540.0000   60.0000  0.1847E+01  0.4410E+00
 1540.0000   70.0000  0.1226E+01  0.3178E+00
 1540.0000   80.0000  0.6839E+00  0.2251E+00
 1540.0000   90.0000  0.3026E+00  0.1689E+00
 1540.0000  100.0000  0.1303E+00  0.1765E+00
 1540.0000  110.0000  0.1525E+00  0.2704E+00
 1540.0000  120.0000  0.3048E+00  0.4366E+00
 1540.0000  130.0000  0.5049E+00  0.6110E+00
 1540.0000  140.0000  0.6820E+00  0.7024E+00
 1540.0000  150.0000  0.7954E+00  0.6480E+00
 1540.0000  160.0000  0.8413E+00  0.4679E+00
 1540.0000  170.0000  0.8456E+00  0.2701E+00
 1540.0000  179.9000  0.8421E+00  0.1847E+00
 1550.0000    0.1000  0.5021E+01  0.1617E+01
 1550.0000   10.0000  0.4788E+01  0.1521E+01
 1550.0000   20.0000  0.4196E+01  0.1270E+01
 1550.0000   30.0000  0.3478E+01  0.9564E+00
 1550.0000   40.0000  0.2813E+01  0.6734E+00
 1550.0000   50.0000  0.2234E+01  0.4697E+00
 1550.0000   60.0000  0.1685E+01  0.3408E+00
 1550.0000   70.0000  0.1140E+01  0.2537E+00
 1550.0000   80.0000  0.6480E+00  0.1839E+00
 1550.0000   90.0000  0.2998E+00  0.1393E+00
 1550.0000  100.0000  0.1512E+00  0.1552E+00
 1550.0000  110.0000  0.1888E+00  0.2619E+00
 1550.0000  120.0000  0.3437E+00  0.4465E+00
 1550.0000  130.0000  0.5274E+00  0.6370E+00
 1550.0000  140.0000  0.6662E+00  0.7287E+00
 1550.0000  150.0000  0.7236E+00  0.6500E+00
 1550.0000  160.0000  0.7083E+00  0.4266E+00
 1550.0000  170.0000  0.6646E+00  0.1867E+00
 1550.0000  179.9000  0.6428E+00  0.8388E-01
 1560.0000    0.1000  0.4801E+01  0.1484E+01
 1560.0000   10.0000  0.4545E+01  0.1384E+01
 1560.0000   20.0000  0.3905E+01  0.1124E+01
 1560.0000   30.0000  0.3157E+01  0.8063E+00
 1560.0000   40.0000  0.2513E+01  0.5328E+00
 1560.0000   50.0000  0.2001E+01  0.3533E+00
 1560.0000   60.0000  0.1535E+01  0.2567E+00
 1560.0000   70.0000  0.1060E+01  0.1992E+00
 1560.0000   80.0000  0.6163E+00  0.1484E+00
 1560.0000   90.0000  0.2979E+00  0.1119E+00
 1560.0000  100.0000  0.1701E+00  0.1319E+00
 1560.0000  110.0000  0.2240E+00  0.2474E+00
 1560.0000  120.0000  0.3874E+00  0.4492E+00
 1560.0000  130.0000  0.5647E+00  0.6592E+00
 1560.0000  140.0000  0.6768E+00  0.7602E+00
 1560.0000  150.0000  0.6882E+00  0.6704E+00
 1560.0000  160.0000  0.6187E+00  0.4171E+00
 1560.0000  170.0000  0.5306E+00  0.1451E+00
 1560.0000  179.9000  0.4916E+00  0.2847E-01
 1570.0000    0.1000  0.4845E+01  0.1451E+01
 1570.0000   10.0000  0.4545E+01  0.1340E+01
 1570.0000   20.0000  0.3804E+01  0.1056E+01
 1570.0000   30.0000  0.2964E+01  0.7144E+00
 1570.0000   40.0000  0.2285E+01  0.4311E+00
 1570.0000   50.0000  0.1802E+01  0.2613E+00
 1570.0000   60.0000  0.1401E+01  0.1884E+00
 1570.0000   70.0000  0.9884E+00  0.1564E+00
 1570.0000   80.0000  0.5879E+00  0.1221E+00
 1570.0000   90.0000  0.2961E+00  0.9061E-01
 1570.0000  100.0000  0.1883E+00  0.1107E+00
 1570.0000  110.0000  0.2616E+00  0.2318E+00
 1570.0000  120.0000  0.4413E+00  0.4502E+00
 1570.0000  130.0000  0.6229E+00  0.6834E+00
 1570.0000  140.0000  0.7185E+00  0.8008E+00
 1570.0000  150.0000  0.6910E+00  0.7081E+00
 1570.0000  160.0000  0.5705E+00  0.4323E+00
 1570.0000  170.0000  0.4386E+00  0.1330E+00
 1570.0000  179.9000  0.3823E+00  0.4124E-02
 1580.0000    0.1000  0.5171E+01  0.1505E+01
 1580.0000   10.0000  0.4806E+01  0.1379E+01
 1580.0000   20.0000  0.3908E+01  0.1056E+01
 1580.0000   30.0000  0.2906E+01  0.6720E+00
 1580.0000   40.0000  0.2133E+01  0.3615E+00
 1580.0000   50.0000  0.1640E+01  0.1894E+00
 1580.0000   60.0000  0.1281E+01  0.1344E+00
 1580.0000   70.0000  0.9226E+00  0.1259E+00
 1580.0000   80.0000  0.5618E+00  0.1068E+00
 1580.0000   90.0000  0.2948E+00  0.7770E-01
 1580.0000  100.0000  0.2078E+00  0.9418E-01
 1580.0000  110.0000  0.3055E+00  0.2180E+00
 1580.0000  120.0000  0.5106E+00  0.4535E+00
 1580.0000  130.0000  0.7073E+00  0.7138E+00
 1580.0000  140.0000  0.7950E+00  0.8536E+00
 1580.0000  150.0000  0.7327E+00  0.7632E+00
 1580.0000  160.0000  0.5605E+00  0.4679E+00
 1580.0000  170.0000  0.3821E+00  0.1419E+00
 1580.0000  179.9000  0.3070E+00  0.9070E-03
 1590.0000    0.1000  0.5799E+01  0.1645E+01
 1590.0000   10.0000  0.5345E+01  0.1498E+01
 1590.0000   20.0000  0.4231E+01  0.1121E+01
 1590.0000   30.0000  0.2993E+01  0.6748E+00
 1590.0000   40.0000  0.2059E+01  0.3197E+00
 1590.0000   50.0000  0.1512E+01  0.1344E+00
 1590.0000   60.0000  0.1174E+01  0.9311E-01
 1590.0000   70.0000  0.8606E+00  0.1080E+00
 1590.0000   80.0000  0.5369E+00  0.1040E+00
 1590.0000   90.0000  0.2943E+00  0.7471E-01
 1590.0000  100.0000  0.2302E+00  0.8349E-01
 1590.0000  110.0000  0.3587E+00  0.2074E+00
 1590.0000  120.0000  0.5996E+00  0.4609E+00
 1590.0000  130.0000  0.8225E+00  0.7531E+00
 1590.0000  140.0000  0.9100E+00  0.9208E+00
 1590.0000  150.0000  0.8143E+00  0.8363E+00
 1590.0000  160.0000  0.5862E+00  0.5214E+00
 1590.0000  170.0000  0.3556E+00  0.1671E+00
 1590.0000  179.9000  0.2593E+00  0.1288E-01
 1600.0000    0.1000  0.6754E+01  0.1877E+01
 1600.0000   10.0000  0.6187E+01  0.1701E+01
 1600.0000   20.0000  0.4789E+01  0.1253E+01
 1600.0000   30.0000  0.3233E+01  0.7234E+00
 1600.0000   40.0000  0.2066E+01  0.3047E+00
 1600.0000   50.0000  0.1416E+01  0.9472E-01
 1600.0000   60.0000  0.1075E+01  0.6381E-01
 1600.0000   70.0000  0.7993E+00  0.1031E+00
 1600.0000   80.0000  0.5121E+00  0.1146E+00
 1600.0000   90.0000  0.2950E+00  0.8242E-01
 1600.0000  100.0000  0.2569E+00  0.7889E-01
 1600.0000  110.0000  0.4233E+00  0.1999E+00
 1600.0000  120.0000  0.7112E+00  0.4729E+00
 1600.0000  130.0000  0.9722E+00  0.8022E+00
 1600.0000  140.0000  0.1067E+01  0.1004E+01
 1600.0000  150.0000  0.9373E+00  0.9276E+00
 1600.0000  160.0000  0.6466E+00  0.5918E+00
 1600.0000  170.0000  0.3558E+00  0.2057E+00
 1600.0000  179.9000  0.2347E+00  0.3663E-01
 1610.0000    0.1000  0.8058E+01  0.2205E+01
 1610.0000   10.0000  0.7351E+01  0.1995E+01
 1610.0000   20.0000  0.5600E+01  0.1457E+01
 1610.0000   30.0000  0.3637E+01  0.8204E+00
 1610.0000   40.0000  0.2157E+01  0.3173E+00
 1610.0000   50.0000  0.1350E+01  0.7006E-01
 1610.0000   60.0000  0.9805E+00  0.4607E-01
 1610.0000   70.0000  0.7359E+00  0.1112E+00
 1610.0000   80.0000  0.4863E+00  0.1386E+00
 1610.0000   90.0000  0.2971E+00  0.1003E+00
 1610.0000  100.0000  0.2881E+00  0.7891E-01
 1610.0000  110.0000  0.4993E+00  0.1935E+00
 1610.0000  120.0000  0.8457E+00  0.4872E+00
 1610.0000  130.0000  0.1157E+01  0.8590E+00
 1610.0000  140.0000  0.1267E+01  0.1100E+01
 1610.0000  150.0000  0.1103E+01  0.1035E+01
 1610.0000  160.0000  0.7414E+00  0.6767E+00
 1610.0000  170.0000  0.3808E+00  0.2556E+00
 1610.0000  179.9000  0.2308E+00  0.6995E-01
 1620.0000    0.1000  0.9684E+01  0.2621E+01
 1620.0000   10.0000  0.8811E+01  0.2370E+01
 1620.0000   20.0000  0.6642E+01  0.1727E+01
 1620.0000   30.0000  0.4187E+01  0.9606E+00
 1620.0000   40.0000  0.2317E+01  0.3541E+00
 1620.0000   50.0000  0.1299E+01  0.5909E-01
 1620.0000   60.0000  0.8766E+00  0.4014E-01
 1620.0000   70.0000  0.6607E+00  0.1333E+00
 1620.0000   80.0000  0.4547E+00  0.1773E+00
 1620.0000   90.0000  0.2982E+00  0.1287E+00
 1620.0000  100.0000  0.3213E+00  0.8285E-01
 1620.0000  110.0000  0.5824E+00  0.1863E+00
 1620.0000  120.0000  0.9974E+00  0.5012E+00
 1620.0000  130.0000  0.1372E+01  0.9201E+00
 1620.0000  140.0000  0.1506E+01  0.1206E+01
 1620.0000  150.0000  0.1306E+01  0.1156E+01
 1620.0000  160.0000  0.8658E+00  0.7755E+00
 1620.0000  170.0000  0.4259E+00  0.3183E+00
 1620.0000  179.9000  0.2429E+00  0.1155E+00
 1630.0000    0.1000  0.1165E+02  0.3125E+01
 1630.0000   10.0000  0.1059E+02  0.2827E+01
 1630.0000   20.0000  0.7944E+01  0.2062E+01
 1630.0000   30.0000  0.4914E+01  0.1147E+01
 1630.0000   40.0000  0.2567E+01  0.4184E+00
 1630.0000   50.0000  0.1274E+01  0.6386E-01
 1630.0000   60.0000  0.7638E+00  0.4631E-01
 1630.0000   70.0000  0.5703E+00  0.1681E+00
 1630.0000   80.0000  0.4159E+00  0.2279E+00
 1630.0000   90.0000  0.3013E+00  0.1648E+00
 1630.0000  100.0000  0.3621E+00  0.8849E-01
 1630.0000  110.0000  0.6786E+00  0.1765E+00
 1630.0000  120.0000  0.1171E+01  0.5116E+00
 1630.0000  130.0000  0.1620E+01  0.9795E+00
 1630.0000  140.0000  0.1782E+01  0.1314E+01
 1630.0000  150.0000  0.1545E+01  0.1282E+01
 1630.0000  160.0000  0.1016E+01  0.8844E+00
 1630.0000  170.0000  0.4858E+00  0.3949E+00
 1630.0000  179.9000  0.2650E+00  0.1765E+00
 1640.0000    0.1000  0.1381E+02  0.3654E+01
 1640.0000   10.0000  0.1256E+02  0.3309E+01
 1640.0000   20.0000  0.9420E+01  0.2420E+01
 1640.0000   30.0000  0.5777E+01  0.1351E+01
 1640.0000   40.0000  0.2899E+01  0.4970E+00
 1640.0000   50.0000  0.1276E+01  0.8111E-01
 1640.0000   60.0000  0.6446E+00  0.6500E-01
 1640.0000   70.0000  0.4655E+00  0.2151E+00
 1640.0000   80.0000  0.3701E+00  0.2880E+00
 1640.0000   90.0000  0.3054E+00  0.2053E+00
 1640.0000  100.0000  0.4051E+00  0.9295E-01
 1640.0000  110.0000  0.7749E+00  0.1606E+00
 1640.0000  120.0000  0.1346E+01  0.5110E+00
 1640.0000  130.0000  0.1874E+01  0.1024E+01
 1640.0000  140.0000  0.2073E+01  0.1406E+01
 1640.0000  150.0000  0.1799E+01  0.1399E+01
 1640.0000  160.0000  0.1177E+01  0.9976E+00
 1640.0000  170.0000  0.5516E+00  0.4907E+00
 1640.0000  179.9000  0.2908E+00  0.2629E+00
 1650.0000    0.1000  0.1590E+02  0.4114E+01
 1650.0000   10.0000  0.1448E+02  0.3728E+01
 1650.0000   20.0000  0.1090E+02  0.2732E+01
 1650.0000   30.0000  0.6680E+01  0.1532E+01
 1650.0000   40.0000  0.3278E+01  0.5710E+00
 1650.0000   50.0000  0.1302E+01  0.1064E+00
 1650.0000   60.0000  0.5243E+00  0.9630E-01
 1650.0000   70.0000  0.3497E+00  0.2724E+00
 1650.0000   80.0000  0.3185E+00  0.3528E+00
 1650.0000   90.0000  0.3090E+00  0.2459E+00
 1650.0000  100.0000  0.4433E+00  0.9525E-01
 1650.0000  110.0000  0.8545E+00  0.1386E+00
 1650.0000  120.0000  0.1494E+01  0.4945E+00
 1650.0000  130.0000  0.2098E+01  0.1037E+01
 1650.0000  140.0000  0.2334E+01  0.1457E+01
 1650.0000  150.0000  0.2031E+01  0.1484E+01
 1650.0000  160.0000  0.1322E+01  0.1104E+01
 1650.0000  170.0000  0.6067E+00  0.6089E+00
 1650.0000  179.9000  0.3078E+00  0.3846E+00
 1660.0000    0.1000  0.1752E+02  0.4389E+01
 1660.0000   10.0000  0.1599E+02  0.3978E+01
 1660.0000   20.0000  0.1210E+02  0.2917E+01
 1660.0000   30.0000  0.7471E+01  0.1638E+01
 1660.0000   40.0000  0.3645E+01  0.6177E+00
 1660.0000   50.0000  0.1349E+01  0.1332E+00
 1660.0000   60.0000  0.4159E+00  0.1374E+00
 1660.0000   70.0000  0.2343E+00  0.3336E+00
 1660.0000   80.0000  0.2654E+00  0.4131E+00
 1660.0000   90.0000  0.3104E+00  0.2803E+00
 1660.0000  100.0000  0.4673E+00  0.9536E-01
 1660.0000  110.0000  0.8959E+00  0.1141E+00
 1660.0000  120.0000  0.1576E+01  0.4604E+00
 1660.0000  130.0000  0.2238E+01  0.1006E+01
 1660.0000  140.0000  0.2510E+01  0.1444E+01
 1660.0000  150.0000  0.2189E+01  0.1509E+01
 1660.0000  160.0000  0.1417E+01  0.1184E+01
 1660.0000  170.0000  0.6312E+00  0.7404E+00
 1660.0000  179.9000  0.3026E+00  0.5376E+00
 1670.0000    0.1000  0.1830E+02  0.4396E+01
 1670.0000   10.0000  0.1675E+02  0.3984E+01
 1670.0000   20.0000  0.1278E+02  0.2919E+01
 1670.0000   30.0000  0.7986E+01  0.1637E+01
 1670.0000   40.0000  0.3927E+01  0.6214E+00
 1670.0000   50.0000  0.1405E+01  0.1547E+00
 1670.0000   60.0000  0.3364E+00  0.1809E+00
 1670.0000   70.0000  0.1366E+00  0.3873E+00
 1670.0000   80.0000  0.2184E+00  0.4568E+00
 1670.0000   90.0000  0.3085E+00  0.3011E+00
 1670.0000  100.0000  0.4706E+00  0.9372E-01
 1670.0000  110.0000  0.8845E+00  0.9233E-01
 1670.0000  120.0000  0.1567E+01  0.4124E+00
 1670.0000  130.0000  0.2254E+01  0.9271E+00
 1670.0000  140.0000  0.2551E+01  0.1353E+01
 1670.0000  150.0000  0.2230E+01  0.1454E+01
 1670.0000  160.0000  0.1431E+01  0.1213E+01
 1670.0000  170.0000  0.6128E+00  0.8597E+00
 1670.0000  179.9000  0.2698E+00  0.6958E+00
 1680.0000    0.1000  0.1815E+02  0.4149E+01
 1680.0000   10.0000  0.1667E+02  0.3758E+01
 1680.0000   20.0000  0.1285E+02  0.2748E+01
 1680.0000   30.0000  0.8155E+01  0.1536E+01
 1680.0000   40.0000  0.4086E+01  0.5850E+00
 1680.0000   50.0000  0.1465E+01  0.1661E+00
 1680.0000   60.0000  0.2987E+00  0.2157E+00
 1680.0000   70.0000  0.7094E-01  0.4204E+00
 1680.0000   80.0000  0.1837E+00  0.4734E+00
 1680.0000   90.0000  0.3048E+00  0.3036E+00
 1680.0000  100.0000  0.4564E+00  0.9098E-01
 1680.0000  110.0000  0.8280E+00  0.7845E-01
 1680.0000  120.0000  0.1471E+01  0.3606E+00
 1680.0000  130.0000  0.2146E+01  0.8147E+00
 1680.0000  140.0000  0.2453E+01  0.1199E+01
 1680.0000  150.0000  0.2149E+01  0.1324E+01
 1680.0000  160.0000  0.1364E+01  0.1179E+01
 1680.0000  170.0000  0.5560E+00  0.9358E+00
 1680.0000  179.9000  0.2165E+00  0.8208E+00
 1690.0000    0.1000  0.1706E+02  0.3664E+01
 1690.0000   10.0000  0.1572E+02  0.3315E+01
 1690.0000   20.0000  0.1223E+02  0.2413E+01
 1690.0000   30.0000  0.7897E+01  0.1333E+01
 1690.0000   40.0000  0.4048E+01  0.4984E+00
 1690.0000   50.0000  0.1484E+01  0.1532E+00
 1690.0000   60.0000  0.2892E+00  0.2291E+00
 1690.0000   70.0000  0.3546E-01  0.4253E+00
 1690.0000   80.0000  0.1521E+00  0.4605E+00
 1690.0000   90.0000  0.2751E+00  0.2862E+00
 1690.0000  100.0000  0.3921E+00  0.8317E-01
 1690.0000  110.0000  0.6953E+00  0.6861E-01
 1690.0000  120.0000  0.1270E+01  0.3090E+00
 1690.0000  130.0000  0.1907E+01  0.6880E+00
 1690.0000  140.0000  0.2223E+01  0.1013E+01
 1690.0000  150.0000  0.1967E+01  0.1150E+01
 1690.0000  160.0000  0.1251E+01  0.1096E+01
 1690.0000  170.0000  0.5034E+00  0.9646E+00
 1690.0000  179.9000  0.1880E+00  0.8993E+00
 1700.0000    0.1000  0.1560E+02  0.3121E+01
 1700.0000   10.0000  0.1441E+02  0.2822E+01
 1700.0000   20.0000  0.1131E+02  0.2048E+01
 1700.0000   30.0000  0.7406E+01  0.1125E+01
 1700.0000   40.0000  0.3875E+01  0.4248E+00
 1700.0000   50.0000  0.1455E+01  0.1618E+00
 1700.0000   60.0000  0.2866E+00  0.2639E+00
 1700.0000   70.0000  0.2850E-01  0.4481E+00
 1700.0000   80.0000  0.1522E+00  0.4620E+00
 1700.0000   90.0000  0.2767E+00  0.2802E+00
 1700.0000  100.0000  0.3581E+00  0.8311E-01
 1700.0000  110.0000  0.5845E+00  0.6244E-01
 1700.0000  120.0000  0.1069E+01  0.2595E+00
 1700.0000  130.0000  0.1641E+01  0.5667E+00
 1700.0000  140.0000  0.1944E+01  0.8395E+00
 1700.0000  150.0000  0.1732E+01  0.9934E+00
 1700.0000  160.0000  0.1097E+01  0.1029E+01
 1700.0000  170.0000  0.4263E+00  0.1004E+01
 1700.0000  179.9000  0.1425E+00  0.9857E+00
 1710.0000    0.1000  0.1422E+02  0.2645E+01
 1710.0000   10.0000  0.1318E+02  0.2393E+01
 1710.0000   20.0000  0.1044E+02  0.1739E+01
 1710.0000   30.0000  0.6954E+01  0.9566E+00
 1710.0000   40.0000  0.3737E+01  0.3689E+00
 1710.0000   50.0000  0.1465E+01  0.1645E+00
 1710.0000   60.0000  0.3184E+00  0.2745E+00
 1710.0000   70.0000  0.4093E-01  0.4393E+00
 1710.0000   80.0000  0.1569E+00  0.4357E+00
 1710.0000   90.0000  0.2823E+00  0.2578E+00
 1710.0000  100.0000  0.3435E+00  0.8000E-01
 1710.0000  110.0000  0.5135E+00  0.6540E-01
 1710.0000  120.0000  0.9199E+00  0.2293E+00
 1710.0000  130.0000  0.1425E+01  0.4706E+00
 1710.0000  140.0000  0.1702E+01  0.6876E+00
 1710.0000  150.0000  0.1519E+01  0.8411E+00
 1710.0000  160.0000  0.9548E+00  0.9377E+00
 1710.0000  170.0000  0.3549E+00  0.9913E+00
 1710.0000  179.9000  0.1010E+00  0.1009E+01
 1720.0000    0.1000  0.1293E+02  0.2219E+01
 1720.0000   10.0000  0.1202E+02  0.2010E+01
 1720.0000   20.0000  0.9602E+01  0.1467E+01
 1720.0000   30.0000  0.6499E+01  0.8122E+00
 1720.0000   40.0000  0.3586E+01  0.3219E+00
 1720.0000   50.0000  0.1471E+01  0.1635E+00
 1720.0000   60.0000  0.3566E+00  0.2743E+00
 1720.0000   70.0000  0.6038E-01  0.4184E+00
 1720.0000   80.0000  0.1618E+00  0.4003E+00
 1720.0000   90.0000  0.2844E+00  0.2299E+00
 1720.0000  100.0000  0.3314E+00  0.7472E-01
 1720.0000  110.0000  0.4582E+00  0.7115E-01
 1720.0000  120.0000  0.7989E+00  0.2106E+00
 1720.0000  130.0000  0.1243E+01  0.3968E+00
 1720.0000  140.0000  0.1493E+01  0.5637E+00
 1720.0000  150.0000  0.1335E+01  0.7103E+00
 1720.0000  160.0000  0.8332E+00  0.8493E+00
 1720.0000  170.0000  0.2994E+00  0.9608E+00
 1720.0000  179.9000  0.7345E-01  0.1005E+01
 1730.0000    0.1000  0.1179E+02  0.1846E+01
 1730.0000   10.0000  0.1098E+02  0.1678E+01
 1730.0000   20.0000  0.8836E+01  0.1234E+01
 1730.0000   30.0000  0.6066E+01  0.6916E+00
 1730.0000   40.0000  0.3428E+01  0.2841E+00
 1730.0000   50.0000  0.1465E+01  0.1614E+00
 1730.0000   60.0000  0.3907E+00  0.2692E+00
 1730.0000   70.0000  0.7989E-01  0.3937E+00
 1730.0000   80.0000  0.1652E+00  0.3631E+00
 1730.0000   90.0000  0.2833E+00  0.2010E+00
 1730.0000  100.0000  0.3204E+00  0.6838E-01
 1730.0000  110.0000  0.4146E+00  0.7806E-01
 1730.0000  120.0000  0.7024E+00  0.2002E+00
 1730.0000  130.0000  0.1094E+01  0.3419E+00
 1730.0000  140.0000  0.1320E+01  0.4660E+00
 1730.0000  150.0000  0.1181E+01  0.6029E+00
 1730.0000  160.0000  0.7348E+00  0.7708E+00
 1730.0000  170.0000  0.2592E+00  0.9244E+00
 1730.0000  179.9000  0.5804E-01  0.9877E+00
 1740.0000    0.1000  0.1082E+02  0.1527E+01
 1740.0000   10.0000  0.1009E+02  0.1395E+01
 1740.0000   20.0000  0.8165E+01  0.1039E+01
 1740.0000   30.0000  0.5669E+01  0.5937E+00
 1740.0000   40.0000  0.3271E+01  0.2551E+00
 1740.0000   50.0000  0.1448E+01  0.1599E+00
 1740.0000   60.0000  0.4166E+00  0.2626E+00
 1740.0000   70.0000  0.9625E-01  0.3691E+00
 1740.0000   80.0000  0.1667E+00  0.3279E+00
 1740.0000   90.0000  0.2801E+00  0.1735E+00
 1740.0000  100.0000  0.3103E+00  0.6181E-01
 1740.0000  110.0000  0.3800E+00  0.8540E-01
 1740.0000  120.0000  0.6256E+00  0.1958E+00
 1740.0000  130.0000  0.9741E+00  0.3018E+00
 1740.0000  140.0000  0.1179E+01  0.3900E+00
 1740.0000  150.0000  0.1057E+01  0.5162E+00
 1740.0000  160.0000  0.6571E+00  0.7039E+00
 1740.0000  170.0000  0.2318E+00  0.8880E+00
 1740.0000  179.9000  0.5223E-01  0.9656E+00
 1750.0000    0.1000  0.1003E+02  0.1258E+01
 1750.0000   10.0000  0.9357E+01  0.1157E+01
 1750.0000   20.0000  0.7596E+01  0.8788E+00
 1750.0000   30.0000  0.5319E+01  0.5169E+00
 1750.0000   40.0000  0.3120E+01  0.2348E+00
 1750.0000   50.0000  0.1423E+01  0.1599E+00
 1750.0000   60.0000  0.4340E+00  0.2562E+00
 1750.0000   70.0000  0.1084E+00  0.3468E+00
 1750.0000   80.0000  0.1667E+00  0.2962E+00
 1750.0000   90.0000  0.2762E+00  0.1486E+00
 1750.0000  100.0000  0.3016E+00  0.5564E-01
 1750.0000  110.0000  0.3523E+00  0.9292E-01
 1750.0000  120.0000  0.5640E+00  0.1955E+00
 1750.0000  130.0000  0.8770E+00  0.2730E+00
 1750.0000  140.0000  0.1065E+01  0.3313E+00
 1750.0000  150.0000  0.9557E+00  0.4472E+00
 1750.0000  160.0000  0.5962E+00  0.6483E+00
 1750.0000  170.0000  0.2146E+00  0.8547E+00
 1750.0000  179.9000  0.5373E-01  0.9428E+00
 1760.0000    0.1000  0.9391E+01  0.1033E+01
 1760.0000   10.0000  0.8765E+01  0.9601E+00
 1760.0000   20.0000  0.7125E+01  0.7496E+00
 1760.0000   30.0000  0.5017E+01  0.4588E+00
 1760.0000   40.0000  0.2981E+01  0.2225E+00
 1760.0000   50.0000  0.1392E+01  0.1616E+00
 1760.0000   60.0000  0.4434E+00  0.2506E+00
 1760.0000   70.0000  0.1163E+00  0.3272E+00
 1760.0000   80.0000  0.1655E+00  0.2687E+00
 1760.0000   90.0000  0.2724E+00  0.1268E+00
 1760.0000  100.0000  0.2945E+00  0.5035E-01
 1760.0000  110.0000  0.3302E+00  0.1006E+00
 1760.0000  120.0000  0.5140E+00  0.1983E+00
 1760.0000  130.0000  0.7974E+00  0.2529E+00
 1760.0000  140.0000  0.9704E+00  0.2863E+00
 1760.0000  150.0000  0.8731E+00  0.3928E+00
 1760.0000  160.0000  0.5486E+00  0.6032E+00
 1760.0000  170.0000  0.2051E+00  0.8260E+00
 1760.0000  179.9000  0.6076E-01  0.9219E+00
 1770.0000    0.1000  0.8900E+01  0.8439E+00
 1770.0000   10.0000  0.8301E+01  0.7970E+00
 1770.0000   20.0000  0.6744E+01  0.6470E+00
 1770.0000   30.0000  0.4760E+01  0.4172E+00
 1770.0000   40.0000  0.2854E+01  0.2172E+00
 1770.0000   50.0000  0.1357E+01  0.1651E+00
 1770.0000   60.0000  0.4460E+00  0.2462E+00
 1770.0000   70.0000  0.1205E+00  0.3107E+00
 1770.0000   80.0000  0.1637E+00  0.2455E+00
 1770.0000   90.0000  0.2696E+00  0.1084E+00
 1770.0000  100.0000  0.2895E+00  0.4625E-01
 1770.0000  110.0000  0.3125E+00  0.1086E+00
 1770.0000  120.0000  0.4729E+00  0.2034E+00
 1770.0000  130.0000  0.7312E+00  0.2396E+00
 1770.0000  140.0000  0.8915E+00  0.2523E+00
 1770.0000  150.0000  0.8045E+00  0.3503E+00
 1770.0000  160.0000  0.5110E+00  0.5673E+00
 1770.0000  170.0000  0.2016E+00  0.8022E+00
 1770.0000  179.9000  0.7203E-01  0.9038E+00
 1780.0000    0.1000  0.8535E+01  0.6853E+00
 1780.0000   10.0000  0.7950E+01  0.6620E+00
 1780.0000   20.0000  0.6441E+01  0.5666E+00
 1780.0000   30.0000  0.4542E+01  0.3896E+00
 1780.0000   40.0000  0.2737E+01  0.2181E+00
 1780.0000   50.0000  0.1319E+01  0.1702E+00
 1780.0000   60.0000  0.4429E+00  0.2430E+00
 1780.0000   70.0000  0.1215E+00  0.2970E+00
 1780.0000   80.0000  0.1618E+00  0.2263E+00
 1780.0000   90.0000  0.2682E+00  0.9325E-01
 1780.0000  100.0000  0.2867E+00  0.4362E-01
 1780.0000  110.0000  0.2988E+00  0.1172E+00
 1780.0000  120.0000  0.4388E+00  0.2105E+00
 1780.0000  130.0000  0.6752E+00  0.2318E+00
 1780.0000  140.0000  0.8244E+00  0.2274E+00
 1780.0000  150.0000  0.7466E+00  0.3180E+00
 1780.0000  160.0000  0.4811E+00  0.5394E+00
 1780.0000  170.0000  0.2027E+00  0.7831E+00
 1780.0000  179.9000  0.8667E-01  0.8888E+00
 1790.0000    0.1000  0.8279E+01  0.5512E+00
 1790.0000   10.0000  0.7696E+01  0.5499E+00
 1790.0000   20.0000  0.6205E+01  0.5047E+00
 1790.0000   30.0000  0.4359E+01  0.3738E+00
 1790.0000   40.0000  0.2630E+01  0.2245E+00
 1790.0000   50.0000  0.1278E+01  0.1769E+00
 1790.0000   60.0000  0.4350E+00  0.2408E+00
 1790.0000   70.0000  0.1201E+00  0.2861E+00
 1790.0000   80.0000  0.1601E+00  0.2111E+00
 1790.0000   90.0000  0.2684E+00  0.8153E-01
 1790.0000  100.0000  0.2862E+00  0.4266E-01
 1790.0000  110.0000  0.2887E+00  0.1263E+00
 1790.0000  120.0000  0.4104E+00  0.2193E+00
 1790.0000  130.0000  0.6271E+00  0.2287E+00
 1790.0000  140.0000  0.7660E+00  0.2100E+00
 1790.0000  150.0000  0.6965E+00  0.2941E+00
 1790.0000  160.0000  0.4569E+00  0.5182E+00
 1790.0000  170.0000  0.2076E+00  0.7677E+00
 1790.0000  179.9000  0.1043E+00  0.8763E+00
 1800.0000    0.1000  0.8117E+01  0.4371E+00
 1800.0000   10.0000  0.7526E+01  0.4565E+00
 1800.0000   20.0000  0.6027E+01  0.4579E+00
 1800.0000   30.0000  0.4204E+01  0.3681E+00
 1800.0000   40.0000  0.2531E+01  0.2355E+00
 1800.0000   50.0000  0.1234E+01  0.1849E+00
 1800.0000   60.0000  0.4228E+00  0.2395E+00
 1800.0000   70.0000  0.1167E+00  0.2776E+00
 1800.0000   80.0000  0.1588E+00  0.1997E+00
 1800.0000   90.0000  0.2703E+00  0.7329E-01
 1800.0000  100.0000  0.2881E+00  0.4360E-01
 1800.0000  110.0000  0.2819E+00  0.1363E+00
 1800.0000  120.0000  0.3868E+00  0.2297E+00
 1800.0000  130.0000  0.5851E+00  0.2296E+00
 1800.0000  140.0000  0.7140E+00  0.1993E+00
 1800.0000  150.0000  0.6519E+00  0.2776E+00
 1800.0000  160.0000  0.4369E+00  0.5025E+00
 1800.0000  170.0000  0.2157E+00  0.7552E+00
 1800.0000  179.9000  0.1248E+00  0.8653E+00
 1810.0000    0.1000  0.8040E+01  0.3392E+00
 1810.0000   10.0000  0.7430E+01  0.3785E+00
 1810.0000   20.0000  0.5899E+01  0.4237E+00
 1810.0000   30.0000  0.4074E+01  0.3705E+00
 1810.0000   40.0000  0.2436E+01  0.2503E+00
 1810.0000   50.0000  0.1188E+01  0.1938E+00
 1810.0000   60.0000  0.4070E+00  0.2391E+00
 1810.0000   70.0000  0.1118E+00  0.2715E+00
 1810.0000   80.0000  0.1580E+00  0.1921E+00
 1810.0000   90.0000  0.2737E+00  0.6866E-01
 1810.0000  100.0000  0.2921E+00  0.4670E-01
 1810.0000  110.0000  0.2781E+00  0.1471E+00
 1810.0000  120.0000  0.3673E+00  0.2415E+00
 1810.0000  130.0000  0.5477E+00  0.2342E+00
 1810.0000  140.0000  0.6664E+00  0.1947E+00
 1810.0000  150.0000  0.6109E+00  0.2675E+00
 1810.0000  160.0000  0.4200E+00  0.4912E+00
 1810.0000  170.0000  0.2267E+00  0.7443E+00
 1810.0000  179.9000  0.1482E+00  0.8545E+00
 1820.0000    0.1000  0.8038E+01  0.2552E+00
 1820.0000   10.0000  0.7400E+01  0.3132E+00
 1820.0000   20.0000  0.5816E+01  0.3993E+00
 1820.0000   30.0000  0.3964E+01  0.3789E+00
 1820.0000   40.0000  0.2346E+01  0.2676E+00
 1820.0000   50.0000  0.1138E+01  0.2032E+00
 1820.0000   60.0000  0.3879E+00  0.2390E+00
 1820.0000   70.0000  0.1058E+00  0.2673E+00
 1820.0000   80.0000  0.1577E+00  0.1880E+00
 1820.0000   90.0000  0.2782E+00  0.6784E-01
 1820.0000  100.0000  0.2979E+00  0.5220E-01
 1820.0000  110.0000  0.2773E+00  0.1590E+00
 1820.0000  120.0000  0.3516E+00  0.2546E+00
 1820.0000  130.0000  0.5139E+00  0.2422E+00
 1820.0000  140.0000  0.6213E+00  0.1954E+00
 1820.0000  150.0000  0.5718E+00  0.2628E+00
 1820.0000  160.0000  0.4050E+00  0.4830E+00
 1820.0000  170.0000  0.2405E+00  0.7332E+00
 1820.0000  179.9000  0.1747E+00  0.8422E+00
 1830.0000    0.1000  0.8103E+01  0.1836E+00
 1830.0000   10.0000  0.7430E+01  0.2589E+00
 1830.0000   20.0000  0.5772E+01  0.3824E+00
 1830.0000   30.0000  0.3872E+01  0.3913E+00
 1830.0000   40.0000  0.2258E+01  0.2861E+00
 1830.0000   50.0000  0.1085E+01  0.2125E+00
 1830.0000   60.0000  0.3658E+00  0.2390E+00
 1830.0000   70.0000  0.9899E-01  0.2648E+00
 1830.0000   80.0000  0.1577E+00  0.1875E+00
 1830.0000   90.0000  0.2833E+00  0.7096E-01
 1830.0000  100.0000  0.3049E+00  0.6029E-01
 1830.0000  110.0000  0.2790E+00  0.1717E+00
 1830.0000  120.0000  0.3392E+00  0.2686E+00
 1830.0000  130.0000  0.4828E+00  0.2531E+00
 1830.0000  140.0000  0.5773E+00  0.2010E+00
 1830.0000  150.0000  0.5330E+00  0.2626E+00
 1830.0000  160.0000  0.3913E+00  0.4764E+00
 1830.0000  170.0000  0.2569E+00  0.7204E+00
 1830.0000  179.9000  0.2046E+00  0.8266E+00
 1840.0000    0.1000  0.8226E+01  0.1238E+00
 1840.0000   10.0000  0.7511E+01  0.2145E+00
 1840.0000   20.0000  0.5764E+01  0.3710E+00
 1840.0000   30.0000  0.3795E+01  0.4050E+00
 1840.0000   40.0000  0.2172E+01  0.3039E+00
 1840.0000   50.0000  0.1028E+01  0.2206E+00
 1840.0000   60.0000  0.3410E+00  0.2385E+00
 1840.0000   70.0000  0.9174E-01  0.2634E+00
 1840.0000   80.0000  0.1579E+00  0.1900E+00
 1840.0000   90.0000  0.2883E+00  0.7802E-01
 1840.0000  100.0000  0.3125E+00  0.7100E-01
 1840.0000  110.0000  0.2828E+00  0.1851E+00
 1840.0000  120.0000  0.3299E+00  0.2829E+00
 1840.0000  130.0000  0.4536E+00  0.2662E+00
 1840.0000  140.0000  0.5334E+00  0.2107E+00
 1840.0000  150.0000  0.4936E+00  0.2658E+00
 1840.0000  160.0000  0.3780E+00  0.4696E+00
 1840.0000  170.0000  0.2757E+00  0.7034E+00
 1840.0000  179.9000  0.2379E+00  0.8052E+00
 1850.0000    0.1000  0.8394E+01  0.7652E-01
 1850.0000   10.0000  0.7633E+01  0.1796E+00
 1850.0000   20.0000  0.5783E+01  0.3631E+00
 1850.0000   30.0000  0.3732E+01  0.4177E+00
 1850.0000   40.0000  0.2088E+01  0.3192E+00
 1850.0000   50.0000  0.9686E+00  0.2267E+00
 1850.0000   60.0000  0.3142E+00  0.2367E+00
 1850.0000   70.0000  0.8432E-01  0.2622E+00
 1850.0000   80.0000  0.1582E+00  0.1951E+00
 1850.0000   90.0000  0.2925E+00  0.8875E-01
 1850.0000  100.0000  0.3197E+00  0.8407E-01
 1850.0000  110.0000  0.2883E+00  0.1985E+00
 1850.0000  120.0000  0.3232E+00  0.2966E+00
 1850.0000  130.0000  0.4261E+00  0.2806E+00
 1850.0000  140.0000  0.4891E+00  0.2234E+00
 1850.0000  150.0000  0.4529E+00  0.2709E+00
 1850.0000  160.0000  0.3648E+00  0.4608E+00
 1850.0000  170.0000  0.2964E+00  0.6802E+00
 1850.0000  179.9000  0.2739E+00  0.7757E+00
 1860.0000    0.1000  0.8591E+01  0.4300E-01
 1860.0000   10.0000  0.7781E+01  0.1548E+00
 1860.0000   20.0000  0.5823E+01  0.3573E+00
 1860.0000   30.0000  0.3681E+01  0.4268E+00
 1860.0000   40.0000  0.2006E+01  0.3301E+00
 1860.0000   50.0000  0.9075E+00  0.2295E+00
 1860.0000   60.0000  0.2861E+00  0.2329E+00
 1860.0000   70.0000  0.7713E-01  0.2605E+00
 1860.0000   80.0000  0.1583E+00  0.2018E+00
 1860.0000   90.0000  0.2951E+00  0.1025E+00
 1860.0000  100.0000  0.3256E+00  0.9893E-01
 1860.0000  110.0000  0.2943E+00  0.2110E+00
 1860.0000  120.0000  0.3187E+00  0.3086E+00
 1860.0000  130.0000  0.3998E+00  0.2949E+00
 1860.0000  140.0000  0.4442E+00  0.2377E+00
 1860.0000  150.0000  0.4109E+00  0.2763E+00
 1860.0000  160.0000  0.3511E+00  0.4481E+00
 1860.0000  170.0000  0.3181E+00  0.6487E+00
 1860.0000  179.9000  0.3115E+00  0.7362E+00
 1870.0000    0.1000  0.8795E+01  0.2484E-01
 1870.0000   10.0000  0.7937E+01  0.1406E+00
 1870.0000   20.0000  0.5873E+01  0.3526E+00
 1870.0000   30.0000  0.3637E+01  0.4305E+00
 1870.0000   40.0000  0.1928E+01  0.3349E+00
 1870.0000   50.0000  0.8466E+00  0.2284E+00
 1870.0000   60.0000  0.2578E+00  0.2265E+00
 1870.0000   70.0000  0.7057E-01  0.2573E+00
 1870.0000   80.0000  0.1582E+00  0.2091E+00
 1870.0000   90.0000  0.2957E+00  0.1183E+00
 1870.0000  100.0000  0.3290E+00  0.1146E+00
 1870.0000  110.0000  0.2999E+00  0.2215E+00
 1870.0000  120.0000  0.3154E+00  0.3173E+00
 1870.0000  130.0000  0.3747E+00  0.3075E+00
 1870.0000  140.0000  0.3992E+00  0.2519E+00
 1870.0000  150.0000  0.3681E+00  0.2804E+00
 1870.0000  160.0000  0.3366E+00  0.4303E+00
 1870.0000  170.0000  0.3392E+00  0.6081E+00
 1870.0000  179.9000  0.3485E+00  0.6859E+00
 1880.0000    0.1000  0.8983E+01  0.2311E-01
 1880.0000   10.0000  0.8083E+01  0.1378E+00
 1880.0000   20.0000  0.5922E+01  0.3486E+00
 1880.0000   30.0000  0.3599E+01  0.4277E+00
 1880.0000   40.0000  0.1856E+01  0.3328E+00
 1880.0000   50.0000  0.7881E+00  0.2228E+00
 1880.0000   60.0000  0.2307E+00  0.2172E+00
 1880.0000   70.0000  0.6504E-01  0.2519E+00
 1880.0000   80.0000  0.1579E+00  0.2158E+00
 1880.0000   90.0000  0.2939E+00  0.1348E+00
 1880.0000  100.0000  0.3294E+00  0.1300E+00
 1880.0000  110.0000  0.3039E+00  0.2290E+00
 1880.0000  120.0000  0.3126E+00  0.3218E+00
 1880.0000  130.0000  0.3508E+00  0.3170E+00
 1880.0000  140.0000  0.3551E+00  0.2643E+00
 1880.0000  150.0000  0.3255E+00  0.2818E+00
 1880.0000  160.0000  0.3214E+00  0.4067E+00
 1880.0000  170.0000  0.3583E+00  0.5588E+00
 1880.0000  179.9000  0.3829E+00  0.6257E+00
 1890.0000    0.1000  0.9138E+01  0.3767E-01
 1890.0000   10.0000  0.8201E+01  0.1461E+00
 1890.0000   20.0000  0.5959E+01  0.3453E+00
 1890.0000   30.0000  0.3563E+01  0.4185E+00
 1890.0000   40.0000  0.1789E+01  0.3238E+00
 1890.0000   50.0000  0.7341E+00  0.2129E+00
 1890.0000   60.0000  0.2059E+00  0.2050E+00
 1890.0000   70.0000  0.6083E-01  0.2442E+00
 1890.0000   80.0000  0.1575E+00  0.2210E+00
 1890.0000   90.0000  0.2898E+00  0.1507E+00
 1890.0000  100.0000  0.3263E+00  0.1438E+00
 1890.0000  110.0000  0.3053E+00  0.2328E+00
 1890.0000  120.0000  0.3092E+00  0.3213E+00
 1890.0000  130.0000  0.3281E+00  0.3222E+00
 1890.0000  140.0000  0.3130E+00  0.2735E+00
 1890.0000  150.0000  0.2846E+00  0.2796E+00
 1890.0000  160.0000  0.3056E+00  0.3780E+00
 1890.0000  170.0000  0.3736E+00  0.5029E+00
 1890.0000  179.9000  0.4120E+00  0.5585E+00
 1900.0000    0.1000  0.9246E+01  0.6690E-01
 1900.0000   10.0000  0.8282E+01  0.1647E+00
 1900.0000   20.0000  0.5978E+01  0.3430E+00
 1900.0000   30.0000  0.3525E+01  0.4039E+00
 1900.0000   40.0000  0.1729E+01  0.3088E+00
 1900.0000   50.0000  0.6864E+00  0.1993E+00
 1900.0000   60.0000  0.1844E+00  0.1906E+00
 1900.0000   70.0000  0.5804E-01  0.2342E+00
 1900.0000   80.0000  0.1571E+00  0.2241E+00
 1900.0000   90.0000  0.2840E+00  0.1647E+00
 1900.0000  100.0000  0.3201E+00  0.1552E+00
 1900.0000  110.0000  0.3038E+00  0.2326E+00
 1900.0000  120.0000  0.3046E+00  0.3159E+00
 1900.0000  130.0000  0.3067E+00  0.3227E+00
 1900.0000  140.0000  0.2741E+00  0.2785E+00
 1900.0000  150.0000  0.2465E+00  0.2735E+00
 1900.0000  160.0000  0.2893E+00  0.3455E+00
 1900.0000  170.0000  0.3840E+00  0.4435E+00
 1900.0000  179.9000  0.4341E+00  0.4879E+00
 1910.0000    0.1000  0.9306E+01  0.1079E+00
 1910.0000   10.0000  0.8324E+01  0.1917E+00
 1910.0000   20.0000  0.5977E+01  0.3422E+00
 1910.0000   30.0000  0.3486E+01  0.3856E+00
 1910.0000   40.0000  0.1677E+01  0.2895E+00
 1910.0000   50.0000  0.6456E+00  0.1832E+00
 1910.0000   60.0000  0.1666E+00  0.1747E+00
 1910.0000   70.0000  0.5658E-01  0.2224E+00
 1910.0000   80.0000  0.1570E+00  0.2247E+00
 1910.0000   90.0000  0.2771E+00  0.1761E+00
 1910.0000  100.0000  0.3113E+00  0.1636E+00
 1910.0000  110.0000  0.2993E+00  0.2288E+00
 1910.0000  120.0000  0.2984E+00  0.3061E+00
 1910.0000  130.0000  0.2867E+00  0.3185E+00
 1910.0000  140.0000  0.2393E+00  0.2792E+00
 1910.0000  150.0000  0.2123E+00  0.2639E+00
 1910.0000  160.0000  0.2730E+00  0.3111E+00
 1910.0000  170.0000  0.3891E+00  0.3841E+00
 1910.0000  179.9000  0.4484E+00  0.4182E+00
 1920.0000    0.1000  0.9326E+01  0.1573E+00
 1920.0000   10.0000  0.8332E+01  0.2250E+00
 1920.0000   20.0000  0.5958E+01  0.3431E+00
 1920.0000   30.0000  0.3445E+01  0.3654E+00
 1920.0000   40.0000  0.1630E+01  0.2676E+00
 1920.0000   50.0000  0.6116E+00  0.1658E+00
 1920.0000   60.0000  0.1524E+00  0.1583E+00
 1920.0000   70.0000  0.5623E-01  0.2096E+00
 1920.0000   80.0000  0.1571E+00  0.2232E+00
 1920.0000   90.0000  0.2700E+00  0.1844E+00
 1920.0000  100.0000  0.3011E+00  0.1689E+00
 1920.0000  110.0000  0.2923E+00  0.2221E+00
 1920.0000  120.0000  0.2907E+00  0.2932E+00
 1920.0000  130.0000  0.2681E+00  0.3105E+00
 1920.0000  140.0000  0.2089E+00  0.2756E+00
 1920.0000  150.0000  0.1825E+00  0.2513E+00
 1920.0000  160.0000  0.2571E+00  0.2766E+00
 1920.0000  170.0000  0.3890E+00  0.3277E+00
 1920.0000  179.9000  0.4549E+00  0.3529E+00
 1930.0000    0.1000  0.9317E+01  0.2117E+00
 1930.0000   10.0000  0.8315E+01  0.2623E+00
 1930.0000   20.0000  0.5925E+01  0.3458E+00
 1930.0000   30.0000  0.3402E+01  0.3452E+00
 1930.0000   40.0000  0.1589E+01  0.2449E+00
 1930.0000   50.0000  0.5835E+00  0.1480E+00
 1930.0000   60.0000  0.1412E+00  0.1422E+00
 1930.0000   70.0000  0.5668E-01  0.1965E+00
 1930.0000   80.0000  0.1578E+00  0.2198E+00
 1930.0000   90.0000  0.2634E+00  0.1898E+00
 1930.0000  100.0000  0.2902E+00  0.1714E+00
 1930.0000  110.0000  0.2834E+00  0.2133E+00
 1930.0000  120.0000  0.2818E+00  0.2783E+00
 1930.0000  130.0000  0.2511E+00  0.2996E+00
 1930.0000  140.0000  0.1829E+00  0.2687E+00
 1930.0000  150.0000  0.1570E+00  0.2367E+00
 1930.0000  160.0000  0.2416E+00  0.2435E+00
 1930.0000  170.0000  0.3841E+00  0.2763E+00
 1930.0000  179.9000  0.4542E+00  0.2942E+00
 1940.0000    0.1000  0.9294E+01  0.2682E+00
 1940.0000   10.0000  0.8286E+01  0.3018E+00
 1940.0000   20.0000  0.5886E+01  0.3505E+00
 1940.0000   30.0000  0.3358E+01  0.3260E+00
 1940.0000   40.0000  0.1553E+01  0.2227E+00
 1940.0000   50.0000  0.5600E+00  0.1309E+00
 1940.0000   60.0000  0.1324E+00  0.1271E+00
 1940.0000   70.0000  0.5763E-01  0.1837E+00
 1940.0000   80.0000  0.1589E+00  0.2151E+00
 1940.0000   90.0000  0.2576E+00  0.1925E+00
 1940.0000  100.0000  0.2796E+00  0.1715E+00
 1940.0000  110.0000  0.2735E+00  0.2033E+00
 1940.0000  120.0000  0.2720E+00  0.2626E+00
 1940.0000  130.0000  0.2354E+00  0.2870E+00
 1940.0000  140.0000  0.1608E+00  0.2593E+00
 1940.0000  150.0000  0.1356E+00  0.2209E+00
 1940.0000  160.0000  0.2269E+00  0.2127E+00
 1940.0000  170.0000  0.3755E+00  0.2311E+00
 1940.0000  179.9000  0.4477E+00  0.2432E+00
 1950.0000    0.1000  0.9270E+01  0.3247E+00
 1950.0000   10.0000  0.8256E+01  0.3420E+00
 1950.0000   20.0000  0.5846E+01  0.3569E+00
 1950.0000   30.0000  0.3316E+01  0.3088E+00
 1950.0000   40.0000  0.1519E+01  0.2019E+00
 1950.0000   50.0000  0.5401E+00  0.1148E+00
 1950.0000   60.0000  0.1253E+00  0.1132E+00
 1950.0000   70.0000  0.5886E-01  0.1718E+00
 1950.0000   80.0000  0.1605E+00  0.2096E+00
 1950.0000   90.0000  0.2530E+00  0.1931E+00
 1950.0000  100.0000  0.2696E+00  0.1698E+00
 1950.0000  110.0000  0.2632E+00  0.1928E+00
 1950.0000  120.0000  0.2616E+00  0.2470E+00
 1950.0000  130.0000  0.2210E+00  0.2735E+00
 1950.0000  140.0000  0.1421E+00  0.2482E+00
 1950.0000  150.0000  0.1177E+00  0.2046E+00
 1950.0000  160.0000  0.2130E+00  0.1848E+00
 1950.0000  170.0000  0.3640E+00  0.1922E+00
 1950.0000  179.9000  0.4366E+00  0.2000E+00
 1960.0000    0.1000  0.9256E+01  0.3798E+00
 1960.0000   10.0000  0.8235E+01  0.3818E+00
 1960.0000   20.0000  0.5810E+01  0.3648E+00
 1960.0000   30.0000  0.3276E+01  0.2939E+00
 1960.0000   40.0000  0.1488E+01  0.1829E+00
 1960.0000   50.0000  0.5223E+00  0.1002E+00
 1960.0000   60.0000  0.1192E+00  0.1009E+00
 1960.0000   70.0000  0.6020E-01  0.1609E+00
 1960.0000   80.0000  0.1626E+00  0.2037E+00
 1960.0000   90.0000  0.2498E+00  0.1920E+00
 1960.0000  100.0000  0.2608E+00  0.1667E+00
 1960.0000  110.0000  0.2529E+00  0.1824E+00
 1960.0000  120.0000  0.2510E+00  0.2320E+00
 1960.0000  130.0000  0.2077E+00  0.2599E+00
 1960.0000  140.0000  0.1262E+00  0.2362E+00
 1960.0000  150.0000  0.1027E+00  0.1884E+00
 1960.0000  160.0000  0.2000E+00  0.1597E+00
 1960.0000  170.0000  0.3506E+00  0.1592E+00
 1960.0000  179.9000  0.4222E+00  0.1640E+00
 1970.0000    0.1000  0.9262E+01  0.4326E+00
 1970.0000   10.0000  0.8229E+01  0.4205E+00
 1970.0000   20.0000  0.5783E+01  0.3738E+00
 1970.0000   30.0000  0.3239E+01  0.2813E+00
 1970.0000   40.0000  0.1458E+01  0.1658E+00
 1970.0000   50.0000  0.5059E+00  0.8702E-01
 1970.0000   60.0000  0.1137E+00  0.9009E-01
 1970.0000   70.0000  0.6152E-01  0.1513E+00
 1970.0000   80.0000  0.1652E+00  0.1978E+00
 1970.0000   90.0000  0.2479E+00  0.1897E+00
 1970.0000  100.0000  0.2533E+00  0.1627E+00
 1970.0000  110.0000  0.2430E+00  0.1724E+00
 1970.0000  120.0000  0.2405E+00  0.2182E+00
 1970.0000  130.0000  0.1952E+00  0.2468E+00
 1970.0000  140.0000  0.1124E+00  0.2238E+00
 1970.0000  150.0000  0.9005E-01  0.1726E+00
 1970.0000  160.0000  0.1878E+00  0.1374E+00
 1970.0000  170.0000  0.3358E+00  0.1315E+00
 1970.0000  179.9000  0.4055E+00  0.1344E+00
 1980.0000    0.1000  0.9291E+01  0.4825E+00
 1980.0000   10.0000  0.8243E+01  0.4575E+00
 1980.0000   20.0000  0.5767E+01  0.3836E+00
 1980.0000   30.0000  0.3206E+01  0.2708E+00
 1980.0000   40.0000  0.1429E+01  0.1506E+00
 1980.0000   50.0000  0.4900E+00  0.7536E-01
 1980.0000   60.0000  0.1085E+00  0.8089E-01
 1980.0000   70.0000  0.6281E-01  0.1431E+00
 1980.0000   80.0000  0.1683E+00  0.1921E+00
 1980.0000   90.0000  0.2473E+00  0.1866E+00
 1980.0000  100.0000  0.2469E+00  0.1580E+00
 1980.0000  110.0000  0.2337E+00  0.1629E+00
 1980.0000  120.0000  0.2301E+00  0.2055E+00
 1980.0000  130.0000  0.1836E+00  0.2344E+00
 1980.0000  140.0000  0.1003E+00  0.2116E+00
 1980.0000  150.0000  0.7924E-01  0.1575E+00
 1980.0000  160.0000  0.1764E+00  0.1176E+00
 1980.0000  170.0000  0.3203E+00  0.1082E+00
 1980.0000  179.9000  0.3873E+00  0.1100E+00
 1990.0000    0.1000  0.9346E+01  0.5291E+00
 1990.0000   10.0000  0.8278E+01  0.4924E+00
 1990.0000   20.0000  0.5762E+01  0.3938E+00
 1990.0000   30.0000  0.3177E+01  0.2620E+00
 1990.0000   40.0000  0.1401E+01  0.1371E+00
 1990.0000   50.0000  0.4743E+00  0.6510E-01
 1990.0000   60.0000  0.1033E+00  0.7316E-01
 1990.0000   70.0000  0.6406E-01  0.1361E+00
 1990.0000   80.0000  0.1719E+00  0.1867E+00
 1990.0000   90.0000  0.2478E+00  0.1828E+00
 1990.0000  100.0000  0.2418E+00  0.1529E+00
 1990.0000  110.0000  0.2249E+00  0.1541E+00
 1990.0000  120.0000  0.2201E+00  0.1942E+00
 1990.0000  130.0000  0.1725E+00  0.2229E+00
 1990.0000  140.0000  0.8948E-01  0.1999E+00
 1990.0000  150.0000  0.6993E-01  0.1432E+00
 1990.0000  160.0000  0.1658E+00  0.1000E+00
 1990.0000  170.0000  0.3044E+00  0.8876E-01
 1990.0000  179.9000  0.3681E+00  0.9011E-01
 2000.0000    0.1000  0.9427E+01  0.5723E+00
 2000.0000   10.0000  0.8335E+01  0.5250E+00
 2000.0000   20.0000  0.5770E+01  0.4038E+00
 2000.0000   30.0000  0.3152E+01  0.2545E+00
 2000.0000   40.0000  0.1373E+01  0.1251E+00
 2000.0000   50.0000  0.4583E+00  0.5614E-01
 2000.0000   60.0000  0.9794E-01  0.6682E-01
 2000.0000   70.0000  0.6530E-01  0.1304E+00
 2000.0000   80.0000  0.1759E+00  0.1817E+00
 2000.0000   90.0000  0.2492E+00  0.1786E+00
 2000.0000  100.0000  0.2377E+00  0.1475E+00
 2000.0000  110.0000  0.2169E+00  0.1458E+00
 2000.0000  120.0000  0.2103E+00  0.1840E+00
 2000.0000  130.0000  0.1619E+00  0.2124E+00
 2000.0000  140.0000  0.7963E-01  0.1886E+00
 2000.0000  150.0000  0.6186E-01  0.1298E+00
 2000.0000  160.0000  0.1560E+00  0.8446E-01
 2000.0000  170.0000  0.2885E+00  0.7239E-01
 2000.0000  179.9000  0.3484E+00  0.7373E-01
